[2026-05-12T04:34:46.180+0000] {local_task_job_runner.py:120} INFO - ::group::Pre task execution logs
[2026-05-12T04:34:46.199+0000] {taskinstance.py:2076} INFO - Dependencies all met for dep_context=non-requeueable deps ti=<TaskInstance: flights_ops_medallion_pipe.gold_aggregate manual__2026-05-12T04:34:34.874733+00:00 [queued]>
[2026-05-12T04:34:46.203+0000] {taskinstance.py:2076} INFO - Dependencies all met for dep_context=requeueable deps ti=<TaskInstance: flights_ops_medallion_pipe.gold_aggregate manual__2026-05-12T04:34:34.874733+00:00 [queued]>
[2026-05-12T04:34:46.204+0000] {taskinstance.py:2306} INFO - Starting attempt 1 of 1
[2026-05-12T04:34:46.211+0000] {taskinstance.py:2330} INFO - Executing <Task(PythonOperator): gold_aggregate> on 2026-05-12 04:34:34.874733+00:00
[2026-05-12T04:34:46.218+0000] {standard_task_runner.py:90} INFO - Running: ['airflow', 'tasks', 'run', '***_ops_medallion_pipe', 'gold_aggregate', 'manual__2026-05-12T04:34:34.874733+00:00', '--job-id', '96', '--raw', '--subdir', 'DAGS_FOLDER/flight-pipeline.py', '--cfg-path', '/tmp/tmphoqy502m']
[2026-05-12T04:34:46.219+0000] {standard_task_runner.py:91} INFO - Job 96: Subtask gold_aggregate
[2026-05-12T04:34:46.219+0000] {logging_mixin.py:188} WARNING - /home/airflow/.local/lib/python3.12/site-packages/airflow/task/task_runner/standard_task_runner.py:62 DeprecationWarning: This process (pid=3387) is multi-threaded, use of fork() may lead to deadlocks in the child.
[2026-05-12T04:34:46.219+0000] {standard_task_runner.py:64} INFO - Started process 3400 to run task
[2026-05-12T04:34:46.247+0000] {task_command.py:426} INFO - Running <TaskInstance: flights_ops_medallion_pipe.gold_aggregate manual__2026-05-12T04:34:34.874733+00:00 [running]> on host 78d4856cd6c9
[2026-05-12T04:34:46.301+0000] {taskinstance.py:2648} INFO - Exporting env vars: AIRFLOW_CTX_DAG_OWNER='airflow' AIRFLOW_CTX_DAG_ID='***_ops_medallion_pipe' AIRFLOW_CTX_TASK_ID='gold_aggregate' AIRFLOW_CTX_EXECUTION_DATE='2026-05-12T04:34:34.874733+00:00' AIRFLOW_CTX_TRY_NUMBER='1' AIRFLOW_CTX_DAG_RUN_ID='manual__2026-05-12T04:34:34.874733+00:00'
[2026-05-12T04:34:46.302+0000] {taskinstance.py:430} INFO - ::endgroup::
[2026-05-12T04:34:46.338+0000] {taskinstance.py:441} INFO - ::group::Post task execution logs
[2026-05-12T04:34:46.338+0000] {taskinstance.py:2905} ERROR - Task failed with exception
Traceback (most recent call last):
  File "/home/airflow/.local/lib/python3.12/site-packages/airflow/models/taskinstance.py", line 465, in _execute_task
    result = _execute_callable(context=context, **execute_callable_kwargs)
             ^^^^^^^^^^^^^^^^^^^^^^^^^^^^^^^^^^^^^^^^^^^^^^^^^^^^^^^^^^^^^
  File "/home/airflow/.local/lib/python3.12/site-packages/airflow/models/taskinstance.py", line 432, in _execute_callable
    return execute_callable(context=context, **execute_callable_kwargs)
           ^^^^^^^^^^^^^^^^^^^^^^^^^^^^^^^^^^^^^^^^^^^^^^^^^^^^^^^^^^^^
  File "/home/airflow/.local/lib/python3.12/site-packages/airflow/models/baseoperator.py", line 401, in wrapper
    return func(self, *args, **kwargs)
           ^^^^^^^^^^^^^^^^^^^^^^^^^^^
  File "/home/airflow/.local/lib/python3.12/site-packages/airflow/operators/python.py", line 235, in execute
    return_value = self.execute_callable()
                   ^^^^^^^^^^^^^^^^^^^^^^^
  File "/home/airflow/.local/lib/python3.12/site-packages/airflow/operators/python.py", line 252, in execute_callable
    return self.python_callable(*self.op_args, **self.op_kwargs)
           ^^^^^^^^^^^^^^^^^^^^^^^^^^^^^^^^^^^^^^^^^^^^^^^^^^^^^
  File "/opt/airflow/scripts/gold/gold_aggregate.py", line 25, in run_gold_aggregate
    agg.to_csv(gold_path, index=False)
  File "/home/airflow/.local/lib/python3.12/site-packages/pandas/core/generic.py", line 3902, in to_csv
    return DataFrameRenderer(formatter).to_csv(
           ^^^^^^^^^^^^^^^^^^^^^^^^^^^^^^^^^^^^
  File "/home/airflow/.local/lib/python3.12/site-packages/pandas/io/formats/format.py", line 1152, in to_csv
    csv_formatter.save()
  File "/home/airflow/.local/lib/python3.12/site-packages/pandas/io/formats/csvs.py", line 247, in save
    with get_handle(
         ^^^^^^^^^^^
  File "/home/airflow/.local/lib/python3.12/site-packages/pandas/io/common.py", line 863, in get_handle
    handle = open(
             ^^^^^
IsADirectoryError: [Errno 21] Is a directory: '/opt/airflow/data/gold/flights_gold_20260512.csv'
[2026-05-12T04:34:46.347+0000] {taskinstance.py:1206} INFO - Marking task as FAILED. dag_id=***_ops_medallion_pipe, task_id=gold_aggregate, run_id=manual__2026-05-12T04:34:34.874733+00:00, execution_date=20260512T043434, start_date=20260512T043446, end_date=20260512T043446
[2026-05-12T04:34:46.353+0000] {standard_task_runner.py:110} ERROR - Failed to execute job 96 for task gold_aggregate ([Errno 21] Is a directory: '/opt/airflow/data/gold/flights_gold_20260512.csv'; 3400)
[2026-05-12T04:34:46.392+0000] {local_task_job_runner.py:243} INFO - Task exited with return code 1
[2026-05-12T04:34:46.403+0000] {taskinstance.py:3503} INFO - 0 downstream tasks scheduled from follow-on schedule check
[2026-05-12T04:34:46.404+0000] {local_task_job_runner.py:222} INFO - ::endgroup::
