[2026-05-12T06:22:30.512+0000] {local_task_job_runner.py:120} INFO - ::group::Pre task execution logs
[2026-05-12T06:22:30.532+0000] {taskinstance.py:2076} INFO - Dependencies all met for dep_context=non-requeueable deps ti=<TaskInstance: flights_ops_medallion_pipe.silver_transform manual__2026-05-12T06:22:19.609716+00:00 [queued]>
[2026-05-12T06:22:30.537+0000] {taskinstance.py:2076} INFO - Dependencies all met for dep_context=requeueable deps ti=<TaskInstance: flights_ops_medallion_pipe.silver_transform manual__2026-05-12T06:22:19.609716+00:00 [queued]>
[2026-05-12T06:22:30.537+0000] {taskinstance.py:2306} INFO - Starting attempt 1 of 1
[2026-05-12T06:22:30.544+0000] {taskinstance.py:2330} INFO - Executing <Task(PythonOperator): silver_transform> on 2026-05-12 06:22:19.609716+00:00
[2026-05-12T06:22:30.550+0000] {standard_task_runner.py:90} INFO - Running: ['airflow', 'tasks', 'run', '***_ops_medallion_pipe', 'silver_transform', 'manual__2026-05-12T06:22:19.609716+00:00', '--job-id', '116', '--raw', '--subdir', 'DAGS_FOLDER/flight-pipeline.py', '--cfg-path', '/tmp/tmp92xytzpm']
[2026-05-12T06:22:30.552+0000] {standard_task_runner.py:91} INFO - Job 116: Subtask silver_transform
[2026-05-12T06:22:30.552+0000] {logging_mixin.py:188} WARNING - /home/airflow/.local/lib/python3.12/site-packages/airflow/task/task_runner/standard_task_runner.py:62 DeprecationWarning: This process (pid=4106) is multi-threaded, use of fork() may lead to deadlocks in the child.
[2026-05-12T06:22:30.552+0000] {standard_task_runner.py:64} INFO - Started process 4120 to run task
[2026-05-12T06:22:30.580+0000] {task_command.py:426} INFO - Running <TaskInstance: flights_ops_medallion_pipe.silver_transform manual__2026-05-12T06:22:19.609716+00:00 [running]> on host 78d4856cd6c9
[2026-05-12T06:22:30.634+0000] {taskinstance.py:2648} INFO - Exporting env vars: AIRFLOW_CTX_DAG_OWNER='airflow' AIRFLOW_CTX_DAG_ID='***_ops_medallion_pipe' AIRFLOW_CTX_TASK_ID='silver_transform' AIRFLOW_CTX_EXECUTION_DATE='2026-05-12T06:22:19.609716+00:00' AIRFLOW_CTX_TRY_NUMBER='1' AIRFLOW_CTX_DAG_RUN_ID='manual__2026-05-12T06:22:19.609716+00:00'
[2026-05-12T06:22:30.634+0000] {taskinstance.py:430} INFO - ::endgroup::
[2026-05-12T06:22:30.673+0000] {logging_mixin.py:188} INFO -       icao24 origin_country  velocity  on_ground
0     39de4e         France    217.46      False
1     4b1817    Switzerland     12.35       True
2     4b1819    Switzerland     10.80       True
3     80162a          India    103.33      False
4     39de4b         France    271.46      False
...      ...            ...       ...        ...
5503  850fb6          Japan    187.56      False
5504  a79531  United States    133.76      False
5505  a6d83c  United States    243.15      False
5506  c067ae         Canada    234.65      False
5507  c00734         Canada    225.56      False

[5508 rows x 4 columns]
[2026-05-12T06:22:30.689+0000] {logging_mixin.py:188} INFO - check bronze_fileL:  /opt/airflow/data/bronze/flight_20260512062227.json
[2026-05-12T06:22:30.689+0000] {logging_mixin.py:188} INFO - check biến execution date:  20260512
[2026-05-12T06:22:30.690+0000] {python.py:237} INFO - Done. Returned value was: None
[2026-05-12T06:22:30.691+0000] {taskinstance.py:441} INFO - ::group::Post task execution logs
[2026-05-12T06:22:30.697+0000] {taskinstance.py:1206} INFO - Marking task as SUCCESS. dag_id=***_ops_medallion_pipe, task_id=silver_transform, run_id=manual__2026-05-12T06:22:19.609716+00:00, execution_date=20260512T062219, start_date=20260512T062230, end_date=20260512T062230
[2026-05-12T06:22:30.725+0000] {local_task_job_runner.py:243} INFO - Task exited with return code 0
[2026-05-12T06:22:30.740+0000] {taskinstance.py:3503} INFO - 1 downstream tasks scheduled from follow-on schedule check
[2026-05-12T06:22:30.741+0000] {local_task_job_runner.py:222} INFO - ::endgroup::
