[2026-05-12T06:49:25.027+0000] {local_task_job_runner.py:120} INFO - ::group::Pre task execution logs
[2026-05-12T06:49:25.046+0000] {taskinstance.py:2076} INFO - Dependencies all met for dep_context=non-requeueable deps ti=<TaskInstance: flights_ops_medallion_pipe.silver_transform manual__2026-05-12T06:49:16.252889+00:00 [queued]>
[2026-05-12T06:49:25.050+0000] {taskinstance.py:2076} INFO - Dependencies all met for dep_context=requeueable deps ti=<TaskInstance: flights_ops_medallion_pipe.silver_transform manual__2026-05-12T06:49:16.252889+00:00 [queued]>
[2026-05-12T06:49:25.050+0000] {taskinstance.py:2306} INFO - Starting attempt 1 of 1
[2026-05-12T06:49:25.057+0000] {taskinstance.py:2330} INFO - Executing <Task(PythonOperator): silver_transform> on 2026-05-12 06:49:16.252889+00:00
[2026-05-12T06:49:25.063+0000] {standard_task_runner.py:90} INFO - Running: ['airflow', 'tasks', 'run', '***_ops_medallion_pipe', 'silver_transform', 'manual__2026-05-12T06:49:16.252889+00:00', '--job-id', '128', '--raw', '--subdir', 'DAGS_FOLDER/flight-pipeline.py', '--cfg-path', '/tmp/tmpwtk1zphp']
[2026-05-12T06:49:25.064+0000] {standard_task_runner.py:91} INFO - Job 128: Subtask silver_transform
[2026-05-12T06:49:25.064+0000] {logging_mixin.py:188} WARNING - /home/airflow/.local/lib/python3.12/site-packages/airflow/task/task_runner/standard_task_runner.py:62 DeprecationWarning: This process (pid=4445) is multi-threaded, use of fork() may lead to deadlocks in the child.
[2026-05-12T06:49:25.065+0000] {standard_task_runner.py:64} INFO - Started process 4459 to run task
[2026-05-12T06:49:25.091+0000] {task_command.py:426} INFO - Running <TaskInstance: flights_ops_medallion_pipe.silver_transform manual__2026-05-12T06:49:16.252889+00:00 [running]> on host 78d4856cd6c9
[2026-05-12T06:49:25.142+0000] {taskinstance.py:2648} INFO - Exporting env vars: AIRFLOW_CTX_DAG_OWNER='airflow' AIRFLOW_CTX_DAG_ID='***_ops_medallion_pipe' AIRFLOW_CTX_TASK_ID='silver_transform' AIRFLOW_CTX_EXECUTION_DATE='2026-05-12T06:49:16.252889+00:00' AIRFLOW_CTX_TRY_NUMBER='1' AIRFLOW_CTX_DAG_RUN_ID='manual__2026-05-12T06:49:16.252889+00:00'
[2026-05-12T06:49:25.143+0000] {taskinstance.py:430} INFO - ::endgroup::
[2026-05-12T06:49:25.179+0000] {logging_mixin.py:188} INFO -       icao24 origin_country  velocity  on_ground
0     39de4e         France    209.85      False
1     80162d          India    234.37      False
2     80162a          India    133.48      False
3     aa8c39  United States      1.29       True
4     7c6b2f      Australia    224.52      False
...      ...            ...       ...        ...
5489  a79531  United States    130.69      False
5490  a625d8  United States     47.64      False
5491  4403f0        Austria    119.57      False
5492  a6d83c  United States    246.38      False
5493  c067ae         Canada      0.00       True

[5494 rows x 4 columns]
[2026-05-12T06:49:25.193+0000] {logging_mixin.py:188} INFO - check bronze_fileL:  /opt/airflow/data/bronze/flight_20260512064922.json
[2026-05-12T06:49:25.194+0000] {logging_mixin.py:188} INFO - check biến execution date:  20260512
[2026-05-12T06:49:25.195+0000] {python.py:237} INFO - Done. Returned value was: None
[2026-05-12T06:49:25.195+0000] {taskinstance.py:441} INFO - ::group::Post task execution logs
[2026-05-12T06:49:25.201+0000] {taskinstance.py:1206} INFO - Marking task as SUCCESS. dag_id=***_ops_medallion_pipe, task_id=silver_transform, run_id=manual__2026-05-12T06:49:16.252889+00:00, execution_date=20260512T064916, start_date=20260512T064925, end_date=20260512T064925
[2026-05-12T06:49:25.237+0000] {local_task_job_runner.py:243} INFO - Task exited with return code 0
[2026-05-12T06:49:25.252+0000] {taskinstance.py:3503} INFO - 1 downstream tasks scheduled from follow-on schedule check
[2026-05-12T06:49:25.253+0000] {local_task_job_runner.py:222} INFO - ::endgroup::
