[2026-05-12T01:30:02.820+0000] {local_task_job_runner.py:120} INFO - ::group::Pre task execution logs
[2026-05-12T01:30:02.837+0000] {taskinstance.py:2076} INFO - Dependencies all met for dep_context=non-requeueable deps ti=<TaskInstance: flights_ops_medallion_pipe.bronze_ingest scheduled__2026-05-12T01:00:00+00:00 [queued]>
[2026-05-12T01:30:02.841+0000] {taskinstance.py:2076} INFO - Dependencies all met for dep_context=requeueable deps ti=<TaskInstance: flights_ops_medallion_pipe.bronze_ingest scheduled__2026-05-12T01:00:00+00:00 [queued]>
[2026-05-12T01:30:02.841+0000] {taskinstance.py:2306} INFO - Starting attempt 1 of 1
[2026-05-12T01:30:02.848+0000] {taskinstance.py:2330} INFO - Executing <Task(PythonOperator): bronze_ingest> on 2026-05-12 01:00:00+00:00
[2026-05-12T01:30:02.853+0000] {standard_task_runner.py:90} INFO - Running: ['airflow', 'tasks', 'run', '***_ops_medallion_pipe', 'bronze_ingest', 'scheduled__2026-05-12T01:00:00+00:00', '--job-id', '60', '--raw', '--subdir', 'DAGS_FOLDER/flight-pipeline.py', '--cfg-path', '/tmp/tmpvbxhzzox']
[2026-05-12T01:30:02.855+0000] {standard_task_runner.py:91} INFO - Job 60: Subtask bronze_ingest
[2026-05-12T01:30:02.855+0000] {logging_mixin.py:188} WARNING - /home/airflow/.local/lib/python3.12/site-packages/airflow/task/task_runner/standard_task_runner.py:62 DeprecationWarning: This process (pid=2143) is multi-threaded, use of fork() may lead to deadlocks in the child.
[2026-05-12T01:30:02.855+0000] {standard_task_runner.py:64} INFO - Started process 2156 to run task
[2026-05-12T01:30:02.882+0000] {task_command.py:426} INFO - Running <TaskInstance: flights_ops_medallion_pipe.bronze_ingest scheduled__2026-05-12T01:00:00+00:00 [running]> on host 78d4856cd6c9
[2026-05-12T01:30:02.930+0000] {taskinstance.py:2648} INFO - Exporting env vars: AIRFLOW_CTX_DAG_OWNER='airflow' AIRFLOW_CTX_DAG_ID='***_ops_medallion_pipe' AIRFLOW_CTX_TASK_ID='bronze_ingest' AIRFLOW_CTX_EXECUTION_DATE='2026-05-12T01:00:00+00:00' AIRFLOW_CTX_TRY_NUMBER='1' AIRFLOW_CTX_DAG_RUN_ID='scheduled__2026-05-12T01:00:00+00:00'
[2026-05-12T01:30:02.931+0000] {taskinstance.py:430} INFO - ::endgroup::
[2026-05-12T01:30:16.472+0000] {logging_mixin.py:188} INFO - 

 xem giá trị timestamp:  20260512013016
[2026-05-12T01:30:16.573+0000] {python.py:237} INFO - Done. Returned value was: None
[2026-05-12T01:30:16.574+0000] {taskinstance.py:441} INFO - ::group::Post task execution logs
[2026-05-12T01:30:16.580+0000] {taskinstance.py:1206} INFO - Marking task as SUCCESS. dag_id=***_ops_medallion_pipe, task_id=bronze_ingest, run_id=scheduled__2026-05-12T01:00:00+00:00, execution_date=20260512T010000, start_date=20260512T013002, end_date=20260512T013016
[2026-05-12T01:30:16.627+0000] {local_task_job_runner.py:243} INFO - Task exited with return code 0
[2026-05-12T01:30:16.638+0000] {taskinstance.py:3503} INFO - 1 downstream tasks scheduled from follow-on schedule check
[2026-05-12T01:30:16.639+0000] {local_task_job_runner.py:222} INFO - ::endgroup::
