[2026-05-12T01:05:17.742+0000] {local_task_job_runner.py:120} INFO - ::group::Pre task execution logs
[2026-05-12T01:05:17.760+0000] {taskinstance.py:2076} INFO - Dependencies all met for dep_context=non-requeueable deps ti=<TaskInstance: flights_ops_medallion_pipe.silver_transform manual__2026-05-12T01:05:07.749725+00:00 [queued]>
[2026-05-12T01:05:17.763+0000] {taskinstance.py:2076} INFO - Dependencies all met for dep_context=requeueable deps ti=<TaskInstance: flights_ops_medallion_pipe.silver_transform manual__2026-05-12T01:05:07.749725+00:00 [queued]>
[2026-05-12T01:05:17.764+0000] {taskinstance.py:2306} INFO - Starting attempt 1 of 1
[2026-05-12T01:05:17.770+0000] {taskinstance.py:2330} INFO - Executing <Task(PythonOperator): silver_transform> on 2026-05-12 01:05:07.749725+00:00
[2026-05-12T01:05:17.776+0000] {standard_task_runner.py:90} INFO - Running: ['airflow', 'tasks', 'run', '***_ops_medallion_pipe', 'silver_transform', 'manual__2026-05-12T01:05:07.749725+00:00', '--job-id', '55', '--raw', '--subdir', 'DAGS_FOLDER/flight-pipeline.py', '--cfg-path', '/tmp/tmp1v77u4vu']
[2026-05-12T01:05:17.777+0000] {standard_task_runner.py:91} INFO - Job 55: Subtask silver_transform
[2026-05-12T01:05:17.777+0000] {logging_mixin.py:188} WARNING - /home/airflow/.local/lib/python3.12/site-packages/airflow/task/task_runner/standard_task_runner.py:62 DeprecationWarning: This process (pid=1975) is multi-threaded, use of fork() may lead to deadlocks in the child.
[2026-05-12T01:05:17.778+0000] {standard_task_runner.py:64} INFO - Started process 1988 to run task
[2026-05-12T01:05:17.803+0000] {task_command.py:426} INFO - Running <TaskInstance: flights_ops_medallion_pipe.silver_transform manual__2026-05-12T01:05:07.749725+00:00 [running]> on host 78d4856cd6c9
[2026-05-12T01:05:17.850+0000] {taskinstance.py:2648} INFO - Exporting env vars: AIRFLOW_CTX_DAG_OWNER='airflow' AIRFLOW_CTX_DAG_ID='***_ops_medallion_pipe' AIRFLOW_CTX_TASK_ID='silver_transform' AIRFLOW_CTX_EXECUTION_DATE='2026-05-12T01:05:07.749725+00:00' AIRFLOW_CTX_TRY_NUMBER='1' AIRFLOW_CTX_DAG_RUN_ID='manual__2026-05-12T01:05:07.749725+00:00'
[2026-05-12T01:05:17.850+0000] {taskinstance.py:430} INFO - ::endgroup::
[2026-05-12T01:05:17.897+0000] {taskinstance.py:441} INFO - ::group::Post task execution logs
[2026-05-12T01:05:17.897+0000] {taskinstance.py:2905} ERROR - Task failed with exception
Traceback (most recent call last):
  File "/home/airflow/.local/lib/python3.12/site-packages/airflow/models/taskinstance.py", line 465, in _execute_task
    result = _execute_callable(context=context, **execute_callable_kwargs)
             ^^^^^^^^^^^^^^^^^^^^^^^^^^^^^^^^^^^^^^^^^^^^^^^^^^^^^^^^^^^^^
  File "/home/airflow/.local/lib/python3.12/site-packages/airflow/models/taskinstance.py", line 432, in _execute_callable
    return execute_callable(context=context, **execute_callable_kwargs)
           ^^^^^^^^^^^^^^^^^^^^^^^^^^^^^^^^^^^^^^^^^^^^^^^^^^^^^^^^^^^^
  File "/home/airflow/.local/lib/python3.12/site-packages/airflow/models/baseoperator.py", line 401, in wrapper
    return func(self, *args, **kwargs)
           ^^^^^^^^^^^^^^^^^^^^^^^^^^^
  File "/home/airflow/.local/lib/python3.12/site-packages/airflow/operators/python.py", line 235, in execute
    return_value = self.execute_callable()
                   ^^^^^^^^^^^^^^^^^^^^^^^
  File "/home/airflow/.local/lib/python3.12/site-packages/airflow/operators/python.py", line 252, in execute_callable
    return self.python_callable(*self.op_args, **self.op_kwargs)
           ^^^^^^^^^^^^^^^^^^^^^^^^^^^^^^^^^^^^^^^^^^^^^^^^^^^^^
  File "/opt/airflow/scripts/silver/silver_transform.py", line 24, in run_silver_transform
    df_raw.show()
    ^^^^^^^^^^^
  File "/home/airflow/.local/lib/python3.12/site-packages/pandas/core/generic.py", line 6204, in __getattr__
    return object.__getattribute__(self, name)
           ^^^^^^^^^^^^^^^^^^^^^^^^^^^^^^^^^^^
AttributeError: 'DataFrame' object has no attribute 'show'
[2026-05-12T01:05:17.907+0000] {taskinstance.py:1206} INFO - Marking task as FAILED. dag_id=***_ops_medallion_pipe, task_id=silver_transform, run_id=manual__2026-05-12T01:05:07.749725+00:00, execution_date=20260512T010507, start_date=20260512T010517, end_date=20260512T010517
[2026-05-12T01:05:17.912+0000] {standard_task_runner.py:110} ERROR - Failed to execute job 55 for task silver_transform ('DataFrame' object has no attribute 'show'; 1988)
[2026-05-12T01:05:17.950+0000] {local_task_job_runner.py:243} INFO - Task exited with return code 1
[2026-05-12T01:05:17.960+0000] {taskinstance.py:3503} INFO - 0 downstream tasks scheduled from follow-on schedule check
[2026-05-12T01:05:17.961+0000] {local_task_job_runner.py:222} INFO - ::endgroup::
