[2026-05-10T14:30:02.448+0000] {local_task_job_runner.py:120} INFO - ::group::Pre task execution logs
[2026-05-10T14:30:02.467+0000] {taskinstance.py:2076} INFO - Dependencies all met for dep_context=non-requeueable deps ti=<TaskInstance: flights_ops_medallion_pipe.bronze_ingest scheduled__2026-05-10T14:00:00+00:00 [queued]>
[2026-05-10T14:30:02.471+0000] {taskinstance.py:2076} INFO - Dependencies all met for dep_context=requeueable deps ti=<TaskInstance: flights_ops_medallion_pipe.bronze_ingest scheduled__2026-05-10T14:00:00+00:00 [queued]>
[2026-05-10T14:30:02.471+0000] {taskinstance.py:2306} INFO - Starting attempt 1 of 1
[2026-05-10T14:30:02.478+0000] {taskinstance.py:2330} INFO - Executing <Task(PythonOperator): bronze_ingest> on 2026-05-10 14:00:00+00:00
[2026-05-10T14:30:02.481+0000] {standard_task_runner.py:64} INFO - Started process 58 to run task
[2026-05-10T14:30:02.482+0000] {standard_task_runner.py:90} INFO - Running: ['airflow', 'tasks', 'run', '***_ops_medallion_pipe', 'bronze_ingest', 'scheduled__2026-05-10T14:00:00+00:00', '--job-id', '3', '--raw', '--subdir', 'DAGS_FOLDER/flight-pipeline.py', '--cfg-path', '/tmp/tmp13ktgpbc']
[2026-05-10T14:30:02.484+0000] {standard_task_runner.py:91} INFO - Job 3: Subtask bronze_ingest
[2026-05-10T14:30:02.515+0000] {task_command.py:426} INFO - Running <TaskInstance: flights_ops_medallion_pipe.bronze_ingest scheduled__2026-05-10T14:00:00+00:00 [running]> on host be2ffdc03e12
[2026-05-10T14:30:02.567+0000] {taskinstance.py:2648} INFO - Exporting env vars: AIRFLOW_CTX_DAG_OWNER='airflow' AIRFLOW_CTX_DAG_ID='***_ops_medallion_pipe' AIRFLOW_CTX_TASK_ID='bronze_ingest' AIRFLOW_CTX_EXECUTION_DATE='2026-05-10T14:00:00+00:00' AIRFLOW_CTX_TRY_NUMBER='1' AIRFLOW_CTX_DAG_RUN_ID='scheduled__2026-05-10T14:00:00+00:00'
[2026-05-10T14:30:02.567+0000] {taskinstance.py:430} INFO - ::endgroup::
[2026-05-10T14:30:06.040+0000] {taskinstance.py:441} INFO - ::group::Post task execution logs
[2026-05-10T14:30:06.040+0000] {taskinstance.py:2905} ERROR - Task failed with exception
Traceback (most recent call last):
  File "/home/airflow/.local/lib/python3.12/site-packages/airflow/models/taskinstance.py", line 465, in _execute_task
    result = _execute_callable(context=context, **execute_callable_kwargs)
             ^^^^^^^^^^^^^^^^^^^^^^^^^^^^^^^^^^^^^^^^^^^^^^^^^^^^^^^^^^^^^
  File "/home/airflow/.local/lib/python3.12/site-packages/airflow/models/taskinstance.py", line 432, in _execute_callable
    return execute_callable(context=context, **execute_callable_kwargs)
           ^^^^^^^^^^^^^^^^^^^^^^^^^^^^^^^^^^^^^^^^^^^^^^^^^^^^^^^^^^^^
  File "/home/airflow/.local/lib/python3.12/site-packages/airflow/models/baseoperator.py", line 401, in wrapper
    return func(self, *args, **kwargs)
           ^^^^^^^^^^^^^^^^^^^^^^^^^^^
  File "/home/airflow/.local/lib/python3.12/site-packages/airflow/operators/python.py", line 235, in execute
    return_value = self.execute_callable()
                   ^^^^^^^^^^^^^^^^^^^^^^^
  File "/home/airflow/.local/lib/python3.12/site-packages/airflow/operators/python.py", line 252, in execute_callable
    return self.python_callable(*self.op_args, **self.op_kwargs)
           ^^^^^^^^^^^^^^^^^^^^^^^^^^^^^^^^^^^^^^^^^^^^^^^^^^^^^
  File "/opt/airflow/scripts/bronze/bronze_ingest.py", line 18, in run_bronze_ingestion
    path = path(f"/opt/airflow/data/bronze/flight_{timestamp}.json")
           ^^^^
UnboundLocalError: cannot access local variable 'path' where it is not associated with a value
[2026-05-10T14:30:06.047+0000] {taskinstance.py:1206} INFO - Marking task as FAILED. dag_id=***_ops_medallion_pipe, task_id=bronze_ingest, run_id=scheduled__2026-05-10T14:00:00+00:00, execution_date=20260510T140000, start_date=20260510T143002, end_date=20260510T143006
[2026-05-10T14:30:06.060+0000] {standard_task_runner.py:110} ERROR - Failed to execute job 3 for task bronze_ingest (cannot access local variable 'path' where it is not associated with a value; 58)
[2026-05-10T14:30:06.065+0000] {local_task_job_runner.py:243} INFO - Task exited with return code 1
[2026-05-10T14:30:06.076+0000] {taskinstance.py:3503} INFO - 0 downstream tasks scheduled from follow-on schedule check
[2026-05-10T14:30:06.077+0000] {local_task_job_runner.py:222} INFO - ::endgroup::
