[2026-05-11T07:55:46.460+0000] {local_task_job_runner.py:120} INFO - ::group::Pre task execution logs
[2026-05-11T07:55:46.481+0000] {taskinstance.py:2076} INFO - Dependencies all met for dep_context=non-requeueable deps ti=<TaskInstance: flights_ops_medallion_pipe.bronze_ingest scheduled__2026-05-11T07:00:00+00:00 [queued]>
[2026-05-11T07:55:46.485+0000] {taskinstance.py:2076} INFO - Dependencies all met for dep_context=requeueable deps ti=<TaskInstance: flights_ops_medallion_pipe.bronze_ingest scheduled__2026-05-11T07:00:00+00:00 [queued]>
[2026-05-11T07:55:46.486+0000] {taskinstance.py:2306} INFO - Starting attempt 1 of 1
[2026-05-11T07:55:46.493+0000] {taskinstance.py:2330} INFO - Executing <Task(PythonOperator): bronze_ingest> on 2026-05-11 07:00:00+00:00
[2026-05-11T07:55:46.497+0000] {standard_task_runner.py:64} INFO - Started process 56 to run task
[2026-05-11T07:55:46.498+0000] {standard_task_runner.py:90} INFO - Running: ['airflow', 'tasks', 'run', '***_ops_medallion_pipe', 'bronze_ingest', 'scheduled__2026-05-11T07:00:00+00:00', '--job-id', '11', '--raw', '--subdir', 'DAGS_FOLDER/flight-pipeline.py', '--cfg-path', '/tmp/tmpm1uuwhd6']
[2026-05-11T07:55:46.500+0000] {standard_task_runner.py:91} INFO - Job 11: Subtask bronze_ingest
[2026-05-11T07:55:46.531+0000] {task_command.py:426} INFO - Running <TaskInstance: flights_ops_medallion_pipe.bronze_ingest scheduled__2026-05-11T07:00:00+00:00 [running]> on host 78d4856cd6c9
[2026-05-11T07:55:46.585+0000] {taskinstance.py:2648} INFO - Exporting env vars: AIRFLOW_CTX_DAG_OWNER='airflow' AIRFLOW_CTX_DAG_ID='***_ops_medallion_pipe' AIRFLOW_CTX_TASK_ID='bronze_ingest' AIRFLOW_CTX_EXECUTION_DATE='2026-05-11T07:00:00+00:00' AIRFLOW_CTX_TRY_NUMBER='1' AIRFLOW_CTX_DAG_RUN_ID='scheduled__2026-05-11T07:00:00+00:00'
[2026-05-11T07:55:46.585+0000] {taskinstance.py:430} INFO - ::endgroup::
[2026-05-11T07:55:51.080+0000] {taskinstance.py:441} INFO - ::group::Post task execution logs
[2026-05-11T07:55:51.081+0000] {taskinstance.py:2905} ERROR - Task failed with exception
Traceback (most recent call last):
  File "/home/airflow/.local/lib/python3.12/site-packages/airflow/models/taskinstance.py", line 465, in _execute_task
    result = _execute_callable(context=context, **execute_callable_kwargs)
             ^^^^^^^^^^^^^^^^^^^^^^^^^^^^^^^^^^^^^^^^^^^^^^^^^^^^^^^^^^^^^
  File "/home/airflow/.local/lib/python3.12/site-packages/airflow/models/taskinstance.py", line 432, in _execute_callable
    return execute_callable(context=context, **execute_callable_kwargs)
           ^^^^^^^^^^^^^^^^^^^^^^^^^^^^^^^^^^^^^^^^^^^^^^^^^^^^^^^^^^^^
  File "/home/airflow/.local/lib/python3.12/site-packages/airflow/models/baseoperator.py", line 401, in wrapper
    return func(self, *args, **kwargs)
           ^^^^^^^^^^^^^^^^^^^^^^^^^^^
  File "/home/airflow/.local/lib/python3.12/site-packages/airflow/operators/python.py", line 235, in execute
    return_value = self.execute_callable()
                   ^^^^^^^^^^^^^^^^^^^^^^^
  File "/home/airflow/.local/lib/python3.12/site-packages/airflow/operators/python.py", line 252, in execute_callable
    return self.python_callable(*self.op_args, **self.op_kwargs)
           ^^^^^^^^^^^^^^^^^^^^^^^^^^^^^^^^^^^^^^^^^^^^^^^^^^^^^
  File "/opt/airflow/scripts/bronze/bronze_ingest.py", line 20, in run_bronze_ingestion
    with open(path, "w") as f:
         ^^^^^^^^^^^^^^^
FileNotFoundError: [Errno 2] No such file or directory: '/opt/airflow/data/bronze/flight_20260511075551.json'
[2026-05-11T07:55:51.087+0000] {taskinstance.py:1206} INFO - Marking task as FAILED. dag_id=***_ops_medallion_pipe, task_id=bronze_ingest, run_id=scheduled__2026-05-11T07:00:00+00:00, execution_date=20260511T070000, start_date=20260511T075546, end_date=20260511T075551
[2026-05-11T07:55:51.099+0000] {standard_task_runner.py:110} ERROR - Failed to execute job 11 for task bronze_ingest ([Errno 2] No such file or directory: '/opt/airflow/data/bronze/flight_20260511075551.json'; 56)
[2026-05-11T07:55:51.122+0000] {local_task_job_runner.py:243} INFO - Task exited with return code 1
[2026-05-11T07:55:51.133+0000] {taskinstance.py:3503} INFO - 0 downstream tasks scheduled from follow-on schedule check
[2026-05-11T07:55:51.134+0000] {local_task_job_runner.py:222} INFO - ::endgroup::
