[2026-05-12T04:30:12.107+0000] {local_task_job_runner.py:120} INFO - ::group::Pre task execution logs
[2026-05-12T04:30:12.124+0000] {taskinstance.py:2076} INFO - Dependencies all met for dep_context=non-requeueable deps ti=<TaskInstance: flights_ops_medallion_pipe.gold_aggregate scheduled__2026-05-12T04:00:00+00:00 [queued]>
[2026-05-12T04:30:12.128+0000] {taskinstance.py:2076} INFO - Dependencies all met for dep_context=requeueable deps ti=<TaskInstance: flights_ops_medallion_pipe.gold_aggregate scheduled__2026-05-12T04:00:00+00:00 [queued]>
[2026-05-12T04:30:12.128+0000] {taskinstance.py:2306} INFO - Starting attempt 1 of 1
[2026-05-12T04:30:12.135+0000] {taskinstance.py:2330} INFO - Executing <Task(PythonOperator): gold_aggregate> on 2026-05-12 04:00:00+00:00
[2026-05-12T04:30:12.141+0000] {standard_task_runner.py:90} INFO - Running: ['airflow', 'tasks', 'run', '***_ops_medallion_pipe', 'gold_aggregate', 'scheduled__2026-05-12T04:00:00+00:00', '--job-id', '90', '--raw', '--subdir', 'DAGS_FOLDER/flight-pipeline.py', '--cfg-path', '/tmp/tmpcpngf7gc']
[2026-05-12T04:30:12.142+0000] {standard_task_runner.py:91} INFO - Job 90: Subtask gold_aggregate
[2026-05-12T04:30:12.142+0000] {logging_mixin.py:188} WARNING - /home/airflow/.local/lib/python3.12/site-packages/airflow/task/task_runner/standard_task_runner.py:62 DeprecationWarning: This process (pid=3285) is multi-threaded, use of fork() may lead to deadlocks in the child.
[2026-05-12T04:30:12.142+0000] {standard_task_runner.py:64} INFO - Started process 3298 to run task
[2026-05-12T04:30:12.170+0000] {task_command.py:426} INFO - Running <TaskInstance: flights_ops_medallion_pipe.gold_aggregate scheduled__2026-05-12T04:00:00+00:00 [running]> on host 78d4856cd6c9
[2026-05-12T04:30:12.218+0000] {taskinstance.py:2648} INFO - Exporting env vars: AIRFLOW_CTX_DAG_OWNER='airflow' AIRFLOW_CTX_DAG_ID='***_ops_medallion_pipe' AIRFLOW_CTX_TASK_ID='gold_aggregate' AIRFLOW_CTX_EXECUTION_DATE='2026-05-12T04:00:00+00:00' AIRFLOW_CTX_TRY_NUMBER='1' AIRFLOW_CTX_DAG_RUN_ID='scheduled__2026-05-12T04:00:00+00:00'
[2026-05-12T04:30:12.218+0000] {taskinstance.py:430} INFO - ::endgroup::
[2026-05-12T04:30:12.242+0000] {logging_mixin.py:188} INFO -       icao24 origin_country  velocity  on_ground
0     4b1817    Switzerland    194.91      False
1     80162d          India    247.95      False
2     aa8c39  United States    125.20      False
3     80162a          India    113.09      False
4     801638          India    141.11      False
...      ...            ...       ...        ...
5619  a4359b  United States    120.53      False
5620  e94c88        Bolivia    254.29      False
5621  a09a01  United States     49.94      False
5622  c067ae         Canada    157.47      False
5623  458665        Denmark    167.81      False

[5624 rows x 4 columns]
[2026-05-12T04:30:12.242+0000] {python.py:237} INFO - Done. Returned value was: None
[2026-05-12T04:30:12.242+0000] {taskinstance.py:441} INFO - ::group::Post task execution logs
[2026-05-12T04:30:12.248+0000] {taskinstance.py:1206} INFO - Marking task as SUCCESS. dag_id=***_ops_medallion_pipe, task_id=gold_aggregate, run_id=scheduled__2026-05-12T04:00:00+00:00, execution_date=20260512T040000, start_date=20260512T043012, end_date=20260512T043012
[2026-05-12T04:30:12.275+0000] {local_task_job_runner.py:243} INFO - Task exited with return code 0
[2026-05-12T04:30:12.285+0000] {taskinstance.py:3503} INFO - 0 downstream tasks scheduled from follow-on schedule check
[2026-05-12T04:30:12.286+0000] {local_task_job_runner.py:222} INFO - ::endgroup::
