[2026-05-12T02:00:10.537+0000] {local_task_job_runner.py:120} INFO - ::group::Pre task execution logs
[2026-05-12T02:00:10.554+0000] {taskinstance.py:2076} INFO - Dependencies all met for dep_context=non-requeueable deps ti=<TaskInstance: flights_ops_medallion_pipe.silver_transform scheduled__2026-05-12T01:30:00+00:00 [queued]>
[2026-05-12T02:00:10.558+0000] {taskinstance.py:2076} INFO - Dependencies all met for dep_context=requeueable deps ti=<TaskInstance: flights_ops_medallion_pipe.silver_transform scheduled__2026-05-12T01:30:00+00:00 [queued]>
[2026-05-12T02:00:10.558+0000] {taskinstance.py:2306} INFO - Starting attempt 1 of 1
[2026-05-12T02:00:10.565+0000] {taskinstance.py:2330} INFO - Executing <Task(PythonOperator): silver_transform> on 2026-05-12 01:30:00+00:00
[2026-05-12T02:00:10.571+0000] {standard_task_runner.py:90} INFO - Running: ['airflow', 'tasks', 'run', '***_ops_medallion_pipe', 'silver_transform', 'scheduled__2026-05-12T01:30:00+00:00', '--job-id', '63', '--raw', '--subdir', 'DAGS_FOLDER/flight-pipeline.py', '--cfg-path', '/tmp/tmpv4a9x84s']
[2026-05-12T02:00:10.572+0000] {standard_task_runner.py:91} INFO - Job 63: Subtask silver_transform
[2026-05-12T02:00:10.572+0000] {logging_mixin.py:188} WARNING - /home/airflow/.local/lib/python3.12/site-packages/airflow/task/task_runner/standard_task_runner.py:62 DeprecationWarning: This process (pid=2303) is multi-threaded, use of fork() may lead to deadlocks in the child.
[2026-05-12T02:00:10.572+0000] {standard_task_runner.py:64} INFO - Started process 2316 to run task
[2026-05-12T02:00:10.600+0000] {task_command.py:426} INFO - Running <TaskInstance: flights_ops_medallion_pipe.silver_transform scheduled__2026-05-12T01:30:00+00:00 [running]> on host 78d4856cd6c9
[2026-05-12T02:00:10.648+0000] {taskinstance.py:2648} INFO - Exporting env vars: AIRFLOW_CTX_DAG_OWNER='airflow' AIRFLOW_CTX_DAG_ID='***_ops_medallion_pipe' AIRFLOW_CTX_TASK_ID='silver_transform' AIRFLOW_CTX_EXECUTION_DATE='2026-05-12T01:30:00+00:00' AIRFLOW_CTX_TRY_NUMBER='1' AIRFLOW_CTX_DAG_RUN_ID='scheduled__2026-05-12T01:30:00+00:00'
[2026-05-12T02:00:10.649+0000] {taskinstance.py:430} INFO - ::endgroup::
[2026-05-12T02:00:10.698+0000] {logging_mixin.py:188} INFO -        icao24 origin_country  velocity  on_ground
0      e8027c          Chile    211.91      False
1      a7250f  United States     46.89      False
2      a53edd  United States     42.33      False
3      a77ec5  United States    137.29      False
4      a4d862  United States     55.00      False
...       ...            ...       ...        ...
10675  458664        Denmark    143.55      False
10676  a55577  United States     49.90      False
10677  a09a01  United States     26.46      False
10678  a09a04  United States     23.33      False
10679  ac90e8  United States     39.80      False

[10680 rows x 4 columns]
[2026-05-12T02:00:10.718+0000] {logging_mixin.py:188} INFO - check bronze_fileL:  /opt/airflow/data/bronze/flight_20260512020008.json
[2026-05-12T02:00:10.718+0000] {logging_mixin.py:188} INFO - check biến execution date:  20260512
[2026-05-12T02:00:10.720+0000] {python.py:237} INFO - Done. Returned value was: None
[2026-05-12T02:00:10.720+0000] {taskinstance.py:441} INFO - ::group::Post task execution logs
[2026-05-12T02:00:10.726+0000] {taskinstance.py:1206} INFO - Marking task as SUCCESS. dag_id=***_ops_medallion_pipe, task_id=silver_transform, run_id=scheduled__2026-05-12T01:30:00+00:00, execution_date=20260512T013000, start_date=20260512T020010, end_date=20260512T020010
[2026-05-12T02:00:10.745+0000] {local_task_job_runner.py:243} INFO - Task exited with return code 0
[2026-05-12T02:00:10.755+0000] {taskinstance.py:3503} INFO - 0 downstream tasks scheduled from follow-on schedule check
[2026-05-12T02:00:10.756+0000] {local_task_job_runner.py:222} INFO - ::endgroup::
