[2026-05-12T03:30:02.710+0000] {local_task_job_runner.py:120} INFO - ::group::Pre task execution logs
[2026-05-12T03:30:02.726+0000] {taskinstance.py:2076} INFO - Dependencies all met for dep_context=non-requeueable deps ti=<TaskInstance: flights_ops_medallion_pipe.bronze_ingest scheduled__2026-05-12T03:00:00+00:00 [queued]>
[2026-05-12T03:30:02.730+0000] {taskinstance.py:2076} INFO - Dependencies all met for dep_context=requeueable deps ti=<TaskInstance: flights_ops_medallion_pipe.bronze_ingest scheduled__2026-05-12T03:00:00+00:00 [queued]>
[2026-05-12T03:30:02.730+0000] {taskinstance.py:2306} INFO - Starting attempt 1 of 1
[2026-05-12T03:30:02.737+0000] {taskinstance.py:2330} INFO - Executing <Task(PythonOperator): bronze_ingest> on 2026-05-12 03:00:00+00:00
[2026-05-12T03:30:02.743+0000] {standard_task_runner.py:90} INFO - Running: ['airflow', 'tasks', 'run', '***_ops_medallion_pipe', 'bronze_ingest', 'scheduled__2026-05-12T03:00:00+00:00', '--job-id', '82', '--raw', '--subdir', 'DAGS_FOLDER/flight-pipeline.py', '--cfg-path', '/tmp/tmpa5lx0foi']
[2026-05-12T03:30:02.744+0000] {standard_task_runner.py:91} INFO - Job 82: Subtask bronze_ingest
[2026-05-12T03:30:02.744+0000] {logging_mixin.py:188} WARNING - /home/airflow/.local/lib/python3.12/site-packages/airflow/task/task_runner/standard_task_runner.py:62 DeprecationWarning: This process (pid=2935) is multi-threaded, use of fork() may lead to deadlocks in the child.
[2026-05-12T03:30:02.745+0000] {standard_task_runner.py:64} INFO - Started process 2948 to run task
[2026-05-12T03:30:02.772+0000] {task_command.py:426} INFO - Running <TaskInstance: flights_ops_medallion_pipe.bronze_ingest scheduled__2026-05-12T03:00:00+00:00 [running]> on host 78d4856cd6c9
[2026-05-12T03:30:02.820+0000] {taskinstance.py:2648} INFO - Exporting env vars: AIRFLOW_CTX_DAG_OWNER='airflow' AIRFLOW_CTX_DAG_ID='***_ops_medallion_pipe' AIRFLOW_CTX_TASK_ID='bronze_ingest' AIRFLOW_CTX_EXECUTION_DATE='2026-05-12T03:00:00+00:00' AIRFLOW_CTX_TRY_NUMBER='1' AIRFLOW_CTX_DAG_RUN_ID='scheduled__2026-05-12T03:00:00+00:00'
[2026-05-12T03:30:02.821+0000] {taskinstance.py:430} INFO - ::endgroup::
[2026-05-12T03:30:06.744+0000] {logging_mixin.py:188} INFO - 

 xem giá trị timestamp:  20260512033006
[2026-05-12T03:30:06.802+0000] {python.py:237} INFO - Done. Returned value was: None
[2026-05-12T03:30:06.803+0000] {taskinstance.py:441} INFO - ::group::Post task execution logs
[2026-05-12T03:30:06.809+0000] {taskinstance.py:1206} INFO - Marking task as SUCCESS. dag_id=***_ops_medallion_pipe, task_id=bronze_ingest, run_id=scheduled__2026-05-12T03:00:00+00:00, execution_date=20260512T030000, start_date=20260512T033002, end_date=20260512T033006
[2026-05-12T03:30:06.855+0000] {local_task_job_runner.py:243} INFO - Task exited with return code 0
[2026-05-12T03:30:06.869+0000] {taskinstance.py:3503} INFO - 1 downstream tasks scheduled from follow-on schedule check
[2026-05-12T03:30:06.869+0000] {local_task_job_runner.py:222} INFO - ::endgroup::
