[2026-05-11T10:30:01.890+0000] {local_task_job_runner.py:120} INFO - ::group::Pre task execution logs
[2026-05-11T10:30:01.909+0000] {taskinstance.py:2076} INFO - Dependencies all met for dep_context=non-requeueable deps ti=<TaskInstance: flights_ops_medallion_pipe.bronze_ingest scheduled__2026-05-11T10:00:00+00:00 [queued]>
[2026-05-11T10:30:01.914+0000] {taskinstance.py:2076} INFO - Dependencies all met for dep_context=requeueable deps ti=<TaskInstance: flights_ops_medallion_pipe.bronze_ingest scheduled__2026-05-11T10:00:00+00:00 [queued]>
[2026-05-11T10:30:01.914+0000] {taskinstance.py:2306} INFO - Starting attempt 1 of 1
[2026-05-11T10:30:01.921+0000] {taskinstance.py:2330} INFO - Executing <Task(PythonOperator): bronze_ingest> on 2026-05-11 10:00:00+00:00
[2026-05-11T10:30:01.924+0000] {standard_task_runner.py:64} INFO - Started process 480 to run task
[2026-05-11T10:30:01.925+0000] {standard_task_runner.py:90} INFO - Running: ['airflow', 'tasks', 'run', '***_ops_medallion_pipe', 'bronze_ingest', 'scheduled__2026-05-11T10:00:00+00:00', '--job-id', '20', '--raw', '--subdir', 'DAGS_FOLDER/flight-pipeline.py', '--cfg-path', '/tmp/tmpvm8g7s0e']
[2026-05-11T10:30:01.926+0000] {standard_task_runner.py:91} INFO - Job 20: Subtask bronze_ingest
[2026-05-11T10:30:01.957+0000] {task_command.py:426} INFO - Running <TaskInstance: flights_ops_medallion_pipe.bronze_ingest scheduled__2026-05-11T10:00:00+00:00 [running]> on host 78d4856cd6c9
[2026-05-11T10:30:02.005+0000] {taskinstance.py:2648} INFO - Exporting env vars: AIRFLOW_CTX_DAG_OWNER='airflow' AIRFLOW_CTX_DAG_ID='***_ops_medallion_pipe' AIRFLOW_CTX_TASK_ID='bronze_ingest' AIRFLOW_CTX_EXECUTION_DATE='2026-05-11T10:00:00+00:00' AIRFLOW_CTX_TRY_NUMBER='1' AIRFLOW_CTX_DAG_RUN_ID='scheduled__2026-05-11T10:00:00+00:00'
[2026-05-11T10:30:02.006+0000] {taskinstance.py:430} INFO - ::endgroup::
[2026-05-11T10:30:05.832+0000] {taskinstance.py:441} INFO - ::group::Post task execution logs
[2026-05-11T10:30:05.832+0000] {taskinstance.py:2905} ERROR - Task failed with exception
Traceback (most recent call last):
  File "/home/airflow/.local/lib/python3.12/site-packages/airflow/models/taskinstance.py", line 465, in _execute_task
    result = _execute_callable(context=context, **execute_callable_kwargs)
             ^^^^^^^^^^^^^^^^^^^^^^^^^^^^^^^^^^^^^^^^^^^^^^^^^^^^^^^^^^^^^
  File "/home/airflow/.local/lib/python3.12/site-packages/airflow/models/taskinstance.py", line 432, in _execute_callable
    return execute_callable(context=context, **execute_callable_kwargs)
           ^^^^^^^^^^^^^^^^^^^^^^^^^^^^^^^^^^^^^^^^^^^^^^^^^^^^^^^^^^^^
  File "/home/airflow/.local/lib/python3.12/site-packages/airflow/models/baseoperator.py", line 401, in wrapper
    return func(self, *args, **kwargs)
           ^^^^^^^^^^^^^^^^^^^^^^^^^^^
  File "/home/airflow/.local/lib/python3.12/site-packages/airflow/operators/python.py", line 235, in execute
    return_value = self.execute_callable()
                   ^^^^^^^^^^^^^^^^^^^^^^^
  File "/home/airflow/.local/lib/python3.12/site-packages/airflow/operators/python.py", line 252, in execute_callable
    return self.python_callable(*self.op_args, **self.op_kwargs)
           ^^^^^^^^^^^^^^^^^^^^^^^^^^^^^^^^^^^^^^^^^^^^^^^^^^^^^
  File "/opt/airflow/scripts/bronze/bronze_ingest.py", line 17, in run_bronze_ingestion
    path.parent.mkdir(parents=True, exist_ok=True)
    ^^^^
UnboundLocalError: cannot access local variable 'path' where it is not associated with a value
[2026-05-11T10:30:05.839+0000] {taskinstance.py:1206} INFO - Marking task as FAILED. dag_id=***_ops_medallion_pipe, task_id=bronze_ingest, run_id=scheduled__2026-05-11T10:00:00+00:00, execution_date=20260511T100000, start_date=20260511T103001, end_date=20260511T103005
[2026-05-11T10:30:05.860+0000] {standard_task_runner.py:110} ERROR - Failed to execute job 20 for task bronze_ingest (cannot access local variable 'path' where it is not associated with a value; 480)
[2026-05-11T10:30:05.873+0000] {local_task_job_runner.py:243} INFO - Task exited with return code 1
[2026-05-11T10:30:05.884+0000] {taskinstance.py:3503} INFO - 0 downstream tasks scheduled from follow-on schedule check
[2026-05-11T10:30:05.884+0000] {local_task_job_runner.py:222} INFO - ::endgroup::
