[2026-05-12T06:51:47.899+0000] {local_task_job_runner.py:120} INFO - ::group::Pre task execution logs
[2026-05-12T06:51:47.920+0000] {taskinstance.py:2076} INFO - Dependencies all met for dep_context=non-requeueable deps ti=<TaskInstance: flights_ops_medallion_pipe.silver_transform manual__2026-05-12T06:51:37.269103+00:00 [queued]>
[2026-05-12T06:51:47.925+0000] {taskinstance.py:2076} INFO - Dependencies all met for dep_context=requeueable deps ti=<TaskInstance: flights_ops_medallion_pipe.silver_transform manual__2026-05-12T06:51:37.269103+00:00 [queued]>
[2026-05-12T06:51:47.925+0000] {taskinstance.py:2306} INFO - Starting attempt 1 of 1
[2026-05-12T06:51:47.933+0000] {taskinstance.py:2330} INFO - Executing <Task(PythonOperator): silver_transform> on 2026-05-12 06:51:37.269103+00:00
[2026-05-12T06:51:47.939+0000] {standard_task_runner.py:90} INFO - Running: ['airflow', 'tasks', 'run', '***_ops_medallion_pipe', 'silver_transform', 'manual__2026-05-12T06:51:37.269103+00:00', '--job-id', '132', '--raw', '--subdir', 'DAGS_FOLDER/flight-pipeline.py', '--cfg-path', '/tmp/tmphdkx4baw']
[2026-05-12T06:51:47.941+0000] {standard_task_runner.py:91} INFO - Job 132: Subtask silver_transform
[2026-05-12T06:51:47.941+0000] {logging_mixin.py:188} WARNING - /home/airflow/.local/lib/python3.12/site-packages/airflow/task/task_runner/standard_task_runner.py:62 DeprecationWarning: This process (pid=4520) is multi-threaded, use of fork() may lead to deadlocks in the child.
[2026-05-12T06:51:47.941+0000] {standard_task_runner.py:64} INFO - Started process 4534 to run task
[2026-05-12T06:51:47.969+0000] {task_command.py:426} INFO - Running <TaskInstance: flights_ops_medallion_pipe.silver_transform manual__2026-05-12T06:51:37.269103+00:00 [running]> on host 78d4856cd6c9
[2026-05-12T06:51:48.024+0000] {taskinstance.py:2648} INFO - Exporting env vars: AIRFLOW_CTX_DAG_OWNER='airflow' AIRFLOW_CTX_DAG_ID='***_ops_medallion_pipe' AIRFLOW_CTX_TASK_ID='silver_transform' AIRFLOW_CTX_EXECUTION_DATE='2026-05-12T06:51:37.269103+00:00' AIRFLOW_CTX_TRY_NUMBER='1' AIRFLOW_CTX_DAG_RUN_ID='manual__2026-05-12T06:51:37.269103+00:00'
[2026-05-12T06:51:48.024+0000] {taskinstance.py:430} INFO - ::endgroup::
[2026-05-12T06:51:48.062+0000] {logging_mixin.py:188} INFO -       icao24 origin_country  velocity  on_ground
0     39de4e         France    211.19      False
1     80162d          India    234.82      False
2     80162a          India    145.62      False
3     aa8c39  United States      1.29       True
4     7c6b2f      Australia    218.65      False
...      ...            ...       ...        ...
5510  4403f0        Austria    158.31      False
5511  704458        Myanmar    165.51      False
5512  a6d83c  United States    245.74      False
5513  85793c          Japan     32.70      False
5514  c067ae         Canada      0.00       True

[5515 rows x 4 columns]
[2026-05-12T06:51:48.078+0000] {logging_mixin.py:188} INFO - check bronze_fileL:  /opt/airflow/data/bronze/flight_20260512065145.json
[2026-05-12T06:51:48.078+0000] {logging_mixin.py:188} INFO - check biến execution date:  20260512
[2026-05-12T06:51:48.079+0000] {python.py:237} INFO - Done. Returned value was: None
[2026-05-12T06:51:48.080+0000] {taskinstance.py:441} INFO - ::group::Post task execution logs
[2026-05-12T06:51:48.086+0000] {taskinstance.py:1206} INFO - Marking task as SUCCESS. dag_id=***_ops_medallion_pipe, task_id=silver_transform, run_id=manual__2026-05-12T06:51:37.269103+00:00, execution_date=20260512T065137, start_date=20260512T065147, end_date=20260512T065148
[2026-05-12T06:51:48.114+0000] {local_task_job_runner.py:243} INFO - Task exited with return code 0
[2026-05-12T06:51:48.130+0000] {taskinstance.py:3503} INFO - 1 downstream tasks scheduled from follow-on schedule check
[2026-05-12T06:51:48.131+0000] {local_task_job_runner.py:222} INFO - ::endgroup::
