[2026-05-12T04:30:09.643+0000] {local_task_job_runner.py:120} INFO - ::group::Pre task execution logs
[2026-05-12T04:30:09.660+0000] {taskinstance.py:2076} INFO - Dependencies all met for dep_context=non-requeueable deps ti=<TaskInstance: flights_ops_medallion_pipe.silver_transform scheduled__2026-05-12T04:00:00+00:00 [queued]>
[2026-05-12T04:30:09.665+0000] {taskinstance.py:2076} INFO - Dependencies all met for dep_context=requeueable deps ti=<TaskInstance: flights_ops_medallion_pipe.silver_transform scheduled__2026-05-12T04:00:00+00:00 [queued]>
[2026-05-12T04:30:09.665+0000] {taskinstance.py:2306} INFO - Starting attempt 1 of 1
[2026-05-12T04:30:09.673+0000] {taskinstance.py:2330} INFO - Executing <Task(PythonOperator): silver_transform> on 2026-05-12 04:00:00+00:00
[2026-05-12T04:30:09.679+0000] {standard_task_runner.py:90} INFO - Running: ['airflow', 'tasks', 'run', '***_ops_medallion_pipe', 'silver_transform', 'scheduled__2026-05-12T04:00:00+00:00', '--job-id', '89', '--raw', '--subdir', 'DAGS_FOLDER/flight-pipeline.py', '--cfg-path', '/tmp/tmpiy1mn0rx']
[2026-05-12T04:30:09.680+0000] {standard_task_runner.py:91} INFO - Job 89: Subtask silver_transform
[2026-05-12T04:30:09.680+0000] {logging_mixin.py:188} WARNING - /home/airflow/.local/lib/python3.12/site-packages/airflow/task/task_runner/standard_task_runner.py:62 DeprecationWarning: This process (pid=3271) is multi-threaded, use of fork() may lead to deadlocks in the child.
[2026-05-12T04:30:09.681+0000] {standard_task_runner.py:64} INFO - Started process 3284 to run task
[2026-05-12T04:30:09.707+0000] {task_command.py:426} INFO - Running <TaskInstance: flights_ops_medallion_pipe.silver_transform scheduled__2026-05-12T04:00:00+00:00 [running]> on host 78d4856cd6c9
[2026-05-12T04:30:09.755+0000] {taskinstance.py:2648} INFO - Exporting env vars: AIRFLOW_CTX_DAG_OWNER='airflow' AIRFLOW_CTX_DAG_ID='***_ops_medallion_pipe' AIRFLOW_CTX_TASK_ID='silver_transform' AIRFLOW_CTX_EXECUTION_DATE='2026-05-12T04:00:00+00:00' AIRFLOW_CTX_TRY_NUMBER='1' AIRFLOW_CTX_DAG_RUN_ID='scheduled__2026-05-12T04:00:00+00:00'
[2026-05-12T04:30:09.756+0000] {taskinstance.py:430} INFO - ::endgroup::
[2026-05-12T04:30:09.792+0000] {logging_mixin.py:188} INFO -       icao24 origin_country  velocity  on_ground
0     4b1817    Switzerland    194.91      False
1     80162d          India    247.95      False
2     aa8c39  United States    125.20      False
3     80162a          India    113.09      False
4     801638          India    141.11      False
...      ...            ...       ...        ...
5619  a4359b  United States    120.53      False
5620  e94c88        Bolivia    254.29      False
5621  a09a01  United States     49.94      False
5622  c067ae         Canada    157.47      False
5623  458665        Denmark    167.81      False

[5624 rows x 4 columns]
[2026-05-12T04:30:09.807+0000] {logging_mixin.py:188} INFO - check bronze_fileL:  /opt/airflow/data/bronze/flight_20260512043007.json
[2026-05-12T04:30:09.807+0000] {logging_mixin.py:188} INFO - check biến execution date:  20260512
[2026-05-12T04:30:09.808+0000] {python.py:237} INFO - Done. Returned value was: None
[2026-05-12T04:30:09.808+0000] {taskinstance.py:441} INFO - ::group::Post task execution logs
[2026-05-12T04:30:09.814+0000] {taskinstance.py:1206} INFO - Marking task as SUCCESS. dag_id=***_ops_medallion_pipe, task_id=silver_transform, run_id=scheduled__2026-05-12T04:00:00+00:00, execution_date=20260512T040000, start_date=20260512T043009, end_date=20260512T043009
[2026-05-12T04:30:09.854+0000] {local_task_job_runner.py:243} INFO - Task exited with return code 0
[2026-05-12T04:30:09.865+0000] {taskinstance.py:3503} INFO - 1 downstream tasks scheduled from follow-on schedule check
[2026-05-12T04:30:09.866+0000] {local_task_job_runner.py:222} INFO - ::endgroup::
