[2026-05-10T14:17:39.409+0000] {processor.py:161} INFO - Started process (PID=30) to work on /opt/airflow/dags/flight-pipeline.py
[2026-05-10T14:17:39.409+0000] {processor.py:830} INFO - Processing file /opt/airflow/dags/flight-pipeline.py for tasks to queue
[2026-05-10T14:17:39.410+0000] {logging_mixin.py:188} INFO - [2026-05-10T14:17:39.409+0000] {dagbag.py:545} INFO - Filling up the DagBag from /opt/airflow/dags/flight-pipeline.py
[2026-05-10T14:17:39.426+0000] {processor.py:840} INFO - DAG(s) 'flights_ops_medallion_pipe' retrieved from /opt/airflow/dags/flight-pipeline.py
[2026-05-10T14:17:39.600+0000] {logging_mixin.py:188} INFO - [2026-05-10T14:17:39.599+0000] {override.py:1858} INFO - Created Permission View: can read on DAG:flights_ops_medallion_pipe
[2026-05-10T14:17:39.607+0000] {logging_mixin.py:188} INFO - [2026-05-10T14:17:39.606+0000] {override.py:1858} INFO - Created Permission View: can delete on DAG:flights_ops_medallion_pipe
[2026-05-10T14:17:39.611+0000] {logging_mixin.py:188} INFO - [2026-05-10T14:17:39.611+0000] {override.py:1858} INFO - Created Permission View: can edit on DAG:flights_ops_medallion_pipe
[2026-05-10T14:17:39.612+0000] {logging_mixin.py:188} INFO - [2026-05-10T14:17:39.612+0000] {dag.py:3089} INFO - Sync 1 DAGs
[2026-05-10T14:17:39.621+0000] {logging_mixin.py:188} INFO - [2026-05-10T14:17:39.621+0000] {dag.py:3111} INFO - Creating ORM DAG for flights_ops_medallion_pipe
[2026-05-10T14:17:39.632+0000] {logging_mixin.py:188} INFO - [2026-05-10T14:17:39.631+0000] {dag.py:3947} INFO - Setting next_dagrun for flights_ops_medallion_pipe to 2026-05-10 13:30:00+00:00, run_after=2026-05-10 14:00:00+00:00
[2026-05-10T14:17:39.643+0000] {processor.py:183} INFO - Processing /opt/airflow/dags/flight-pipeline.py took 0.238 seconds
[2026-05-10T14:18:09.723+0000] {processor.py:161} INFO - Started process (PID=31) to work on /opt/airflow/dags/flight-pipeline.py
[2026-05-10T14:18:09.723+0000] {processor.py:830} INFO - Processing file /opt/airflow/dags/flight-pipeline.py for tasks to queue
[2026-05-10T14:18:09.724+0000] {logging_mixin.py:188} INFO - [2026-05-10T14:18:09.724+0000] {dagbag.py:545} INFO - Filling up the DagBag from /opt/airflow/dags/flight-pipeline.py
[2026-05-10T14:18:09.730+0000] {processor.py:840} INFO - DAG(s) 'flights_ops_medallion_pipe' retrieved from /opt/airflow/dags/flight-pipeline.py
[2026-05-10T14:18:09.748+0000] {logging_mixin.py:188} INFO - [2026-05-10T14:18:09.747+0000] {dag.py:3089} INFO - Sync 1 DAGs
[2026-05-10T14:18:09.764+0000] {logging_mixin.py:188} INFO - [2026-05-10T14:18:09.764+0000] {dag.py:3947} INFO - Setting next_dagrun for flights_ops_medallion_pipe to 2026-05-10 13:30:00+00:00, run_after=2026-05-10 14:00:00+00:00
[2026-05-10T14:18:09.776+0000] {processor.py:183} INFO - Processing /opt/airflow/dags/flight-pipeline.py took 0.056 seconds
[2026-05-10T14:18:39.813+0000] {processor.py:161} INFO - Started process (PID=32) to work on /opt/airflow/dags/flight-pipeline.py
[2026-05-10T14:18:39.817+0000] {processor.py:830} INFO - Processing file /opt/airflow/dags/flight-pipeline.py for tasks to queue
[2026-05-10T14:18:39.818+0000] {logging_mixin.py:188} INFO - [2026-05-10T14:18:39.818+0000] {dagbag.py:545} INFO - Filling up the DagBag from /opt/airflow/dags/flight-pipeline.py
[2026-05-10T14:18:39.824+0000] {processor.py:840} INFO - DAG(s) 'flights_ops_medallion_pipe' retrieved from /opt/airflow/dags/flight-pipeline.py
[2026-05-10T14:18:39.841+0000] {logging_mixin.py:188} INFO - [2026-05-10T14:18:39.841+0000] {dag.py:3089} INFO - Sync 1 DAGs
[2026-05-10T14:18:39.854+0000] {logging_mixin.py:188} INFO - [2026-05-10T14:18:39.854+0000] {dag.py:3947} INFO - Setting next_dagrun for flights_ops_medallion_pipe to 2026-05-10 13:30:00+00:00, run_after=2026-05-10 14:00:00+00:00
[2026-05-10T14:18:39.864+0000] {processor.py:183} INFO - Processing /opt/airflow/dags/flight-pipeline.py took 0.055 seconds
[2026-05-10T14:19:09.938+0000] {processor.py:161} INFO - Started process (PID=33) to work on /opt/airflow/dags/flight-pipeline.py
[2026-05-10T14:19:09.938+0000] {processor.py:830} INFO - Processing file /opt/airflow/dags/flight-pipeline.py for tasks to queue
[2026-05-10T14:19:09.939+0000] {logging_mixin.py:188} INFO - [2026-05-10T14:19:09.939+0000] {dagbag.py:545} INFO - Filling up the DagBag from /opt/airflow/dags/flight-pipeline.py
[2026-05-10T14:19:09.946+0000] {processor.py:840} INFO - DAG(s) 'flights_ops_medallion_pipe' retrieved from /opt/airflow/dags/flight-pipeline.py
[2026-05-10T14:19:09.964+0000] {logging_mixin.py:188} INFO - [2026-05-10T14:19:09.964+0000] {dag.py:3089} INFO - Sync 1 DAGs
[2026-05-10T14:19:09.980+0000] {logging_mixin.py:188} INFO - [2026-05-10T14:19:09.980+0000] {dag.py:3947} INFO - Setting next_dagrun for flights_ops_medallion_pipe to 2026-05-10 13:30:00+00:00, run_after=2026-05-10 14:00:00+00:00
[2026-05-10T14:19:09.992+0000] {processor.py:183} INFO - Processing /opt/airflow/dags/flight-pipeline.py took 0.059 seconds
[2026-05-10T14:19:39.706+0000] {processor.py:161} INFO - Started process (PID=29) to work on /opt/airflow/dags/flight-pipeline.py
[2026-05-10T14:19:39.706+0000] {processor.py:830} INFO - Processing file /opt/airflow/dags/flight-pipeline.py for tasks to queue
[2026-05-10T14:19:39.707+0000] {logging_mixin.py:188} INFO - [2026-05-10T14:19:39.707+0000] {dagbag.py:545} INFO - Filling up the DagBag from /opt/airflow/dags/flight-pipeline.py
[2026-05-10T14:19:39.723+0000] {processor.py:840} INFO - DAG(s) 'flights_ops_medallion_pipe' retrieved from /opt/airflow/dags/flight-pipeline.py
[2026-05-10T14:19:39.900+0000] {logging_mixin.py:188} INFO - [2026-05-10T14:19:39.899+0000] {override.py:1858} INFO - Created Permission View: can edit on DAG:flights_ops_medallion_pipe
[2026-05-10T14:19:39.905+0000] {logging_mixin.py:188} INFO - [2026-05-10T14:19:39.905+0000] {override.py:1858} INFO - Created Permission View: can read on DAG:flights_ops_medallion_pipe
[2026-05-10T14:19:39.908+0000] {logging_mixin.py:188} INFO - [2026-05-10T14:19:39.908+0000] {override.py:1858} INFO - Created Permission View: can delete on DAG:flights_ops_medallion_pipe
[2026-05-10T14:19:39.908+0000] {logging_mixin.py:188} INFO - [2026-05-10T14:19:39.908+0000] {dag.py:3089} INFO - Sync 1 DAGs
[2026-05-10T14:19:39.915+0000] {logging_mixin.py:188} INFO - [2026-05-10T14:19:39.914+0000] {dag.py:3111} INFO - Creating ORM DAG for flights_ops_medallion_pipe
[2026-05-10T14:19:39.921+0000] {logging_mixin.py:188} INFO - [2026-05-10T14:19:39.921+0000] {dag.py:3947} INFO - Setting next_dagrun for flights_ops_medallion_pipe to 2026-05-10 13:30:00+00:00, run_after=2026-05-10 14:00:00+00:00
[2026-05-10T14:19:39.929+0000] {processor.py:183} INFO - Processing /opt/airflow/dags/flight-pipeline.py took 0.229 seconds
[2026-05-10T14:20:10.009+0000] {processor.py:161} INFO - Started process (PID=30) to work on /opt/airflow/dags/flight-pipeline.py
[2026-05-10T14:20:10.009+0000] {processor.py:830} INFO - Processing file /opt/airflow/dags/flight-pipeline.py for tasks to queue
[2026-05-10T14:20:10.010+0000] {logging_mixin.py:188} INFO - [2026-05-10T14:20:10.010+0000] {dagbag.py:545} INFO - Filling up the DagBag from /opt/airflow/dags/flight-pipeline.py
[2026-05-10T14:20:10.016+0000] {processor.py:840} INFO - DAG(s) 'flights_ops_medallion_pipe' retrieved from /opt/airflow/dags/flight-pipeline.py
[2026-05-10T14:20:10.034+0000] {logging_mixin.py:188} INFO - [2026-05-10T14:20:10.034+0000] {dag.py:3089} INFO - Sync 1 DAGs
[2026-05-10T14:20:10.047+0000] {logging_mixin.py:188} INFO - [2026-05-10T14:20:10.047+0000] {dag.py:3947} INFO - Setting next_dagrun for flights_ops_medallion_pipe to 2026-05-10 13:30:00+00:00, run_after=2026-05-10 14:00:00+00:00
[2026-05-10T14:20:10.059+0000] {processor.py:183} INFO - Processing /opt/airflow/dags/flight-pipeline.py took 0.053 seconds
[2026-05-10T14:20:40.095+0000] {processor.py:161} INFO - Started process (PID=31) to work on /opt/airflow/dags/flight-pipeline.py
[2026-05-10T14:20:40.100+0000] {processor.py:830} INFO - Processing file /opt/airflow/dags/flight-pipeline.py for tasks to queue
[2026-05-10T14:20:40.102+0000] {logging_mixin.py:188} INFO - [2026-05-10T14:20:40.101+0000] {dagbag.py:545} INFO - Filling up the DagBag from /opt/airflow/dags/flight-pipeline.py
[2026-05-10T14:20:40.110+0000] {processor.py:840} INFO - DAG(s) 'flights_ops_medallion_pipe' retrieved from /opt/airflow/dags/flight-pipeline.py
[2026-05-10T14:20:40.132+0000] {logging_mixin.py:188} INFO - [2026-05-10T14:20:40.131+0000] {dag.py:3089} INFO - Sync 1 DAGs
[2026-05-10T14:20:40.149+0000] {logging_mixin.py:188} INFO - [2026-05-10T14:20:40.148+0000] {dag.py:3947} INFO - Setting next_dagrun for flights_ops_medallion_pipe to 2026-05-10 13:30:00+00:00, run_after=2026-05-10 14:00:00+00:00
[2026-05-10T14:20:40.162+0000] {processor.py:183} INFO - Processing /opt/airflow/dags/flight-pipeline.py took 0.071 seconds
[2026-05-10T14:21:10.214+0000] {processor.py:161} INFO - Started process (PID=32) to work on /opt/airflow/dags/flight-pipeline.py
[2026-05-10T14:21:10.214+0000] {processor.py:830} INFO - Processing file /opt/airflow/dags/flight-pipeline.py for tasks to queue
[2026-05-10T14:21:10.215+0000] {logging_mixin.py:188} INFO - [2026-05-10T14:21:10.215+0000] {dagbag.py:545} INFO - Filling up the DagBag from /opt/airflow/dags/flight-pipeline.py
[2026-05-10T14:21:10.221+0000] {processor.py:840} INFO - DAG(s) 'flights_ops_medallion_pipe' retrieved from /opt/airflow/dags/flight-pipeline.py
[2026-05-10T14:21:10.240+0000] {logging_mixin.py:188} INFO - [2026-05-10T14:21:10.240+0000] {dag.py:3089} INFO - Sync 1 DAGs
[2026-05-10T14:21:10.254+0000] {logging_mixin.py:188} INFO - [2026-05-10T14:21:10.254+0000] {dag.py:3947} INFO - Setting next_dagrun for flights_ops_medallion_pipe to 2026-05-10 13:30:00+00:00, run_after=2026-05-10 14:00:00+00:00
[2026-05-10T14:21:10.264+0000] {processor.py:183} INFO - Processing /opt/airflow/dags/flight-pipeline.py took 0.054 seconds
[2026-05-10T14:21:40.323+0000] {processor.py:161} INFO - Started process (PID=33) to work on /opt/airflow/dags/flight-pipeline.py
[2026-05-10T14:21:40.323+0000] {processor.py:830} INFO - Processing file /opt/airflow/dags/flight-pipeline.py for tasks to queue
[2026-05-10T14:21:40.324+0000] {logging_mixin.py:188} INFO - [2026-05-10T14:21:40.324+0000] {dagbag.py:545} INFO - Filling up the DagBag from /opt/airflow/dags/flight-pipeline.py
[2026-05-10T14:21:40.331+0000] {processor.py:840} INFO - DAG(s) 'flights_ops_medallion_pipe' retrieved from /opt/airflow/dags/flight-pipeline.py
[2026-05-10T14:21:40.351+0000] {logging_mixin.py:188} INFO - [2026-05-10T14:21:40.350+0000] {dag.py:3089} INFO - Sync 1 DAGs
[2026-05-10T14:21:40.366+0000] {logging_mixin.py:188} INFO - [2026-05-10T14:21:40.366+0000] {dag.py:3947} INFO - Setting next_dagrun for flights_ops_medallion_pipe to 2026-05-10 13:30:00+00:00, run_after=2026-05-10 14:00:00+00:00
[2026-05-10T14:21:40.378+0000] {processor.py:183} INFO - Processing /opt/airflow/dags/flight-pipeline.py took 0.059 seconds
[2026-05-10T14:22:10.429+0000] {processor.py:161} INFO - Started process (PID=34) to work on /opt/airflow/dags/flight-pipeline.py
[2026-05-10T14:22:10.430+0000] {processor.py:830} INFO - Processing file /opt/airflow/dags/flight-pipeline.py for tasks to queue
[2026-05-10T14:22:10.430+0000] {logging_mixin.py:188} INFO - [2026-05-10T14:22:10.430+0000] {dagbag.py:545} INFO - Filling up the DagBag from /opt/airflow/dags/flight-pipeline.py
[2026-05-10T14:22:10.437+0000] {processor.py:840} INFO - DAG(s) 'flights_ops_medallion_pipe' retrieved from /opt/airflow/dags/flight-pipeline.py
[2026-05-10T14:22:10.454+0000] {logging_mixin.py:188} INFO - [2026-05-10T14:22:10.454+0000] {dag.py:3089} INFO - Sync 1 DAGs
[2026-05-10T14:22:10.468+0000] {logging_mixin.py:188} INFO - [2026-05-10T14:22:10.468+0000] {dag.py:3947} INFO - Setting next_dagrun for flights_ops_medallion_pipe to 2026-05-10 13:30:00+00:00, run_after=2026-05-10 14:00:00+00:00
[2026-05-10T14:22:10.479+0000] {processor.py:183} INFO - Processing /opt/airflow/dags/flight-pipeline.py took 0.052 seconds
[2026-05-10T14:28:02.934+0000] {processor.py:161} INFO - Started process (PID=29) to work on /opt/airflow/dags/flight-pipeline.py
[2026-05-10T14:28:02.934+0000] {processor.py:830} INFO - Processing file /opt/airflow/dags/flight-pipeline.py for tasks to queue
[2026-05-10T14:28:02.935+0000] {logging_mixin.py:188} INFO - [2026-05-10T14:28:02.935+0000] {dagbag.py:545} INFO - Filling up the DagBag from /opt/airflow/dags/flight-pipeline.py
[2026-05-10T14:28:02.951+0000] {processor.py:840} INFO - DAG(s) 'flights_ops_medallion_pipe' retrieved from /opt/airflow/dags/flight-pipeline.py
[2026-05-10T14:28:03.128+0000] {logging_mixin.py:188} INFO - [2026-05-10T14:28:03.128+0000] {override.py:1858} INFO - Created Permission View: can edit on DAG:flights_ops_medallion_pipe
[2026-05-10T14:28:03.135+0000] {logging_mixin.py:188} INFO - [2026-05-10T14:28:03.135+0000] {override.py:1858} INFO - Created Permission View: can delete on DAG:flights_ops_medallion_pipe
[2026-05-10T14:28:03.139+0000] {logging_mixin.py:188} INFO - [2026-05-10T14:28:03.138+0000] {override.py:1858} INFO - Created Permission View: can read on DAG:flights_ops_medallion_pipe
[2026-05-10T14:28:03.139+0000] {logging_mixin.py:188} INFO - [2026-05-10T14:28:03.139+0000] {dag.py:3089} INFO - Sync 1 DAGs
[2026-05-10T14:28:03.145+0000] {logging_mixin.py:188} INFO - [2026-05-10T14:28:03.145+0000] {dag.py:3111} INFO - Creating ORM DAG for flights_ops_medallion_pipe
[2026-05-10T14:28:03.153+0000] {logging_mixin.py:188} INFO - [2026-05-10T14:28:03.152+0000] {dag.py:3947} INFO - Setting next_dagrun for flights_ops_medallion_pipe to 2026-05-10 13:30:00+00:00, run_after=2026-05-10 14:00:00+00:00
[2026-05-10T14:28:03.161+0000] {processor.py:183} INFO - Processing /opt/airflow/dags/flight-pipeline.py took 0.230 seconds
[2026-05-10T14:28:33.239+0000] {processor.py:161} INFO - Started process (PID=43) to work on /opt/airflow/dags/flight-pipeline.py
[2026-05-10T14:28:33.240+0000] {processor.py:830} INFO - Processing file /opt/airflow/dags/flight-pipeline.py for tasks to queue
[2026-05-10T14:28:33.241+0000] {logging_mixin.py:188} INFO - [2026-05-10T14:28:33.241+0000] {dagbag.py:545} INFO - Filling up the DagBag from /opt/airflow/dags/flight-pipeline.py
[2026-05-10T14:28:33.248+0000] {processor.py:840} INFO - DAG(s) 'flights_ops_medallion_pipe' retrieved from /opt/airflow/dags/flight-pipeline.py
[2026-05-10T14:28:33.268+0000] {logging_mixin.py:188} INFO - [2026-05-10T14:28:33.268+0000] {dag.py:3089} INFO - Sync 1 DAGs
[2026-05-10T14:28:33.285+0000] {logging_mixin.py:188} INFO - [2026-05-10T14:28:33.285+0000] {dag.py:3947} INFO - Setting next_dagrun for flights_ops_medallion_pipe to 2026-05-10 14:00:00+00:00, run_after=2026-05-10 14:30:00+00:00
[2026-05-10T14:28:33.296+0000] {processor.py:183} INFO - Processing /opt/airflow/dags/flight-pipeline.py took 0.061 seconds
[2026-05-10T14:29:03.333+0000] {processor.py:161} INFO - Started process (PID=44) to work on /opt/airflow/dags/flight-pipeline.py
[2026-05-10T14:29:03.337+0000] {processor.py:830} INFO - Processing file /opt/airflow/dags/flight-pipeline.py for tasks to queue
[2026-05-10T14:29:03.338+0000] {logging_mixin.py:188} INFO - [2026-05-10T14:29:03.338+0000] {dagbag.py:545} INFO - Filling up the DagBag from /opt/airflow/dags/flight-pipeline.py
[2026-05-10T14:29:03.345+0000] {processor.py:840} INFO - DAG(s) 'flights_ops_medallion_pipe' retrieved from /opt/airflow/dags/flight-pipeline.py
[2026-05-10T14:29:03.362+0000] {logging_mixin.py:188} INFO - [2026-05-10T14:29:03.362+0000] {dag.py:3089} INFO - Sync 1 DAGs
[2026-05-10T14:29:03.376+0000] {logging_mixin.py:188} INFO - [2026-05-10T14:29:03.375+0000] {dag.py:3947} INFO - Setting next_dagrun for flights_ops_medallion_pipe to 2026-05-10 14:00:00+00:00, run_after=2026-05-10 14:30:00+00:00
[2026-05-10T14:29:03.387+0000] {processor.py:183} INFO - Processing /opt/airflow/dags/flight-pipeline.py took 0.057 seconds
[2026-05-10T14:29:33.467+0000] {processor.py:161} INFO - Started process (PID=45) to work on /opt/airflow/dags/flight-pipeline.py
[2026-05-10T14:29:33.468+0000] {processor.py:830} INFO - Processing file /opt/airflow/dags/flight-pipeline.py for tasks to queue
[2026-05-10T14:29:33.469+0000] {logging_mixin.py:188} INFO - [2026-05-10T14:29:33.468+0000] {dagbag.py:545} INFO - Filling up the DagBag from /opt/airflow/dags/flight-pipeline.py
[2026-05-10T14:29:33.476+0000] {processor.py:840} INFO - DAG(s) 'flights_ops_medallion_pipe' retrieved from /opt/airflow/dags/flight-pipeline.py
[2026-05-10T14:29:33.494+0000] {logging_mixin.py:188} INFO - [2026-05-10T14:29:33.494+0000] {dag.py:3089} INFO - Sync 1 DAGs
[2026-05-10T14:29:33.508+0000] {logging_mixin.py:188} INFO - [2026-05-10T14:29:33.508+0000] {dag.py:3947} INFO - Setting next_dagrun for flights_ops_medallion_pipe to 2026-05-10 14:00:00+00:00, run_after=2026-05-10 14:30:00+00:00
[2026-05-10T14:29:33.520+0000] {processor.py:183} INFO - Processing /opt/airflow/dags/flight-pipeline.py took 0.055 seconds
[2026-05-10T14:30:03.554+0000] {processor.py:161} INFO - Started process (PID=59) to work on /opt/airflow/dags/flight-pipeline.py
[2026-05-10T14:30:03.559+0000] {processor.py:830} INFO - Processing file /opt/airflow/dags/flight-pipeline.py for tasks to queue
[2026-05-10T14:30:03.560+0000] {logging_mixin.py:188} INFO - [2026-05-10T14:30:03.560+0000] {dagbag.py:545} INFO - Filling up the DagBag from /opt/airflow/dags/flight-pipeline.py
[2026-05-10T14:30:03.566+0000] {processor.py:840} INFO - DAG(s) 'flights_ops_medallion_pipe' retrieved from /opt/airflow/dags/flight-pipeline.py
[2026-05-10T14:30:03.583+0000] {logging_mixin.py:188} INFO - [2026-05-10T14:30:03.583+0000] {dag.py:3089} INFO - Sync 1 DAGs
[2026-05-10T14:30:03.596+0000] {logging_mixin.py:188} INFO - [2026-05-10T14:30:03.596+0000] {dag.py:3947} INFO - Setting next_dagrun for flights_ops_medallion_pipe to 2026-05-10 14:30:00+00:00, run_after=2026-05-10 15:00:00+00:00
[2026-05-10T14:30:03.607+0000] {processor.py:183} INFO - Processing /opt/airflow/dags/flight-pipeline.py took 0.056 seconds
[2026-05-10T14:30:33.680+0000] {processor.py:161} INFO - Started process (PID=60) to work on /opt/airflow/dags/flight-pipeline.py
[2026-05-10T14:30:33.681+0000] {processor.py:830} INFO - Processing file /opt/airflow/dags/flight-pipeline.py for tasks to queue
[2026-05-10T14:30:33.682+0000] {logging_mixin.py:188} INFO - [2026-05-10T14:30:33.681+0000] {dagbag.py:545} INFO - Filling up the DagBag from /opt/airflow/dags/flight-pipeline.py
[2026-05-10T14:30:33.688+0000] {processor.py:840} INFO - DAG(s) 'flights_ops_medallion_pipe' retrieved from /opt/airflow/dags/flight-pipeline.py
[2026-05-10T14:30:33.711+0000] {logging_mixin.py:188} INFO - [2026-05-10T14:30:33.711+0000] {dag.py:3089} INFO - Sync 1 DAGs
[2026-05-10T14:30:33.731+0000] {logging_mixin.py:188} INFO - [2026-05-10T14:30:33.731+0000] {dag.py:3947} INFO - Setting next_dagrun for flights_ops_medallion_pipe to 2026-05-10 14:30:00+00:00, run_after=2026-05-10 15:00:00+00:00
[2026-05-10T14:30:33.743+0000] {processor.py:183} INFO - Processing /opt/airflow/dags/flight-pipeline.py took 0.066 seconds
[2026-05-10T14:31:03.771+0000] {processor.py:161} INFO - Started process (PID=61) to work on /opt/airflow/dags/flight-pipeline.py
[2026-05-10T14:31:03.771+0000] {processor.py:830} INFO - Processing file /opt/airflow/dags/flight-pipeline.py for tasks to queue
[2026-05-10T14:31:03.772+0000] {logging_mixin.py:188} INFO - [2026-05-10T14:31:03.772+0000] {dagbag.py:545} INFO - Filling up the DagBag from /opt/airflow/dags/flight-pipeline.py
[2026-05-10T14:31:03.779+0000] {processor.py:840} INFO - DAG(s) 'flights_ops_medallion_pipe' retrieved from /opt/airflow/dags/flight-pipeline.py
[2026-05-10T14:31:03.796+0000] {logging_mixin.py:188} INFO - [2026-05-10T14:31:03.795+0000] {dag.py:3089} INFO - Sync 1 DAGs
[2026-05-10T14:31:03.809+0000] {logging_mixin.py:188} INFO - [2026-05-10T14:31:03.809+0000] {dag.py:3947} INFO - Setting next_dagrun for flights_ops_medallion_pipe to 2026-05-10 14:30:00+00:00, run_after=2026-05-10 15:00:00+00:00
[2026-05-10T14:31:03.818+0000] {processor.py:183} INFO - Processing /opt/airflow/dags/flight-pipeline.py took 0.050 seconds
[2026-05-10T14:31:09.838+0000] {processor.py:161} INFO - Started process (PID=62) to work on /opt/airflow/dags/flight-pipeline.py
[2026-05-10T14:31:09.838+0000] {processor.py:830} INFO - Processing file /opt/airflow/dags/flight-pipeline.py for tasks to queue
[2026-05-10T14:31:09.839+0000] {logging_mixin.py:188} INFO - [2026-05-10T14:31:09.839+0000] {dagbag.py:545} INFO - Filling up the DagBag from /opt/airflow/dags/flight-pipeline.py
[2026-05-10T14:31:09.846+0000] {processor.py:840} INFO - DAG(s) 'flights_ops_medallion_pipe' retrieved from /opt/airflow/dags/flight-pipeline.py
[2026-05-10T14:31:09.862+0000] {logging_mixin.py:188} INFO - [2026-05-10T14:31:09.862+0000] {dag.py:3089} INFO - Sync 1 DAGs
[2026-05-10T14:31:09.876+0000] {logging_mixin.py:188} INFO - [2026-05-10T14:31:09.875+0000] {dag.py:3947} INFO - Setting next_dagrun for flights_ops_medallion_pipe to 2026-05-10 14:30:00+00:00, run_after=2026-05-10 15:00:00+00:00
[2026-05-10T14:31:09.887+0000] {processor.py:183} INFO - Processing /opt/airflow/dags/flight-pipeline.py took 0.052 seconds
[2026-05-10T14:31:10.848+0000] {processor.py:161} INFO - Started process (PID=63) to work on /opt/airflow/dags/flight-pipeline.py
[2026-05-10T14:31:10.849+0000] {processor.py:830} INFO - Processing file /opt/airflow/dags/flight-pipeline.py for tasks to queue
[2026-05-10T14:31:10.850+0000] {logging_mixin.py:188} INFO - [2026-05-10T14:31:10.850+0000] {dagbag.py:545} INFO - Filling up the DagBag from /opt/airflow/dags/flight-pipeline.py
[2026-05-10T14:31:10.857+0000] {processor.py:840} INFO - DAG(s) 'flights_ops_medallion_pipe' retrieved from /opt/airflow/dags/flight-pipeline.py
[2026-05-10T14:31:10.873+0000] {logging_mixin.py:188} INFO - [2026-05-10T14:31:10.873+0000] {dag.py:3089} INFO - Sync 1 DAGs
[2026-05-10T14:31:10.887+0000] {logging_mixin.py:188} INFO - [2026-05-10T14:31:10.886+0000] {dag.py:3947} INFO - Setting next_dagrun for flights_ops_medallion_pipe to 2026-05-10 14:30:00+00:00, run_after=2026-05-10 15:00:00+00:00
[2026-05-10T14:31:10.898+0000] {processor.py:183} INFO - Processing /opt/airflow/dags/flight-pipeline.py took 0.052 seconds
[2026-05-10T14:31:40.994+0000] {processor.py:161} INFO - Started process (PID=64) to work on /opt/airflow/dags/flight-pipeline.py
[2026-05-10T14:31:40.995+0000] {processor.py:830} INFO - Processing file /opt/airflow/dags/flight-pipeline.py for tasks to queue
[2026-05-10T14:31:40.996+0000] {logging_mixin.py:188} INFO - [2026-05-10T14:31:40.996+0000] {dagbag.py:545} INFO - Filling up the DagBag from /opt/airflow/dags/flight-pipeline.py
[2026-05-10T14:31:41.003+0000] {processor.py:840} INFO - DAG(s) 'flights_ops_medallion_pipe' retrieved from /opt/airflow/dags/flight-pipeline.py
[2026-05-10T14:31:41.019+0000] {logging_mixin.py:188} INFO - [2026-05-10T14:31:41.019+0000] {dag.py:3089} INFO - Sync 1 DAGs
[2026-05-10T14:31:41.032+0000] {logging_mixin.py:188} INFO - [2026-05-10T14:31:41.032+0000] {dag.py:3947} INFO - Setting next_dagrun for flights_ops_medallion_pipe to 2026-05-10 14:30:00+00:00, run_after=2026-05-10 15:00:00+00:00
[2026-05-10T14:31:41.043+0000] {processor.py:183} INFO - Processing /opt/airflow/dags/flight-pipeline.py took 0.052 seconds
[2026-05-10T14:32:11.092+0000] {processor.py:161} INFO - Started process (PID=65) to work on /opt/airflow/dags/flight-pipeline.py
[2026-05-10T14:32:11.092+0000] {processor.py:830} INFO - Processing file /opt/airflow/dags/flight-pipeline.py for tasks to queue
[2026-05-10T14:32:11.093+0000] {logging_mixin.py:188} INFO - [2026-05-10T14:32:11.093+0000] {dagbag.py:545} INFO - Filling up the DagBag from /opt/airflow/dags/flight-pipeline.py
[2026-05-10T14:32:11.099+0000] {processor.py:840} INFO - DAG(s) 'flights_ops_medallion_pipe' retrieved from /opt/airflow/dags/flight-pipeline.py
[2026-05-10T14:32:11.116+0000] {logging_mixin.py:188} INFO - [2026-05-10T14:32:11.116+0000] {dag.py:3089} INFO - Sync 1 DAGs
[2026-05-10T14:32:11.129+0000] {logging_mixin.py:188} INFO - [2026-05-10T14:32:11.129+0000] {dag.py:3947} INFO - Setting next_dagrun for flights_ops_medallion_pipe to 2026-05-10 14:30:00+00:00, run_after=2026-05-10 15:00:00+00:00
[2026-05-10T14:32:11.147+0000] {processor.py:183} INFO - Processing /opt/airflow/dags/flight-pipeline.py took 0.058 seconds
[2026-05-10T14:32:41.208+0000] {processor.py:161} INFO - Started process (PID=66) to work on /opt/airflow/dags/flight-pipeline.py
[2026-05-10T14:32:41.212+0000] {processor.py:830} INFO - Processing file /opt/airflow/dags/flight-pipeline.py for tasks to queue
[2026-05-10T14:32:41.214+0000] {logging_mixin.py:188} INFO - [2026-05-10T14:32:41.214+0000] {dagbag.py:545} INFO - Filling up the DagBag from /opt/airflow/dags/flight-pipeline.py
[2026-05-10T14:32:41.220+0000] {processor.py:840} INFO - DAG(s) 'flights_ops_medallion_pipe' retrieved from /opt/airflow/dags/flight-pipeline.py
[2026-05-10T14:32:41.237+0000] {logging_mixin.py:188} INFO - [2026-05-10T14:32:41.236+0000] {dag.py:3089} INFO - Sync 1 DAGs
[2026-05-10T14:32:41.250+0000] {logging_mixin.py:188} INFO - [2026-05-10T14:32:41.250+0000] {dag.py:3947} INFO - Setting next_dagrun for flights_ops_medallion_pipe to 2026-05-10 14:30:00+00:00, run_after=2026-05-10 15:00:00+00:00
[2026-05-10T14:32:41.260+0000] {processor.py:183} INFO - Processing /opt/airflow/dags/flight-pipeline.py took 0.055 seconds
[2026-05-10T14:33:11.319+0000] {processor.py:161} INFO - Started process (PID=67) to work on /opt/airflow/dags/flight-pipeline.py
[2026-05-10T14:33:11.320+0000] {processor.py:830} INFO - Processing file /opt/airflow/dags/flight-pipeline.py for tasks to queue
[2026-05-10T14:33:11.321+0000] {logging_mixin.py:188} INFO - [2026-05-10T14:33:11.320+0000] {dagbag.py:545} INFO - Filling up the DagBag from /opt/airflow/dags/flight-pipeline.py
[2026-05-10T14:33:11.328+0000] {processor.py:840} INFO - DAG(s) 'flights_ops_medallion_pipe' retrieved from /opt/airflow/dags/flight-pipeline.py
[2026-05-10T14:33:11.347+0000] {logging_mixin.py:188} INFO - [2026-05-10T14:33:11.347+0000] {dag.py:3089} INFO - Sync 1 DAGs
[2026-05-10T14:33:11.362+0000] {logging_mixin.py:188} INFO - [2026-05-10T14:33:11.362+0000] {dag.py:3947} INFO - Setting next_dagrun for flights_ops_medallion_pipe to 2026-05-10 14:30:00+00:00, run_after=2026-05-10 15:00:00+00:00
[2026-05-10T14:33:11.373+0000] {processor.py:183} INFO - Processing /opt/airflow/dags/flight-pipeline.py took 0.058 seconds
[2026-05-10T14:33:41.421+0000] {processor.py:161} INFO - Started process (PID=94) to work on /opt/airflow/dags/flight-pipeline.py
[2026-05-10T14:33:41.426+0000] {processor.py:830} INFO - Processing file /opt/airflow/dags/flight-pipeline.py for tasks to queue
[2026-05-10T14:33:41.427+0000] {logging_mixin.py:188} INFO - [2026-05-10T14:33:41.427+0000] {dagbag.py:545} INFO - Filling up the DagBag from /opt/airflow/dags/flight-pipeline.py
[2026-05-10T14:33:41.433+0000] {processor.py:840} INFO - DAG(s) 'flights_ops_medallion_pipe' retrieved from /opt/airflow/dags/flight-pipeline.py
[2026-05-10T14:33:41.450+0000] {logging_mixin.py:188} INFO - [2026-05-10T14:33:41.450+0000] {dag.py:3089} INFO - Sync 1 DAGs
[2026-05-10T14:33:41.463+0000] {logging_mixin.py:188} INFO - [2026-05-10T14:33:41.463+0000] {dag.py:3947} INFO - Setting next_dagrun for flights_ops_medallion_pipe to 2026-05-10 14:30:00+00:00, run_after=2026-05-10 15:00:00+00:00
[2026-05-10T14:33:41.473+0000] {processor.py:183} INFO - Processing /opt/airflow/dags/flight-pipeline.py took 0.055 seconds
[2026-05-10T14:34:11.538+0000] {processor.py:161} INFO - Started process (PID=95) to work on /opt/airflow/dags/flight-pipeline.py
[2026-05-10T14:34:11.539+0000] {processor.py:830} INFO - Processing file /opt/airflow/dags/flight-pipeline.py for tasks to queue
[2026-05-10T14:34:11.540+0000] {logging_mixin.py:188} INFO - [2026-05-10T14:34:11.539+0000] {dagbag.py:545} INFO - Filling up the DagBag from /opt/airflow/dags/flight-pipeline.py
[2026-05-10T14:34:11.547+0000] {processor.py:840} INFO - DAG(s) 'flights_ops_medallion_pipe' retrieved from /opt/airflow/dags/flight-pipeline.py
[2026-05-10T14:34:11.565+0000] {logging_mixin.py:188} INFO - [2026-05-10T14:34:11.564+0000] {dag.py:3089} INFO - Sync 1 DAGs
[2026-05-10T14:34:11.579+0000] {logging_mixin.py:188} INFO - [2026-05-10T14:34:11.578+0000] {dag.py:3947} INFO - Setting next_dagrun for flights_ops_medallion_pipe to 2026-05-10 14:30:00+00:00, run_after=2026-05-10 15:00:00+00:00
[2026-05-10T14:34:11.589+0000] {processor.py:183} INFO - Processing /opt/airflow/dags/flight-pipeline.py took 0.054 seconds
[2026-05-10T14:34:41.632+0000] {processor.py:161} INFO - Started process (PID=96) to work on /opt/airflow/dags/flight-pipeline.py
[2026-05-10T14:34:41.637+0000] {processor.py:830} INFO - Processing file /opt/airflow/dags/flight-pipeline.py for tasks to queue
[2026-05-10T14:34:41.638+0000] {logging_mixin.py:188} INFO - [2026-05-10T14:34:41.638+0000] {dagbag.py:545} INFO - Filling up the DagBag from /opt/airflow/dags/flight-pipeline.py
[2026-05-10T14:34:41.644+0000] {processor.py:840} INFO - DAG(s) 'flights_ops_medallion_pipe' retrieved from /opt/airflow/dags/flight-pipeline.py
[2026-05-10T14:34:41.661+0000] {logging_mixin.py:188} INFO - [2026-05-10T14:34:41.661+0000] {dag.py:3089} INFO - Sync 1 DAGs
[2026-05-10T14:34:41.675+0000] {logging_mixin.py:188} INFO - [2026-05-10T14:34:41.675+0000] {dag.py:3947} INFO - Setting next_dagrun for flights_ops_medallion_pipe to 2026-05-10 14:30:00+00:00, run_after=2026-05-10 15:00:00+00:00
[2026-05-10T14:34:41.684+0000] {processor.py:183} INFO - Processing /opt/airflow/dags/flight-pipeline.py took 0.055 seconds
[2026-05-10T14:35:11.749+0000] {processor.py:161} INFO - Started process (PID=97) to work on /opt/airflow/dags/flight-pipeline.py
[2026-05-10T14:35:11.750+0000] {processor.py:830} INFO - Processing file /opt/airflow/dags/flight-pipeline.py for tasks to queue
[2026-05-10T14:35:11.751+0000] {logging_mixin.py:188} INFO - [2026-05-10T14:35:11.750+0000] {dagbag.py:545} INFO - Filling up the DagBag from /opt/airflow/dags/flight-pipeline.py
[2026-05-10T14:35:11.757+0000] {processor.py:840} INFO - DAG(s) 'flights_ops_medallion_pipe' retrieved from /opt/airflow/dags/flight-pipeline.py
[2026-05-10T14:35:11.774+0000] {logging_mixin.py:188} INFO - [2026-05-10T14:35:11.774+0000] {dag.py:3089} INFO - Sync 1 DAGs
[2026-05-10T14:35:11.787+0000] {logging_mixin.py:188} INFO - [2026-05-10T14:35:11.787+0000] {dag.py:3947} INFO - Setting next_dagrun for flights_ops_medallion_pipe to 2026-05-10 14:30:00+00:00, run_after=2026-05-10 15:00:00+00:00
[2026-05-10T14:35:11.798+0000] {processor.py:183} INFO - Processing /opt/airflow/dags/flight-pipeline.py took 0.052 seconds
[2026-05-10T14:35:41.835+0000] {processor.py:161} INFO - Started process (PID=98) to work on /opt/airflow/dags/flight-pipeline.py
[2026-05-10T14:35:41.840+0000] {processor.py:830} INFO - Processing file /opt/airflow/dags/flight-pipeline.py for tasks to queue
[2026-05-10T14:35:41.841+0000] {logging_mixin.py:188} INFO - [2026-05-10T14:35:41.841+0000] {dagbag.py:545} INFO - Filling up the DagBag from /opt/airflow/dags/flight-pipeline.py
[2026-05-10T14:35:41.848+0000] {processor.py:840} INFO - DAG(s) 'flights_ops_medallion_pipe' retrieved from /opt/airflow/dags/flight-pipeline.py
[2026-05-10T14:35:41.866+0000] {logging_mixin.py:188} INFO - [2026-05-10T14:35:41.865+0000] {dag.py:3089} INFO - Sync 1 DAGs
[2026-05-10T14:35:41.880+0000] {logging_mixin.py:188} INFO - [2026-05-10T14:35:41.880+0000] {dag.py:3947} INFO - Setting next_dagrun for flights_ops_medallion_pipe to 2026-05-10 14:30:00+00:00, run_after=2026-05-10 15:00:00+00:00
[2026-05-10T14:35:41.891+0000] {processor.py:183} INFO - Processing /opt/airflow/dags/flight-pipeline.py took 0.060 seconds
[2026-05-10T14:35:45.887+0000] {processor.py:161} INFO - Started process (PID=99) to work on /opt/airflow/dags/flight-pipeline.py
[2026-05-10T14:35:45.887+0000] {processor.py:830} INFO - Processing file /opt/airflow/dags/flight-pipeline.py for tasks to queue
[2026-05-10T14:35:45.888+0000] {logging_mixin.py:188} INFO - [2026-05-10T14:35:45.888+0000] {dagbag.py:545} INFO - Filling up the DagBag from /opt/airflow/dags/flight-pipeline.py
[2026-05-10T14:35:45.895+0000] {processor.py:840} INFO - DAG(s) 'flights_ops_medallion_pipe' retrieved from /opt/airflow/dags/flight-pipeline.py
[2026-05-10T14:35:45.912+0000] {logging_mixin.py:188} INFO - [2026-05-10T14:35:45.912+0000] {dag.py:3089} INFO - Sync 1 DAGs
[2026-05-10T14:35:45.926+0000] {logging_mixin.py:188} INFO - [2026-05-10T14:35:45.926+0000] {dag.py:3947} INFO - Setting next_dagrun for flights_ops_medallion_pipe to 2026-05-10 14:30:00+00:00, run_after=2026-05-10 15:00:00+00:00
[2026-05-10T14:35:45.938+0000] {processor.py:183} INFO - Processing /opt/airflow/dags/flight-pipeline.py took 0.055 seconds
[2026-05-10T14:35:49.927+0000] {processor.py:161} INFO - Started process (PID=100) to work on /opt/airflow/dags/flight-pipeline.py
[2026-05-10T14:35:49.928+0000] {processor.py:830} INFO - Processing file /opt/airflow/dags/flight-pipeline.py for tasks to queue
[2026-05-10T14:35:49.929+0000] {logging_mixin.py:188} INFO - [2026-05-10T14:35:49.929+0000] {dagbag.py:545} INFO - Filling up the DagBag from /opt/airflow/dags/flight-pipeline.py
[2026-05-10T14:35:49.937+0000] {processor.py:840} INFO - DAG(s) 'flights_ops_medallion_pipe' retrieved from /opt/airflow/dags/flight-pipeline.py
[2026-05-10T14:35:49.957+0000] {logging_mixin.py:188} INFO - [2026-05-10T14:35:49.956+0000] {dag.py:3089} INFO - Sync 1 DAGs
[2026-05-10T14:35:49.973+0000] {logging_mixin.py:188} INFO - [2026-05-10T14:35:49.973+0000] {dag.py:3947} INFO - Setting next_dagrun for flights_ops_medallion_pipe to 2026-05-10 14:30:00+00:00, run_after=2026-05-10 15:00:00+00:00
[2026-05-10T14:35:49.992+0000] {processor.py:183} INFO - Processing /opt/airflow/dags/flight-pipeline.py took 0.068 seconds
[2026-05-10T14:36:20.048+0000] {processor.py:161} INFO - Started process (PID=101) to work on /opt/airflow/dags/flight-pipeline.py
[2026-05-10T14:36:20.053+0000] {processor.py:830} INFO - Processing file /opt/airflow/dags/flight-pipeline.py for tasks to queue
[2026-05-10T14:36:20.054+0000] {logging_mixin.py:188} INFO - [2026-05-10T14:36:20.054+0000] {dagbag.py:545} INFO - Filling up the DagBag from /opt/airflow/dags/flight-pipeline.py
[2026-05-10T14:36:20.062+0000] {processor.py:840} INFO - DAG(s) 'flights_ops_medallion_pipe' retrieved from /opt/airflow/dags/flight-pipeline.py
[2026-05-10T14:36:20.080+0000] {logging_mixin.py:188} INFO - [2026-05-10T14:36:20.080+0000] {dag.py:3089} INFO - Sync 1 DAGs
[2026-05-10T14:36:20.096+0000] {logging_mixin.py:188} INFO - [2026-05-10T14:36:20.096+0000] {dag.py:3947} INFO - Setting next_dagrun for flights_ops_medallion_pipe to 2026-05-10 14:30:00+00:00, run_after=2026-05-10 15:00:00+00:00
[2026-05-10T14:36:20.107+0000] {processor.py:183} INFO - Processing /opt/airflow/dags/flight-pipeline.py took 0.063 seconds
[2026-05-10T14:36:50.157+0000] {processor.py:161} INFO - Started process (PID=102) to work on /opt/airflow/dags/flight-pipeline.py
[2026-05-10T14:36:50.158+0000] {processor.py:830} INFO - Processing file /opt/airflow/dags/flight-pipeline.py for tasks to queue
[2026-05-10T14:36:50.159+0000] {logging_mixin.py:188} INFO - [2026-05-10T14:36:50.159+0000] {dagbag.py:545} INFO - Filling up the DagBag from /opt/airflow/dags/flight-pipeline.py
[2026-05-10T14:36:50.166+0000] {processor.py:840} INFO - DAG(s) 'flights_ops_medallion_pipe' retrieved from /opt/airflow/dags/flight-pipeline.py
[2026-05-10T14:36:50.186+0000] {logging_mixin.py:188} INFO - [2026-05-10T14:36:50.185+0000] {dag.py:3089} INFO - Sync 1 DAGs
[2026-05-10T14:36:50.201+0000] {logging_mixin.py:188} INFO - [2026-05-10T14:36:50.201+0000] {dag.py:3947} INFO - Setting next_dagrun for flights_ops_medallion_pipe to 2026-05-10 14:30:00+00:00, run_after=2026-05-10 15:00:00+00:00
[2026-05-10T14:36:50.214+0000] {processor.py:183} INFO - Processing /opt/airflow/dags/flight-pipeline.py took 0.060 seconds
[2026-05-10T14:37:20.269+0000] {processor.py:161} INFO - Started process (PID=103) to work on /opt/airflow/dags/flight-pipeline.py
[2026-05-10T14:37:20.274+0000] {processor.py:830} INFO - Processing file /opt/airflow/dags/flight-pipeline.py for tasks to queue
[2026-05-10T14:37:20.275+0000] {logging_mixin.py:188} INFO - [2026-05-10T14:37:20.275+0000] {dagbag.py:545} INFO - Filling up the DagBag from /opt/airflow/dags/flight-pipeline.py
[2026-05-10T14:37:20.282+0000] {processor.py:840} INFO - DAG(s) 'flights_ops_medallion_pipe' retrieved from /opt/airflow/dags/flight-pipeline.py
[2026-05-10T14:37:20.300+0000] {logging_mixin.py:188} INFO - [2026-05-10T14:37:20.300+0000] {dag.py:3089} INFO - Sync 1 DAGs
[2026-05-10T14:37:20.314+0000] {logging_mixin.py:188} INFO - [2026-05-10T14:37:20.314+0000] {dag.py:3947} INFO - Setting next_dagrun for flights_ops_medallion_pipe to 2026-05-10 14:30:00+00:00, run_after=2026-05-10 15:00:00+00:00
[2026-05-10T14:37:20.327+0000] {processor.py:183} INFO - Processing /opt/airflow/dags/flight-pipeline.py took 0.061 seconds
[2026-05-10T14:37:42.355+0000] {processor.py:161} INFO - Started process (PID=104) to work on /opt/airflow/dags/flight-pipeline.py
[2026-05-10T14:37:42.355+0000] {processor.py:830} INFO - Processing file /opt/airflow/dags/flight-pipeline.py for tasks to queue
[2026-05-10T14:37:42.356+0000] {logging_mixin.py:188} INFO - [2026-05-10T14:37:42.356+0000] {dagbag.py:545} INFO - Filling up the DagBag from /opt/airflow/dags/flight-pipeline.py
[2026-05-10T14:37:42.363+0000] {processor.py:840} INFO - DAG(s) 'flights_ops_medallion_pipe' retrieved from /opt/airflow/dags/flight-pipeline.py
[2026-05-10T14:37:42.381+0000] {logging_mixin.py:188} INFO - [2026-05-10T14:37:42.381+0000] {dag.py:3089} INFO - Sync 1 DAGs
[2026-05-10T14:37:42.396+0000] {logging_mixin.py:188} INFO - [2026-05-10T14:37:42.396+0000] {dag.py:3947} INFO - Setting next_dagrun for flights_ops_medallion_pipe to 2026-05-10 14:30:00+00:00, run_after=2026-05-10 15:00:00+00:00
[2026-05-10T14:37:42.407+0000] {processor.py:183} INFO - Processing /opt/airflow/dags/flight-pipeline.py took 0.055 seconds
[2026-05-10T14:37:58.437+0000] {processor.py:161} INFO - Started process (PID=105) to work on /opt/airflow/dags/flight-pipeline.py
[2026-05-10T14:37:58.442+0000] {processor.py:830} INFO - Processing file /opt/airflow/dags/flight-pipeline.py for tasks to queue
[2026-05-10T14:37:58.443+0000] {logging_mixin.py:188} INFO - [2026-05-10T14:37:58.443+0000] {dagbag.py:545} INFO - Filling up the DagBag from /opt/airflow/dags/flight-pipeline.py
[2026-05-10T14:37:58.450+0000] {processor.py:840} INFO - DAG(s) 'flights_ops_medallion_pipe' retrieved from /opt/airflow/dags/flight-pipeline.py
[2026-05-10T14:37:58.468+0000] {logging_mixin.py:188} INFO - [2026-05-10T14:37:58.468+0000] {dag.py:3089} INFO - Sync 1 DAGs
[2026-05-10T14:37:58.482+0000] {logging_mixin.py:188} INFO - [2026-05-10T14:37:58.482+0000] {dag.py:3947} INFO - Setting next_dagrun for flights_ops_medallion_pipe to 2026-05-10 14:30:00+00:00, run_after=2026-05-10 15:00:00+00:00
[2026-05-10T14:37:58.494+0000] {processor.py:183} INFO - Processing /opt/airflow/dags/flight-pipeline.py took 0.060 seconds
[2026-05-10T14:38:06.488+0000] {processor.py:161} INFO - Started process (PID=106) to work on /opt/airflow/dags/flight-pipeline.py
[2026-05-10T14:38:06.488+0000] {processor.py:830} INFO - Processing file /opt/airflow/dags/flight-pipeline.py for tasks to queue
[2026-05-10T14:38:06.490+0000] {logging_mixin.py:188} INFO - [2026-05-10T14:38:06.490+0000] {dagbag.py:545} INFO - Filling up the DagBag from /opt/airflow/dags/flight-pipeline.py
[2026-05-10T14:38:06.492+0000] {logging_mixin.py:188} INFO - [2026-05-10T14:38:06.492+0000] {dagbag.py:355} ERROR - Failed to import: /opt/airflow/dags/flight-pipeline.py
Traceback (most recent call last):
  File "/home/airflow/.local/lib/python3.12/site-packages/airflow/models/dagbag.py", line 351, in parse
    loader.exec_module(new_module)
  File "<frozen importlib._bootstrap_external>", line 991, in exec_module
  File "<frozen importlib._bootstrap_external>", line 1129, in get_code
  File "<frozen importlib._bootstrap_external>", line 1059, in source_to_code
  File "<frozen importlib._bootstrap>", line 488, in _call_with_frames_removed
  File "/opt/airflow/dags/flight-pipeline.py", line 16
    "owner": "airflow",p
                       ^
SyntaxError: ':' expected after dictionary key
[2026-05-10T14:38:06.493+0000] {processor.py:842} WARNING - No viable dags retrieved from /opt/airflow/dags/flight-pipeline.py
[2026-05-10T14:38:06.508+0000] {processor.py:183} INFO - Processing /opt/airflow/dags/flight-pipeline.py took 0.026 seconds
[2026-05-10T14:38:08.494+0000] {processor.py:161} INFO - Started process (PID=107) to work on /opt/airflow/dags/flight-pipeline.py
[2026-05-10T14:38:08.495+0000] {processor.py:830} INFO - Processing file /opt/airflow/dags/flight-pipeline.py for tasks to queue
[2026-05-10T14:38:08.496+0000] {logging_mixin.py:188} INFO - [2026-05-10T14:38:08.496+0000] {dagbag.py:545} INFO - Filling up the DagBag from /opt/airflow/dags/flight-pipeline.py
[2026-05-10T14:38:08.498+0000] {logging_mixin.py:188} INFO - [2026-05-10T14:38:08.497+0000] {dagbag.py:355} ERROR - Failed to import: /opt/airflow/dags/flight-pipeline.py
Traceback (most recent call last):
  File "/home/airflow/.local/lib/python3.12/site-packages/airflow/models/dagbag.py", line 351, in parse
    loader.exec_module(new_module)
  File "<frozen importlib._bootstrap_external>", line 991, in exec_module
  File "<frozen importlib._bootstrap_external>", line 1129, in get_code
  File "<frozen importlib._bootstrap_external>", line 1059, in source_to_code
  File "<frozen importlib._bootstrap>", line 488, in _call_with_frames_removed
  File "/opt/airflow/dags/flight-pipeline.py", line 16
    "owner": "airflow",p
                       ^
SyntaxError: ':' expected after dictionary key
[2026-05-10T14:38:08.498+0000] {processor.py:842} WARNING - No viable dags retrieved from /opt/airflow/dags/flight-pipeline.py
[2026-05-10T14:38:08.512+0000] {processor.py:183} INFO - Processing /opt/airflow/dags/flight-pipeline.py took 0.021 seconds
[2026-05-10T14:38:10.503+0000] {processor.py:161} INFO - Started process (PID=108) to work on /opt/airflow/dags/flight-pipeline.py
[2026-05-10T14:38:10.503+0000] {processor.py:830} INFO - Processing file /opt/airflow/dags/flight-pipeline.py for tasks to queue
[2026-05-10T14:38:10.504+0000] {logging_mixin.py:188} INFO - [2026-05-10T14:38:10.504+0000] {dagbag.py:545} INFO - Filling up the DagBag from /opt/airflow/dags/flight-pipeline.py
[2026-05-10T14:38:10.505+0000] {logging_mixin.py:188} INFO - [2026-05-10T14:38:10.505+0000] {dagbag.py:355} ERROR - Failed to import: /opt/airflow/dags/flight-pipeline.py
Traceback (most recent call last):
  File "/home/airflow/.local/lib/python3.12/site-packages/airflow/models/dagbag.py", line 351, in parse
    loader.exec_module(new_module)
  File "<frozen importlib._bootstrap_external>", line 991, in exec_module
  File "<frozen importlib._bootstrap_external>", line 1129, in get_code
  File "<frozen importlib._bootstrap_external>", line 1059, in source_to_code
  File "<frozen importlib._bootstrap>", line 488, in _call_with_frames_removed
  File "/opt/airflow/dags/flight-pipeline.py", line 16
    "owner": "airflow",p
                       ^
SyntaxError: ':' expected after dictionary key
[2026-05-10T14:38:10.506+0000] {processor.py:842} WARNING - No viable dags retrieved from /opt/airflow/dags/flight-pipeline.py
[2026-05-10T14:38:10.519+0000] {processor.py:183} INFO - Processing /opt/airflow/dags/flight-pipeline.py took 0.020 seconds
[2026-05-10T14:38:12.512+0000] {processor.py:161} INFO - Started process (PID=109) to work on /opt/airflow/dags/flight-pipeline.py
[2026-05-10T14:38:12.512+0000] {processor.py:830} INFO - Processing file /opt/airflow/dags/flight-pipeline.py for tasks to queue
[2026-05-10T14:38:12.513+0000] {logging_mixin.py:188} INFO - [2026-05-10T14:38:12.513+0000] {dagbag.py:545} INFO - Filling up the DagBag from /opt/airflow/dags/flight-pipeline.py
[2026-05-10T14:38:12.515+0000] {logging_mixin.py:188} INFO - [2026-05-10T14:38:12.514+0000] {dagbag.py:355} ERROR - Failed to import: /opt/airflow/dags/flight-pipeline.py
Traceback (most recent call last):
  File "/home/airflow/.local/lib/python3.12/site-packages/airflow/models/dagbag.py", line 351, in parse
    loader.exec_module(new_module)
  File "<frozen importlib._bootstrap_external>", line 991, in exec_module
  File "<frozen importlib._bootstrap_external>", line 1129, in get_code
  File "<frozen importlib._bootstrap_external>", line 1059, in source_to_code
  File "<frozen importlib._bootstrap>", line 488, in _call_with_frames_removed
  File "/opt/airflow/dags/flight-pipeline.py", line 16
    "owner": "airflow",p
                       ^
SyntaxError: ':' expected after dictionary key
[2026-05-10T14:38:12.515+0000] {processor.py:842} WARNING - No viable dags retrieved from /opt/airflow/dags/flight-pipeline.py
[2026-05-10T14:38:12.528+0000] {processor.py:183} INFO - Processing /opt/airflow/dags/flight-pipeline.py took 0.020 seconds
[2026-05-10T14:38:24.573+0000] {processor.py:161} INFO - Started process (PID=110) to work on /opt/airflow/dags/flight-pipeline.py
[2026-05-10T14:38:24.574+0000] {processor.py:830} INFO - Processing file /opt/airflow/dags/flight-pipeline.py for tasks to queue
[2026-05-10T14:38:24.575+0000] {logging_mixin.py:188} INFO - [2026-05-10T14:38:24.575+0000] {dagbag.py:545} INFO - Filling up the DagBag from /opt/airflow/dags/flight-pipeline.py
[2026-05-10T14:38:24.581+0000] {processor.py:840} INFO - DAG(s) 'flights_ops_medallion_pipe' retrieved from /opt/airflow/dags/flight-pipeline.py
[2026-05-10T14:38:24.598+0000] {logging_mixin.py:188} INFO - [2026-05-10T14:38:24.598+0000] {dag.py:3089} INFO - Sync 1 DAGs
[2026-05-10T14:38:24.612+0000] {logging_mixin.py:188} INFO - [2026-05-10T14:38:24.612+0000] {dag.py:3947} INFO - Setting next_dagrun for flights_ops_medallion_pipe to 2026-05-10 14:30:00+00:00, run_after=2026-05-10 15:00:00+00:00
[2026-05-10T14:38:24.624+0000] {processor.py:183} INFO - Processing /opt/airflow/dags/flight-pipeline.py took 0.054 seconds
[2026-05-10T14:38:25.583+0000] {processor.py:161} INFO - Started process (PID=111) to work on /opt/airflow/dags/flight-pipeline.py
[2026-05-10T14:38:25.584+0000] {processor.py:830} INFO - Processing file /opt/airflow/dags/flight-pipeline.py for tasks to queue
[2026-05-10T14:38:25.585+0000] {logging_mixin.py:188} INFO - [2026-05-10T14:38:25.585+0000] {dagbag.py:545} INFO - Filling up the DagBag from /opt/airflow/dags/flight-pipeline.py
[2026-05-10T14:38:25.592+0000] {processor.py:840} INFO - DAG(s) 'flights_ops_medallion_pipe' retrieved from /opt/airflow/dags/flight-pipeline.py
[2026-05-10T14:38:25.611+0000] {logging_mixin.py:188} INFO - [2026-05-10T14:38:25.611+0000] {dag.py:3089} INFO - Sync 1 DAGs
[2026-05-10T14:38:25.631+0000] {logging_mixin.py:188} INFO - [2026-05-10T14:38:25.631+0000] {dag.py:3947} INFO - Setting next_dagrun for flights_ops_medallion_pipe to 2026-05-10 14:30:00+00:00, run_after=2026-05-10 15:00:00+00:00
[2026-05-10T14:38:25.644+0000] {processor.py:183} INFO - Processing /opt/airflow/dags/flight-pipeline.py took 0.064 seconds
[2026-05-10T14:38:55.716+0000] {processor.py:161} INFO - Started process (PID=113) to work on /opt/airflow/dags/flight-pipeline.py
[2026-05-10T14:38:55.721+0000] {processor.py:830} INFO - Processing file /opt/airflow/dags/flight-pipeline.py for tasks to queue
[2026-05-10T14:38:55.722+0000] {logging_mixin.py:188} INFO - [2026-05-10T14:38:55.722+0000] {dagbag.py:545} INFO - Filling up the DagBag from /opt/airflow/dags/flight-pipeline.py
[2026-05-10T14:38:55.730+0000] {processor.py:840} INFO - DAG(s) 'flights_ops_medallion_pipe' retrieved from /opt/airflow/dags/flight-pipeline.py
[2026-05-10T14:38:55.749+0000] {logging_mixin.py:188} INFO - [2026-05-10T14:38:55.748+0000] {dag.py:3089} INFO - Sync 1 DAGs
[2026-05-10T14:38:55.764+0000] {logging_mixin.py:188} INFO - [2026-05-10T14:38:55.763+0000] {dag.py:3947} INFO - Setting next_dagrun for flights_ops_medallion_pipe to 2026-05-10 14:30:00+00:00, run_after=2026-05-10 15:00:00+00:00
[2026-05-10T14:38:55.775+0000] {processor.py:183} INFO - Processing /opt/airflow/dags/flight-pipeline.py took 0.063 seconds
[2026-05-10T14:39:25.809+0000] {processor.py:161} INFO - Started process (PID=139) to work on /opt/airflow/dags/flight-pipeline.py
[2026-05-10T14:39:25.809+0000] {processor.py:830} INFO - Processing file /opt/airflow/dags/flight-pipeline.py for tasks to queue
[2026-05-10T14:39:25.810+0000] {logging_mixin.py:188} INFO - [2026-05-10T14:39:25.810+0000] {dagbag.py:545} INFO - Filling up the DagBag from /opt/airflow/dags/flight-pipeline.py
[2026-05-10T14:39:25.817+0000] {processor.py:840} INFO - DAG(s) 'flights_ops_medallion_pipe' retrieved from /opt/airflow/dags/flight-pipeline.py
[2026-05-10T14:39:25.833+0000] {logging_mixin.py:188} INFO - [2026-05-10T14:39:25.833+0000] {dag.py:3089} INFO - Sync 1 DAGs
[2026-05-10T14:39:25.847+0000] {logging_mixin.py:188} INFO - [2026-05-10T14:39:25.847+0000] {dag.py:3947} INFO - Setting next_dagrun for flights_ops_medallion_pipe to 2026-05-10 14:30:00+00:00, run_after=2026-05-10 15:00:00+00:00
[2026-05-10T14:39:25.855+0000] {processor.py:183} INFO - Processing /opt/airflow/dags/flight-pipeline.py took 0.050 seconds
[2026-05-10T14:39:55.935+0000] {processor.py:161} INFO - Started process (PID=140) to work on /opt/airflow/dags/flight-pipeline.py
[2026-05-10T14:39:55.936+0000] {processor.py:830} INFO - Processing file /opt/airflow/dags/flight-pipeline.py for tasks to queue
[2026-05-10T14:39:55.937+0000] {logging_mixin.py:188} INFO - [2026-05-10T14:39:55.936+0000] {dagbag.py:545} INFO - Filling up the DagBag from /opt/airflow/dags/flight-pipeline.py
[2026-05-10T14:39:55.943+0000] {processor.py:840} INFO - DAG(s) 'flights_ops_medallion_pipe' retrieved from /opt/airflow/dags/flight-pipeline.py
[2026-05-10T14:39:55.959+0000] {logging_mixin.py:188} INFO - [2026-05-10T14:39:55.959+0000] {dag.py:3089} INFO - Sync 1 DAGs
[2026-05-10T14:39:55.973+0000] {logging_mixin.py:188} INFO - [2026-05-10T14:39:55.973+0000] {dag.py:3947} INFO - Setting next_dagrun for flights_ops_medallion_pipe to 2026-05-10 14:30:00+00:00, run_after=2026-05-10 15:00:00+00:00
[2026-05-10T14:39:55.983+0000] {processor.py:183} INFO - Processing /opt/airflow/dags/flight-pipeline.py took 0.051 seconds
[2026-05-10T14:40:26.018+0000] {processor.py:161} INFO - Started process (PID=141) to work on /opt/airflow/dags/flight-pipeline.py
[2026-05-10T14:40:26.019+0000] {processor.py:830} INFO - Processing file /opt/airflow/dags/flight-pipeline.py for tasks to queue
[2026-05-10T14:40:26.020+0000] {logging_mixin.py:188} INFO - [2026-05-10T14:40:26.019+0000] {dagbag.py:545} INFO - Filling up the DagBag from /opt/airflow/dags/flight-pipeline.py
[2026-05-10T14:40:26.027+0000] {processor.py:840} INFO - DAG(s) 'flights_ops_medallion_pipe' retrieved from /opt/airflow/dags/flight-pipeline.py
[2026-05-10T14:40:26.045+0000] {logging_mixin.py:188} INFO - [2026-05-10T14:40:26.045+0000] {dag.py:3089} INFO - Sync 1 DAGs
[2026-05-10T14:40:26.059+0000] {logging_mixin.py:188} INFO - [2026-05-10T14:40:26.059+0000] {dag.py:3947} INFO - Setting next_dagrun for flights_ops_medallion_pipe to 2026-05-10 14:30:00+00:00, run_after=2026-05-10 15:00:00+00:00
[2026-05-10T14:40:26.070+0000] {processor.py:183} INFO - Processing /opt/airflow/dags/flight-pipeline.py took 0.055 seconds
[2026-05-10T14:40:56.149+0000] {processor.py:161} INFO - Started process (PID=155) to work on /opt/airflow/dags/flight-pipeline.py
[2026-05-10T14:40:56.154+0000] {processor.py:830} INFO - Processing file /opt/airflow/dags/flight-pipeline.py for tasks to queue
[2026-05-10T14:40:56.155+0000] {logging_mixin.py:188} INFO - [2026-05-10T14:40:56.155+0000] {dagbag.py:545} INFO - Filling up the DagBag from /opt/airflow/dags/flight-pipeline.py
[2026-05-10T14:40:56.161+0000] {processor.py:840} INFO - DAG(s) 'flights_ops_medallion_pipe' retrieved from /opt/airflow/dags/flight-pipeline.py
[2026-05-10T14:40:56.178+0000] {logging_mixin.py:188} INFO - [2026-05-10T14:40:56.177+0000] {dag.py:3089} INFO - Sync 1 DAGs
[2026-05-10T14:40:56.191+0000] {logging_mixin.py:188} INFO - [2026-05-10T14:40:56.191+0000] {dag.py:3947} INFO - Setting next_dagrun for flights_ops_medallion_pipe to 2026-05-10 14:30:00+00:00, run_after=2026-05-10 15:00:00+00:00
[2026-05-10T14:40:56.202+0000] {processor.py:183} INFO - Processing /opt/airflow/dags/flight-pipeline.py took 0.056 seconds
[2026-05-10T14:41:26.235+0000] {processor.py:161} INFO - Started process (PID=156) to work on /opt/airflow/dags/flight-pipeline.py
[2026-05-10T14:41:26.235+0000] {processor.py:830} INFO - Processing file /opt/airflow/dags/flight-pipeline.py for tasks to queue
[2026-05-10T14:41:26.236+0000] {logging_mixin.py:188} INFO - [2026-05-10T14:41:26.236+0000] {dagbag.py:545} INFO - Filling up the DagBag from /opt/airflow/dags/flight-pipeline.py
[2026-05-10T14:41:26.242+0000] {processor.py:840} INFO - DAG(s) 'flights_ops_medallion_pipe' retrieved from /opt/airflow/dags/flight-pipeline.py
[2026-05-10T14:41:26.259+0000] {logging_mixin.py:188} INFO - [2026-05-10T14:41:26.259+0000] {dag.py:3089} INFO - Sync 1 DAGs
[2026-05-10T14:41:26.273+0000] {logging_mixin.py:188} INFO - [2026-05-10T14:41:26.273+0000] {dag.py:3947} INFO - Setting next_dagrun for flights_ops_medallion_pipe to 2026-05-10 14:30:00+00:00, run_after=2026-05-10 15:00:00+00:00
[2026-05-10T14:41:26.282+0000] {processor.py:183} INFO - Processing /opt/airflow/dags/flight-pipeline.py took 0.050 seconds
[2026-05-10T14:41:56.360+0000] {processor.py:161} INFO - Started process (PID=157) to work on /opt/airflow/dags/flight-pipeline.py
[2026-05-10T14:41:56.365+0000] {processor.py:830} INFO - Processing file /opt/airflow/dags/flight-pipeline.py for tasks to queue
[2026-05-10T14:41:56.366+0000] {logging_mixin.py:188} INFO - [2026-05-10T14:41:56.366+0000] {dagbag.py:545} INFO - Filling up the DagBag from /opt/airflow/dags/flight-pipeline.py
[2026-05-10T14:41:56.373+0000] {processor.py:840} INFO - DAG(s) 'flights_ops_medallion_pipe' retrieved from /opt/airflow/dags/flight-pipeline.py
[2026-05-10T14:41:56.393+0000] {logging_mixin.py:188} INFO - [2026-05-10T14:41:56.393+0000] {dag.py:3089} INFO - Sync 1 DAGs
[2026-05-10T14:41:56.408+0000] {logging_mixin.py:188} INFO - [2026-05-10T14:41:56.408+0000] {dag.py:3947} INFO - Setting next_dagrun for flights_ops_medallion_pipe to 2026-05-10 14:30:00+00:00, run_after=2026-05-10 15:00:00+00:00
[2026-05-10T14:41:56.418+0000] {processor.py:183} INFO - Processing /opt/airflow/dags/flight-pipeline.py took 0.062 seconds
[2026-05-10T14:42:26.458+0000] {processor.py:161} INFO - Started process (PID=158) to work on /opt/airflow/dags/flight-pipeline.py
[2026-05-10T14:42:26.458+0000] {processor.py:830} INFO - Processing file /opt/airflow/dags/flight-pipeline.py for tasks to queue
[2026-05-10T14:42:26.459+0000] {logging_mixin.py:188} INFO - [2026-05-10T14:42:26.459+0000] {dagbag.py:545} INFO - Filling up the DagBag from /opt/airflow/dags/flight-pipeline.py
[2026-05-10T14:42:26.467+0000] {processor.py:840} INFO - DAG(s) 'flights_ops_medallion_pipe' retrieved from /opt/airflow/dags/flight-pipeline.py
[2026-05-10T14:42:26.485+0000] {logging_mixin.py:188} INFO - [2026-05-10T14:42:26.485+0000] {dag.py:3089} INFO - Sync 1 DAGs
[2026-05-10T14:42:26.500+0000] {logging_mixin.py:188} INFO - [2026-05-10T14:42:26.500+0000] {dag.py:3947} INFO - Setting next_dagrun for flights_ops_medallion_pipe to 2026-05-10 14:30:00+00:00, run_after=2026-05-10 15:00:00+00:00
[2026-05-10T14:42:26.511+0000] {processor.py:183} INFO - Processing /opt/airflow/dags/flight-pipeline.py took 0.057 seconds
[2026-05-10T14:42:56.586+0000] {processor.py:161} INFO - Started process (PID=159) to work on /opt/airflow/dags/flight-pipeline.py
[2026-05-10T14:42:56.590+0000] {processor.py:830} INFO - Processing file /opt/airflow/dags/flight-pipeline.py for tasks to queue
[2026-05-10T14:42:56.591+0000] {logging_mixin.py:188} INFO - [2026-05-10T14:42:56.591+0000] {dagbag.py:545} INFO - Filling up the DagBag from /opt/airflow/dags/flight-pipeline.py
[2026-05-10T14:42:56.598+0000] {processor.py:840} INFO - DAG(s) 'flights_ops_medallion_pipe' retrieved from /opt/airflow/dags/flight-pipeline.py
[2026-05-10T14:42:56.616+0000] {logging_mixin.py:188} INFO - [2026-05-10T14:42:56.616+0000] {dag.py:3089} INFO - Sync 1 DAGs
[2026-05-10T14:42:56.630+0000] {logging_mixin.py:188} INFO - [2026-05-10T14:42:56.630+0000] {dag.py:3947} INFO - Setting next_dagrun for flights_ops_medallion_pipe to 2026-05-10 14:30:00+00:00, run_after=2026-05-10 15:00:00+00:00
[2026-05-10T14:42:56.641+0000] {processor.py:183} INFO - Processing /opt/airflow/dags/flight-pipeline.py took 0.060 seconds
[2026-05-10T14:43:26.686+0000] {processor.py:161} INFO - Started process (PID=160) to work on /opt/airflow/dags/flight-pipeline.py
[2026-05-10T14:43:26.686+0000] {processor.py:830} INFO - Processing file /opt/airflow/dags/flight-pipeline.py for tasks to queue
[2026-05-10T14:43:26.688+0000] {logging_mixin.py:188} INFO - [2026-05-10T14:43:26.687+0000] {dagbag.py:545} INFO - Filling up the DagBag from /opt/airflow/dags/flight-pipeline.py
[2026-05-10T14:43:26.694+0000] {processor.py:840} INFO - DAG(s) 'flights_ops_medallion_pipe' retrieved from /opt/airflow/dags/flight-pipeline.py
[2026-05-10T14:43:26.711+0000] {logging_mixin.py:188} INFO - [2026-05-10T14:43:26.711+0000] {dag.py:3089} INFO - Sync 1 DAGs
[2026-05-10T14:43:26.725+0000] {logging_mixin.py:188} INFO - [2026-05-10T14:43:26.724+0000] {dag.py:3947} INFO - Setting next_dagrun for flights_ops_medallion_pipe to 2026-05-10 14:30:00+00:00, run_after=2026-05-10 15:00:00+00:00
[2026-05-10T14:43:26.735+0000] {processor.py:183} INFO - Processing /opt/airflow/dags/flight-pipeline.py took 0.052 seconds
[2026-05-10T14:43:56.809+0000] {processor.py:161} INFO - Started process (PID=161) to work on /opt/airflow/dags/flight-pipeline.py
[2026-05-10T14:43:56.814+0000] {processor.py:830} INFO - Processing file /opt/airflow/dags/flight-pipeline.py for tasks to queue
[2026-05-10T14:43:56.815+0000] {logging_mixin.py:188} INFO - [2026-05-10T14:43:56.815+0000] {dagbag.py:545} INFO - Filling up the DagBag from /opt/airflow/dags/flight-pipeline.py
[2026-05-10T14:43:56.822+0000] {processor.py:840} INFO - DAG(s) 'flights_ops_medallion_pipe' retrieved from /opt/airflow/dags/flight-pipeline.py
[2026-05-10T14:43:56.838+0000] {logging_mixin.py:188} INFO - [2026-05-10T14:43:56.838+0000] {dag.py:3089} INFO - Sync 1 DAGs
[2026-05-10T14:43:56.851+0000] {logging_mixin.py:188} INFO - [2026-05-10T14:43:56.851+0000] {dag.py:3947} INFO - Setting next_dagrun for flights_ops_medallion_pipe to 2026-05-10 14:30:00+00:00, run_after=2026-05-10 15:00:00+00:00
[2026-05-10T14:43:56.862+0000] {processor.py:183} INFO - Processing /opt/airflow/dags/flight-pipeline.py took 0.057 seconds
[2026-05-10T14:44:26.905+0000] {processor.py:161} INFO - Started process (PID=162) to work on /opt/airflow/dags/flight-pipeline.py
[2026-05-10T14:44:26.906+0000] {processor.py:830} INFO - Processing file /opt/airflow/dags/flight-pipeline.py for tasks to queue
[2026-05-10T14:44:26.907+0000] {logging_mixin.py:188} INFO - [2026-05-10T14:44:26.907+0000] {dagbag.py:545} INFO - Filling up the DagBag from /opt/airflow/dags/flight-pipeline.py
[2026-05-10T14:44:26.913+0000] {processor.py:840} INFO - DAG(s) 'flights_ops_medallion_pipe' retrieved from /opt/airflow/dags/flight-pipeline.py
[2026-05-10T14:44:26.930+0000] {logging_mixin.py:188} INFO - [2026-05-10T14:44:26.930+0000] {dag.py:3089} INFO - Sync 1 DAGs
[2026-05-10T14:44:26.944+0000] {logging_mixin.py:188} INFO - [2026-05-10T14:44:26.944+0000] {dag.py:3947} INFO - Setting next_dagrun for flights_ops_medallion_pipe to 2026-05-10 14:30:00+00:00, run_after=2026-05-10 15:00:00+00:00
[2026-05-10T14:44:26.953+0000] {processor.py:183} INFO - Processing /opt/airflow/dags/flight-pipeline.py took 0.051 seconds
[2026-05-10T14:44:57.033+0000] {processor.py:161} INFO - Started process (PID=163) to work on /opt/airflow/dags/flight-pipeline.py
[2026-05-10T14:44:57.037+0000] {processor.py:830} INFO - Processing file /opt/airflow/dags/flight-pipeline.py for tasks to queue
[2026-05-10T14:44:57.039+0000] {logging_mixin.py:188} INFO - [2026-05-10T14:44:57.038+0000] {dagbag.py:545} INFO - Filling up the DagBag from /opt/airflow/dags/flight-pipeline.py
[2026-05-10T14:44:57.045+0000] {processor.py:840} INFO - DAG(s) 'flights_ops_medallion_pipe' retrieved from /opt/airflow/dags/flight-pipeline.py
[2026-05-10T14:44:57.062+0000] {logging_mixin.py:188} INFO - [2026-05-10T14:44:57.061+0000] {dag.py:3089} INFO - Sync 1 DAGs
[2026-05-10T14:44:57.075+0000] {logging_mixin.py:188} INFO - [2026-05-10T14:44:57.075+0000] {dag.py:3947} INFO - Setting next_dagrun for flights_ops_medallion_pipe to 2026-05-10 14:30:00+00:00, run_after=2026-05-10 15:00:00+00:00
[2026-05-10T14:44:57.085+0000] {processor.py:183} INFO - Processing /opt/airflow/dags/flight-pipeline.py took 0.056 seconds
[2026-05-10T14:45:27.134+0000] {processor.py:161} INFO - Started process (PID=164) to work on /opt/airflow/dags/flight-pipeline.py
[2026-05-10T14:45:27.134+0000] {processor.py:830} INFO - Processing file /opt/airflow/dags/flight-pipeline.py for tasks to queue
[2026-05-10T14:45:27.135+0000] {logging_mixin.py:188} INFO - [2026-05-10T14:45:27.135+0000] {dagbag.py:545} INFO - Filling up the DagBag from /opt/airflow/dags/flight-pipeline.py
[2026-05-10T14:45:27.143+0000] {processor.py:840} INFO - DAG(s) 'flights_ops_medallion_pipe' retrieved from /opt/airflow/dags/flight-pipeline.py
[2026-05-10T14:45:27.165+0000] {logging_mixin.py:188} INFO - [2026-05-10T14:45:27.164+0000] {dag.py:3089} INFO - Sync 1 DAGs
[2026-05-10T14:45:27.181+0000] {logging_mixin.py:188} INFO - [2026-05-10T14:45:27.181+0000] {dag.py:3947} INFO - Setting next_dagrun for flights_ops_medallion_pipe to 2026-05-10 14:30:00+00:00, run_after=2026-05-10 15:00:00+00:00
[2026-05-10T14:45:27.193+0000] {processor.py:183} INFO - Processing /opt/airflow/dags/flight-pipeline.py took 0.063 seconds
[2026-05-10T14:45:57.243+0000] {processor.py:161} INFO - Started process (PID=165) to work on /opt/airflow/dags/flight-pipeline.py
[2026-05-10T14:45:57.248+0000] {processor.py:830} INFO - Processing file /opt/airflow/dags/flight-pipeline.py for tasks to queue
[2026-05-10T14:45:57.249+0000] {logging_mixin.py:188} INFO - [2026-05-10T14:45:57.249+0000] {dagbag.py:545} INFO - Filling up the DagBag from /opt/airflow/dags/flight-pipeline.py
[2026-05-10T14:45:57.256+0000] {processor.py:840} INFO - DAG(s) 'flights_ops_medallion_pipe' retrieved from /opt/airflow/dags/flight-pipeline.py
[2026-05-10T14:45:57.273+0000] {logging_mixin.py:188} INFO - [2026-05-10T14:45:57.273+0000] {dag.py:3089} INFO - Sync 1 DAGs
[2026-05-10T14:45:57.287+0000] {logging_mixin.py:188} INFO - [2026-05-10T14:45:57.287+0000] {dag.py:3947} INFO - Setting next_dagrun for flights_ops_medallion_pipe to 2026-05-10 14:30:00+00:00, run_after=2026-05-10 15:00:00+00:00
[2026-05-10T14:45:57.297+0000] {processor.py:183} INFO - Processing /opt/airflow/dags/flight-pipeline.py took 0.058 seconds
[2026-05-10T14:58:12.778+0000] {processor.py:161} INFO - Started process (PID=166) to work on /opt/airflow/dags/flight-pipeline.py
[2026-05-10T14:58:12.779+0000] {processor.py:830} INFO - Processing file /opt/airflow/dags/flight-pipeline.py for tasks to queue
[2026-05-10T14:58:12.781+0000] {logging_mixin.py:188} INFO - [2026-05-10T14:58:12.781+0000] {dagbag.py:545} INFO - Filling up the DagBag from /opt/airflow/dags/flight-pipeline.py
[2026-05-10T14:58:12.793+0000] {processor.py:840} INFO - DAG(s) 'flights_ops_medallion_pipe' retrieved from /opt/airflow/dags/flight-pipeline.py
[2026-05-10T14:58:12.820+0000] {logging_mixin.py:188} INFO - [2026-05-10T14:58:12.819+0000] {dag.py:3089} INFO - Sync 1 DAGs
[2026-05-10T14:58:12.835+0000] {logging_mixin.py:188} INFO - [2026-05-10T14:58:12.835+0000] {dag.py:3947} INFO - Setting next_dagrun for flights_ops_medallion_pipe to 2026-05-10 14:30:00+00:00, run_after=2026-05-10 15:00:00+00:00
[2026-05-10T14:58:12.846+0000] {processor.py:183} INFO - Processing /opt/airflow/dags/flight-pipeline.py took 0.076 seconds
[2026-05-10T14:58:42.874+0000] {processor.py:161} INFO - Started process (PID=167) to work on /opt/airflow/dags/flight-pipeline.py
[2026-05-10T14:58:42.875+0000] {processor.py:830} INFO - Processing file /opt/airflow/dags/flight-pipeline.py for tasks to queue
[2026-05-10T14:58:42.876+0000] {logging_mixin.py:188} INFO - [2026-05-10T14:58:42.875+0000] {dagbag.py:545} INFO - Filling up the DagBag from /opt/airflow/dags/flight-pipeline.py
[2026-05-10T14:58:42.882+0000] {processor.py:840} INFO - DAG(s) 'flights_ops_medallion_pipe' retrieved from /opt/airflow/dags/flight-pipeline.py
[2026-05-10T14:58:42.898+0000] {logging_mixin.py:188} INFO - [2026-05-10T14:58:42.898+0000] {dag.py:3089} INFO - Sync 1 DAGs
[2026-05-10T14:58:42.918+0000] {logging_mixin.py:188} INFO - [2026-05-10T14:58:42.918+0000] {dag.py:3947} INFO - Setting next_dagrun for flights_ops_medallion_pipe to 2026-05-10 14:30:00+00:00, run_after=2026-05-10 15:00:00+00:00
[2026-05-10T14:58:42.930+0000] {processor.py:183} INFO - Processing /opt/airflow/dags/flight-pipeline.py took 0.059 seconds
[2026-05-10T14:59:13.017+0000] {processor.py:161} INFO - Started process (PID=168) to work on /opt/airflow/dags/flight-pipeline.py
[2026-05-10T14:59:13.018+0000] {processor.py:830} INFO - Processing file /opt/airflow/dags/flight-pipeline.py for tasks to queue
[2026-05-10T14:59:13.019+0000] {logging_mixin.py:188} INFO - [2026-05-10T14:59:13.019+0000] {dagbag.py:545} INFO - Filling up the DagBag from /opt/airflow/dags/flight-pipeline.py
[2026-05-10T14:59:13.026+0000] {processor.py:840} INFO - DAG(s) 'flights_ops_medallion_pipe' retrieved from /opt/airflow/dags/flight-pipeline.py
[2026-05-10T14:59:13.042+0000] {logging_mixin.py:188} INFO - [2026-05-10T14:59:13.042+0000] {dag.py:3089} INFO - Sync 1 DAGs
[2026-05-10T14:59:13.056+0000] {logging_mixin.py:188} INFO - [2026-05-10T14:59:13.056+0000] {dag.py:3947} INFO - Setting next_dagrun for flights_ops_medallion_pipe to 2026-05-10 14:30:00+00:00, run_after=2026-05-10 15:00:00+00:00
[2026-05-10T14:59:13.065+0000] {processor.py:183} INFO - Processing /opt/airflow/dags/flight-pipeline.py took 0.051 seconds
[2026-05-10T14:59:43.119+0000] {processor.py:161} INFO - Started process (PID=169) to work on /opt/airflow/dags/flight-pipeline.py
[2026-05-10T14:59:43.119+0000] {processor.py:830} INFO - Processing file /opt/airflow/dags/flight-pipeline.py for tasks to queue
[2026-05-10T14:59:43.121+0000] {logging_mixin.py:188} INFO - [2026-05-10T14:59:43.121+0000] {dagbag.py:545} INFO - Filling up the DagBag from /opt/airflow/dags/flight-pipeline.py
[2026-05-10T14:59:43.128+0000] {processor.py:840} INFO - DAG(s) 'flights_ops_medallion_pipe' retrieved from /opt/airflow/dags/flight-pipeline.py
[2026-05-10T14:59:43.147+0000] {logging_mixin.py:188} INFO - [2026-05-10T14:59:43.146+0000] {dag.py:3089} INFO - Sync 1 DAGs
[2026-05-10T14:59:43.161+0000] {logging_mixin.py:188} INFO - [2026-05-10T14:59:43.161+0000] {dag.py:3947} INFO - Setting next_dagrun for flights_ops_medallion_pipe to 2026-05-10 14:30:00+00:00, run_after=2026-05-10 15:00:00+00:00
[2026-05-10T14:59:43.171+0000] {processor.py:183} INFO - Processing /opt/airflow/dags/flight-pipeline.py took 0.056 seconds
