[2026-05-12T02:22:30.470+0000] {local_task_job_runner.py:120} INFO - ::group::Pre task execution logs
[2026-05-12T02:22:30.488+0000] {taskinstance.py:2076} INFO - Dependencies all met for dep_context=non-requeueable deps ti=<TaskInstance: flights_ops_medallion_pipe.gold_aggregate manual__2026-05-12T02:22:17.403568+00:00 [queued]>
[2026-05-12T02:22:30.493+0000] {taskinstance.py:2076} INFO - Dependencies all met for dep_context=requeueable deps ti=<TaskInstance: flights_ops_medallion_pipe.gold_aggregate manual__2026-05-12T02:22:17.403568+00:00 [queued]>
[2026-05-12T02:22:30.493+0000] {taskinstance.py:2306} INFO - Starting attempt 1 of 1
[2026-05-12T02:22:30.501+0000] {taskinstance.py:2330} INFO - Executing <Task(PythonOperator): gold_aggregate> on 2026-05-12 02:22:17.403568+00:00
[2026-05-12T02:22:30.506+0000] {standard_task_runner.py:90} INFO - Running: ['airflow', 'tasks', 'run', '***_ops_medallion_pipe', 'gold_aggregate', 'manual__2026-05-12T02:22:17.403568+00:00', '--job-id', '66', '--raw', '--subdir', 'DAGS_FOLDER/flight-pipeline.py', '--cfg-path', '/tmp/tmprm1mf45l']
[2026-05-12T02:22:30.508+0000] {logging_mixin.py:188} WARNING - /home/airflow/.local/lib/python3.12/site-packages/airflow/task/task_runner/standard_task_runner.py:62 DeprecationWarning: This process (pid=2443) is multi-threaded, use of fork() may lead to deadlocks in the child.
[2026-05-12T02:22:30.508+0000] {standard_task_runner.py:91} INFO - Job 66: Subtask gold_aggregate
[2026-05-12T02:22:30.508+0000] {standard_task_runner.py:64} INFO - Started process 2456 to run task
[2026-05-12T02:22:30.537+0000] {task_command.py:426} INFO - Running <TaskInstance: flights_ops_medallion_pipe.gold_aggregate manual__2026-05-12T02:22:17.403568+00:00 [running]> on host 78d4856cd6c9
[2026-05-12T02:22:30.587+0000] {taskinstance.py:2648} INFO - Exporting env vars: AIRFLOW_CTX_DAG_OWNER='airflow' AIRFLOW_CTX_DAG_ID='***_ops_medallion_pipe' AIRFLOW_CTX_TASK_ID='gold_aggregate' AIRFLOW_CTX_EXECUTION_DATE='2026-05-12T02:22:17.403568+00:00' AIRFLOW_CTX_TRY_NUMBER='1' AIRFLOW_CTX_DAG_RUN_ID='manual__2026-05-12T02:22:17.403568+00:00'
[2026-05-12T02:22:30.587+0000] {taskinstance.py:430} INFO - ::endgroup::
[2026-05-12T02:22:30.595+0000] {taskinstance.py:441} INFO - ::group::Post task execution logs
[2026-05-12T02:22:30.595+0000] {taskinstance.py:2905} ERROR - Task failed with exception
Traceback (most recent call last):
  File "/home/airflow/.local/lib/python3.12/site-packages/airflow/models/taskinstance.py", line 465, in _execute_task
    result = _execute_callable(context=context, **execute_callable_kwargs)
             ^^^^^^^^^^^^^^^^^^^^^^^^^^^^^^^^^^^^^^^^^^^^^^^^^^^^^^^^^^^^^
  File "/home/airflow/.local/lib/python3.12/site-packages/airflow/models/taskinstance.py", line 432, in _execute_callable
    return execute_callable(context=context, **execute_callable_kwargs)
           ^^^^^^^^^^^^^^^^^^^^^^^^^^^^^^^^^^^^^^^^^^^^^^^^^^^^^^^^^^^^
  File "/home/airflow/.local/lib/python3.12/site-packages/airflow/models/baseoperator.py", line 401, in wrapper
    return func(self, *args, **kwargs)
           ^^^^^^^^^^^^^^^^^^^^^^^^^^^
  File "/home/airflow/.local/lib/python3.12/site-packages/airflow/operators/python.py", line 235, in execute
    return_value = self.execute_callable()
                   ^^^^^^^^^^^^^^^^^^^^^^^
  File "/home/airflow/.local/lib/python3.12/site-packages/airflow/operators/python.py", line 252, in execute_callable
    return self.python_callable(*self.op_args, **self.op_kwargs)
           ^^^^^^^^^^^^^^^^^^^^^^^^^^^^^^^^^^^^^^^^^^^^^^^^^^^^^
  File "/opt/airflow/scripts/gold/gold_aggregate.py", line 5, in run_gold_aggregate
    sillver_file = context["ti"].xcom_pull(
                   ^^^^^^^^^^^^^^^^^^^^^^^^
  File "/home/airflow/.local/lib/python3.12/site-packages/airflow/utils/session.py", line 79, in wrapper
    return func(*args, session=session, **kwargs)
           ^^^^^^^^^^^^^^^^^^^^^^^^^^^^^^^^^^^^^^
TypeError: TaskInstance.xcom_pull() got an unexpected keyword argument 'task_id'
[2026-05-12T02:22:30.601+0000] {taskinstance.py:1206} INFO - Marking task as FAILED. dag_id=***_ops_medallion_pipe, task_id=gold_aggregate, run_id=manual__2026-05-12T02:22:17.403568+00:00, execution_date=20260512T022217, start_date=20260512T022230, end_date=20260512T022230
[2026-05-12T02:22:30.607+0000] {standard_task_runner.py:110} ERROR - Failed to execute job 66 for task gold_aggregate (TaskInstance.xcom_pull() got an unexpected keyword argument 'task_id'; 2456)
[2026-05-12T02:22:30.641+0000] {local_task_job_runner.py:243} INFO - Task exited with return code 1
[2026-05-12T02:22:30.651+0000] {taskinstance.py:3503} INFO - 0 downstream tasks scheduled from follow-on schedule check
[2026-05-12T02:22:30.652+0000] {local_task_job_runner.py:222} INFO - ::endgroup::
