[2026-05-12T06:53:40.170+0000] {local_task_job_runner.py:120} INFO - ::group::Pre task execution logs
[2026-05-12T06:53:40.190+0000] {taskinstance.py:2076} INFO - Dependencies all met for dep_context=non-requeueable deps ti=<TaskInstance: flights_ops_medallion_pipe.silver_transform manual__2026-05-12T06:53:30.645174+00:00 [queued]>
[2026-05-12T06:53:40.195+0000] {taskinstance.py:2076} INFO - Dependencies all met for dep_context=requeueable deps ti=<TaskInstance: flights_ops_medallion_pipe.silver_transform manual__2026-05-12T06:53:30.645174+00:00 [queued]>
[2026-05-12T06:53:40.195+0000] {taskinstance.py:2306} INFO - Starting attempt 1 of 1
[2026-05-12T06:53:40.202+0000] {taskinstance.py:2330} INFO - Executing <Task(PythonOperator): silver_transform> on 2026-05-12 06:53:30.645174+00:00
[2026-05-12T06:53:40.208+0000] {standard_task_runner.py:90} INFO - Running: ['airflow', 'tasks', 'run', '***_ops_medallion_pipe', 'silver_transform', 'manual__2026-05-12T06:53:30.645174+00:00', '--job-id', '136', '--raw', '--subdir', 'DAGS_FOLDER/flight-pipeline.py', '--cfg-path', '/tmp/tmpth_gssta']
[2026-05-12T06:53:40.210+0000] {standard_task_runner.py:91} INFO - Job 136: Subtask silver_transform
[2026-05-12T06:53:40.210+0000] {logging_mixin.py:188} WARNING - /home/airflow/.local/lib/python3.12/site-packages/airflow/task/task_runner/standard_task_runner.py:62 DeprecationWarning: This process (pid=4589) is multi-threaded, use of fork() may lead to deadlocks in the child.
[2026-05-12T06:53:40.210+0000] {standard_task_runner.py:64} INFO - Started process 4603 to run task
[2026-05-12T06:53:40.239+0000] {task_command.py:426} INFO - Running <TaskInstance: flights_ops_medallion_pipe.silver_transform manual__2026-05-12T06:53:30.645174+00:00 [running]> on host 78d4856cd6c9
[2026-05-12T06:53:40.293+0000] {taskinstance.py:2648} INFO - Exporting env vars: AIRFLOW_CTX_DAG_OWNER='airflow' AIRFLOW_CTX_DAG_ID='***_ops_medallion_pipe' AIRFLOW_CTX_TASK_ID='silver_transform' AIRFLOW_CTX_EXECUTION_DATE='2026-05-12T06:53:30.645174+00:00' AIRFLOW_CTX_TRY_NUMBER='1' AIRFLOW_CTX_DAG_RUN_ID='manual__2026-05-12T06:53:30.645174+00:00'
[2026-05-12T06:53:40.294+0000] {taskinstance.py:430} INFO - ::endgroup::
[2026-05-12T06:53:40.332+0000] {logging_mixin.py:188} INFO -       icao24 origin_country  velocity  on_ground
0     39de4e         France    214.90      False
1     80162d          India    235.90      False
2     80162a          India    145.62      False
3     aa8c39  United States      0.00       True
4     7c6b2f      Australia    216.17      False
...      ...            ...       ...        ...
5513  4b1904    Switzerland    256.35      False
5514  704458        Myanmar    197.62      False
5515  a6d83c  United States    246.25      False
5516  85793c          Japan     36.61      False
5517  c067ae         Canada      0.00       True

[5518 rows x 4 columns]
[2026-05-12T06:53:40.348+0000] {logging_mixin.py:188} INFO - check bronze_fileL:  /opt/airflow/data/bronze/flight_20260512065337.json
[2026-05-12T06:53:40.348+0000] {logging_mixin.py:188} INFO - check biến execution date:  20260512
[2026-05-12T06:53:40.350+0000] {python.py:237} INFO - Done. Returned value was: None
[2026-05-12T06:53:40.350+0000] {taskinstance.py:441} INFO - ::group::Post task execution logs
[2026-05-12T06:53:40.357+0000] {taskinstance.py:1206} INFO - Marking task as SUCCESS. dag_id=***_ops_medallion_pipe, task_id=silver_transform, run_id=manual__2026-05-12T06:53:30.645174+00:00, execution_date=20260512T065330, start_date=20260512T065340, end_date=20260512T065340
[2026-05-12T06:53:40.383+0000] {local_task_job_runner.py:243} INFO - Task exited with return code 0
[2026-05-12T06:53:40.399+0000] {taskinstance.py:3503} INFO - 1 downstream tasks scheduled from follow-on schedule check
[2026-05-12T06:53:40.400+0000] {local_task_job_runner.py:222} INFO - ::endgroup::
