[2026-05-12T04:41:54.304+0000] {local_task_job_runner.py:120} INFO - ::group::Pre task execution logs
[2026-05-12T04:41:54.323+0000] {taskinstance.py:2076} INFO - Dependencies all met for dep_context=non-requeueable deps ti=<TaskInstance: flights_ops_medallion_pipe.silver_transform manual__2026-05-12T04:41:44.297698+00:00 [queued]>
[2026-05-12T04:41:54.328+0000] {taskinstance.py:2076} INFO - Dependencies all met for dep_context=requeueable deps ti=<TaskInstance: flights_ops_medallion_pipe.silver_transform manual__2026-05-12T04:41:44.297698+00:00 [queued]>
[2026-05-12T04:41:54.328+0000] {taskinstance.py:2306} INFO - Starting attempt 1 of 1
[2026-05-12T04:41:54.336+0000] {taskinstance.py:2330} INFO - Executing <Task(PythonOperator): silver_transform> on 2026-05-12 04:41:44.297698+00:00
[2026-05-12T04:41:54.342+0000] {standard_task_runner.py:90} INFO - Running: ['airflow', 'tasks', 'run', '***_ops_medallion_pipe', 'silver_transform', 'manual__2026-05-12T04:41:44.297698+00:00', '--job-id', '101', '--raw', '--subdir', 'DAGS_FOLDER/flight-pipeline.py', '--cfg-path', '/tmp/tmpcyt6sxyv']
[2026-05-12T04:41:54.343+0000] {standard_task_runner.py:91} INFO - Job 101: Subtask silver_transform
[2026-05-12T04:41:54.343+0000] {logging_mixin.py:188} WARNING - /home/airflow/.local/lib/python3.12/site-packages/airflow/task/task_runner/standard_task_runner.py:62 DeprecationWarning: This process (pid=3485) is multi-threaded, use of fork() may lead to deadlocks in the child.
[2026-05-12T04:41:54.343+0000] {standard_task_runner.py:64} INFO - Started process 3498 to run task
[2026-05-12T04:41:54.372+0000] {task_command.py:426} INFO - Running <TaskInstance: flights_ops_medallion_pipe.silver_transform manual__2026-05-12T04:41:44.297698+00:00 [running]> on host 78d4856cd6c9
[2026-05-12T04:41:54.425+0000] {taskinstance.py:2648} INFO - Exporting env vars: AIRFLOW_CTX_DAG_OWNER='airflow' AIRFLOW_CTX_DAG_ID='***_ops_medallion_pipe' AIRFLOW_CTX_TASK_ID='silver_transform' AIRFLOW_CTX_EXECUTION_DATE='2026-05-12T04:41:44.297698+00:00' AIRFLOW_CTX_TRY_NUMBER='1' AIRFLOW_CTX_DAG_RUN_ID='manual__2026-05-12T04:41:44.297698+00:00'
[2026-05-12T04:41:54.426+0000] {taskinstance.py:430} INFO - ::endgroup::
[2026-05-12T04:41:54.466+0000] {logging_mixin.py:188} INFO -       icao24  origin_country  velocity  on_ground
0     408127  United Kingdom      0.00      False
1     4b1817     Switzerland    215.75      False
2     80162d           India    210.29      False
3     aa8c39   United States      1.29       True
4     80162a           India     96.25      False
...      ...             ...       ...        ...
5520  4403f0         Austria    230.35      False
5521  0ac9c2        Colombia    166.77      False
5522  a09a01   United States     54.74      False
5523  c067ae          Canada    235.53      False
5524  458665         Denmark    229.06      False

[5525 rows x 4 columns]
[2026-05-12T04:41:54.482+0000] {logging_mixin.py:188} INFO - check bronze_fileL:  /opt/airflow/data/bronze/flight_20260512044151.json
[2026-05-12T04:41:54.482+0000] {logging_mixin.py:188} INFO - check biến execution date:  20260512
[2026-05-12T04:41:54.483+0000] {python.py:237} INFO - Done. Returned value was: None
[2026-05-12T04:41:54.483+0000] {taskinstance.py:441} INFO - ::group::Post task execution logs
[2026-05-12T04:41:54.490+0000] {taskinstance.py:1206} INFO - Marking task as SUCCESS. dag_id=***_ops_medallion_pipe, task_id=silver_transform, run_id=manual__2026-05-12T04:41:44.297698+00:00, execution_date=20260512T044144, start_date=20260512T044154, end_date=20260512T044154
[2026-05-12T04:41:54.516+0000] {local_task_job_runner.py:243} INFO - Task exited with return code 0
[2026-05-12T04:41:54.529+0000] {taskinstance.py:3503} INFO - 1 downstream tasks scheduled from follow-on schedule check
[2026-05-12T04:41:54.530+0000] {local_task_job_runner.py:222} INFO - ::endgroup::
