[2026-05-12T00:30:02.583+0000] {local_task_job_runner.py:120} INFO - ::group::Pre task execution logs
[2026-05-12T00:30:02.600+0000] {taskinstance.py:2076} INFO - Dependencies all met for dep_context=non-requeueable deps ti=<TaskInstance: flights_ops_medallion_pipe.silver_transform scheduled__2026-05-12T00:00:00+00:00 [queued]>
[2026-05-12T00:30:02.604+0000] {taskinstance.py:2076} INFO - Dependencies all met for dep_context=requeueable deps ti=<TaskInstance: flights_ops_medallion_pipe.silver_transform scheduled__2026-05-12T00:00:00+00:00 [queued]>
[2026-05-12T00:30:02.604+0000] {taskinstance.py:2306} INFO - Starting attempt 1 of 1
[2026-05-12T00:30:02.611+0000] {taskinstance.py:2330} INFO - Executing <Task(PythonOperator): silver_transform> on 2026-05-12 00:00:00+00:00
[2026-05-12T00:30:02.616+0000] {standard_task_runner.py:90} INFO - Running: ['airflow', 'tasks', 'run', '***_ops_medallion_pipe', 'silver_transform', 'scheduled__2026-05-12T00:00:00+00:00', '--job-id', '45', '--raw', '--subdir', 'DAGS_FOLDER/flight-pipeline.py', '--cfg-path', '/tmp/tmpqokd3epw']
[2026-05-12T00:30:02.618+0000] {standard_task_runner.py:91} INFO - Job 45: Subtask silver_transform
[2026-05-12T00:30:02.618+0000] {logging_mixin.py:188} WARNING - /home/airflow/.local/lib/python3.12/site-packages/airflow/task/task_runner/standard_task_runner.py:62 DeprecationWarning: This process (pid=1691) is multi-threaded, use of fork() may lead to deadlocks in the child.
[2026-05-12T00:30:02.618+0000] {standard_task_runner.py:64} INFO - Started process 1704 to run task
[2026-05-12T00:30:02.645+0000] {task_command.py:426} INFO - Running <TaskInstance: flights_ops_medallion_pipe.silver_transform scheduled__2026-05-12T00:00:00+00:00 [running]> on host 78d4856cd6c9
[2026-05-12T00:30:02.694+0000] {taskinstance.py:2648} INFO - Exporting env vars: AIRFLOW_CTX_DAG_OWNER='airflow' AIRFLOW_CTX_DAG_ID='***_ops_medallion_pipe' AIRFLOW_CTX_TASK_ID='silver_transform' AIRFLOW_CTX_EXECUTION_DATE='2026-05-12T00:00:00+00:00' AIRFLOW_CTX_TRY_NUMBER='1' AIRFLOW_CTX_DAG_RUN_ID='scheduled__2026-05-12T00:00:00+00:00'
[2026-05-12T00:30:02.695+0000] {taskinstance.py:430} INFO - ::endgroup::
[2026-05-12T00:30:02.709+0000] {logging_mixin.py:188} INFO - check bronze_fileL:  None
[2026-05-12T00:30:02.709+0000] {logging_mixin.py:188} INFO - check biến execution date:  20260512
[2026-05-12T00:30:02.709+0000] {python.py:237} INFO - Done. Returned value was: None
[2026-05-12T00:30:02.709+0000] {taskinstance.py:441} INFO - ::group::Post task execution logs
[2026-05-12T00:30:02.715+0000] {taskinstance.py:1206} INFO - Marking task as SUCCESS. dag_id=***_ops_medallion_pipe, task_id=silver_transform, run_id=scheduled__2026-05-12T00:00:00+00:00, execution_date=20260512T000000, start_date=20260512T003002, end_date=20260512T003002
[2026-05-12T00:30:02.751+0000] {local_task_job_runner.py:243} INFO - Task exited with return code 0
[2026-05-12T00:30:02.761+0000] {taskinstance.py:3503} INFO - 0 downstream tasks scheduled from follow-on schedule check
[2026-05-12T00:30:02.761+0000] {local_task_job_runner.py:222} INFO - ::endgroup::
