[2026-05-12T04:46:11.453+0000] {local_task_job_runner.py:120} INFO - ::group::Pre task execution logs
[2026-05-12T04:46:11.472+0000] {taskinstance.py:2076} INFO - Dependencies all met for dep_context=non-requeueable deps ti=<TaskInstance: flights_ops_medallion_pipe.silver_transform manual__2026-05-12T04:46:02.543193+00:00 [queued]>
[2026-05-12T04:46:11.476+0000] {taskinstance.py:2076} INFO - Dependencies all met for dep_context=requeueable deps ti=<TaskInstance: flights_ops_medallion_pipe.silver_transform manual__2026-05-12T04:46:02.543193+00:00 [queued]>
[2026-05-12T04:46:11.477+0000] {taskinstance.py:2306} INFO - Starting attempt 1 of 1
[2026-05-12T04:46:11.485+0000] {taskinstance.py:2330} INFO - Executing <Task(PythonOperator): silver_transform> on 2026-05-12 04:46:02.543193+00:00
[2026-05-12T04:46:11.490+0000] {standard_task_runner.py:90} INFO - Running: ['airflow', 'tasks', 'run', '***_ops_medallion_pipe', 'silver_transform', 'manual__2026-05-12T04:46:02.543193+00:00', '--job-id', '104', '--raw', '--subdir', 'DAGS_FOLDER/flight-pipeline.py', '--cfg-path', '/tmp/tmpk7c_8k35']
[2026-05-12T04:46:11.492+0000] {standard_task_runner.py:91} INFO - Job 104: Subtask silver_transform
[2026-05-12T04:46:11.492+0000] {logging_mixin.py:188} WARNING - /home/airflow/.local/lib/python3.12/site-packages/airflow/task/task_runner/standard_task_runner.py:62 DeprecationWarning: This process (pid=3550) is multi-threaded, use of fork() may lead to deadlocks in the child.
[2026-05-12T04:46:11.492+0000] {standard_task_runner.py:64} INFO - Started process 3563 to run task
[2026-05-12T04:46:11.520+0000] {task_command.py:426} INFO - Running <TaskInstance: flights_ops_medallion_pipe.silver_transform manual__2026-05-12T04:46:02.543193+00:00 [running]> on host 78d4856cd6c9
[2026-05-12T04:46:11.571+0000] {taskinstance.py:2648} INFO - Exporting env vars: AIRFLOW_CTX_DAG_OWNER='airflow' AIRFLOW_CTX_DAG_ID='***_ops_medallion_pipe' AIRFLOW_CTX_TASK_ID='silver_transform' AIRFLOW_CTX_EXECUTION_DATE='2026-05-12T04:46:02.543193+00:00' AIRFLOW_CTX_TRY_NUMBER='1' AIRFLOW_CTX_DAG_RUN_ID='manual__2026-05-12T04:46:02.543193+00:00'
[2026-05-12T04:46:11.572+0000] {taskinstance.py:430} INFO - ::endgroup::
[2026-05-12T04:46:11.611+0000] {logging_mixin.py:188} INFO -       icao24  origin_country  velocity  on_ground
0     408127  United Kingdom     63.80      False
1     4b1817     Switzerland    217.64      False
2     80162d           India    189.58      False
3     aa8c39   United States      3.34       True
4     80162a           India     91.88      False
...      ...             ...       ...        ...
5543  e880e8        Paraguay      0.00       True
5544  4403f0         Austria    228.12      False
5545  a09a01   United States     53.17      False
5546  c067ae          Canada    248.43      False
5547  458665         Denmark    222.76      False

[5548 rows x 4 columns]
[2026-05-12T04:46:11.627+0000] {logging_mixin.py:188} INFO - check bronze_fileL:  /opt/airflow/data/bronze/flight_20260512044608.json
[2026-05-12T04:46:11.627+0000] {logging_mixin.py:188} INFO - check biến execution date:  20260512
[2026-05-12T04:46:11.628+0000] {python.py:237} INFO - Done. Returned value was: None
[2026-05-12T04:46:11.629+0000] {taskinstance.py:441} INFO - ::group::Post task execution logs
[2026-05-12T04:46:11.635+0000] {taskinstance.py:1206} INFO - Marking task as SUCCESS. dag_id=***_ops_medallion_pipe, task_id=silver_transform, run_id=manual__2026-05-12T04:46:02.543193+00:00, execution_date=20260512T044602, start_date=20260512T044611, end_date=20260512T044611
[2026-05-12T04:46:11.665+0000] {local_task_job_runner.py:243} INFO - Task exited with return code 0
[2026-05-12T04:46:11.679+0000] {taskinstance.py:3503} INFO - 1 downstream tasks scheduled from follow-on schedule check
[2026-05-12T04:46:11.680+0000] {local_task_job_runner.py:222} INFO - ::endgroup::
