[2026-05-12T06:00:08.637+0000] {local_task_job_runner.py:120} INFO - ::group::Pre task execution logs
[2026-05-12T06:00:08.655+0000] {taskinstance.py:2076} INFO - Dependencies all met for dep_context=non-requeueable deps ti=<TaskInstance: flights_ops_medallion_pipe.silver_transform scheduled__2026-05-12T05:30:00+00:00 [queued]>
[2026-05-12T06:00:08.659+0000] {taskinstance.py:2076} INFO - Dependencies all met for dep_context=requeueable deps ti=<TaskInstance: flights_ops_medallion_pipe.silver_transform scheduled__2026-05-12T05:30:00+00:00 [queued]>
[2026-05-12T06:00:08.659+0000] {taskinstance.py:2306} INFO - Starting attempt 1 of 1
[2026-05-12T06:00:08.666+0000] {taskinstance.py:2330} INFO - Executing <Task(PythonOperator): silver_transform> on 2026-05-12 05:30:00+00:00
[2026-05-12T06:00:08.672+0000] {standard_task_runner.py:90} INFO - Running: ['airflow', 'tasks', 'run', '***_ops_medallion_pipe', 'silver_transform', 'scheduled__2026-05-12T05:30:00+00:00', '--job-id', '113', '--raw', '--subdir', 'DAGS_FOLDER/flight-pipeline.py', '--cfg-path', '/tmp/tmp3hvzvp11']
[2026-05-12T06:00:08.673+0000] {standard_task_runner.py:91} INFO - Job 113: Subtask silver_transform
[2026-05-12T06:00:08.673+0000] {logging_mixin.py:188} WARNING - /home/airflow/.local/lib/python3.12/site-packages/airflow/task/task_runner/standard_task_runner.py:62 DeprecationWarning: This process (pid=3970) is multi-threaded, use of fork() may lead to deadlocks in the child.
[2026-05-12T06:00:08.673+0000] {standard_task_runner.py:64} INFO - Started process 3983 to run task
[2026-05-12T06:00:08.701+0000] {task_command.py:426} INFO - Running <TaskInstance: flights_ops_medallion_pipe.silver_transform scheduled__2026-05-12T05:30:00+00:00 [running]> on host 78d4856cd6c9
[2026-05-12T06:00:08.749+0000] {taskinstance.py:2648} INFO - Exporting env vars: AIRFLOW_CTX_DAG_OWNER='airflow' AIRFLOW_CTX_DAG_ID='***_ops_medallion_pipe' AIRFLOW_CTX_TASK_ID='silver_transform' AIRFLOW_CTX_EXECUTION_DATE='2026-05-12T05:30:00+00:00' AIRFLOW_CTX_TRY_NUMBER='1' AIRFLOW_CTX_DAG_RUN_ID='scheduled__2026-05-12T05:30:00+00:00'
[2026-05-12T06:00:08.749+0000] {taskinstance.py:430} INFO - ::endgroup::
[2026-05-12T06:00:08.786+0000] {logging_mixin.py:188} INFO -       icao24 origin_country  velocity  on_ground
0     39de4e         France    197.91      False
1     4b1815    Switzerland    133.54      False
2     4b1817    Switzerland    250.13      False
3     4b1819    Switzerland    209.33      False
4     ac494e  United States     65.66      False
...      ...            ...       ...        ...
5525  a6d83c  United States    206.29      False
5526  85793c          Japan     56.38      False
5527  a09a01  United States     54.85      False
5528  c067ae         Canada    254.20      False
5529  c00734         Canada    242.79      False

[5530 rows x 4 columns]
[2026-05-12T06:00:08.801+0000] {logging_mixin.py:188} INFO - check bronze_fileL:  /opt/airflow/data/bronze/flight_20260512060006.json
[2026-05-12T06:00:08.801+0000] {logging_mixin.py:188} INFO - check biến execution date:  20260512
[2026-05-12T06:00:08.802+0000] {python.py:237} INFO - Done. Returned value was: None
[2026-05-12T06:00:08.803+0000] {taskinstance.py:441} INFO - ::group::Post task execution logs
[2026-05-12T06:00:08.808+0000] {taskinstance.py:1206} INFO - Marking task as SUCCESS. dag_id=***_ops_medallion_pipe, task_id=silver_transform, run_id=scheduled__2026-05-12T05:30:00+00:00, execution_date=20260512T053000, start_date=20260512T060008, end_date=20260512T060008
[2026-05-12T06:00:08.846+0000] {local_task_job_runner.py:243} INFO - Task exited with return code 0
[2026-05-12T06:00:08.858+0000] {taskinstance.py:3503} INFO - 1 downstream tasks scheduled from follow-on schedule check
[2026-05-12T06:00:08.859+0000] {local_task_job_runner.py:222} INFO - ::endgroup::
