[2026-05-11T07:55:40.717+0000] {local_task_job_runner.py:120} INFO - ::group::Pre task execution logs
[2026-05-11T07:55:40.738+0000] {taskinstance.py:2076} INFO - Dependencies all met for dep_context=non-requeueable deps ti=<TaskInstance: flights_ops_medallion_pipe.bronze_ingest scheduled__2026-05-10T14:30:00+00:00 [queued]>
[2026-05-11T07:55:40.743+0000] {taskinstance.py:2076} INFO - Dependencies all met for dep_context=requeueable deps ti=<TaskInstance: flights_ops_medallion_pipe.bronze_ingest scheduled__2026-05-10T14:30:00+00:00 [queued]>
[2026-05-11T07:55:40.743+0000] {taskinstance.py:2306} INFO - Starting attempt 1 of 1
[2026-05-11T07:55:40.751+0000] {taskinstance.py:2330} INFO - Executing <Task(PythonOperator): bronze_ingest> on 2026-05-10 14:30:00+00:00
[2026-05-11T07:55:40.754+0000] {standard_task_runner.py:64} INFO - Started process 43 to run task
[2026-05-11T07:55:40.756+0000] {standard_task_runner.py:90} INFO - Running: ['airflow', 'tasks', 'run', '***_ops_medallion_pipe', 'bronze_ingest', 'scheduled__2026-05-10T14:30:00+00:00', '--job-id', '10', '--raw', '--subdir', 'DAGS_FOLDER/flight-pipeline.py', '--cfg-path', '/tmp/tmplr9oeeas']
[2026-05-11T07:55:40.757+0000] {standard_task_runner.py:91} INFO - Job 10: Subtask bronze_ingest
[2026-05-11T07:55:40.798+0000] {task_command.py:426} INFO - Running <TaskInstance: flights_ops_medallion_pipe.bronze_ingest scheduled__2026-05-10T14:30:00+00:00 [running]> on host 78d4856cd6c9
[2026-05-11T07:55:40.859+0000] {taskinstance.py:2648} INFO - Exporting env vars: AIRFLOW_CTX_DAG_OWNER='airflow' AIRFLOW_CTX_DAG_ID='***_ops_medallion_pipe' AIRFLOW_CTX_TASK_ID='bronze_ingest' AIRFLOW_CTX_EXECUTION_DATE='2026-05-10T14:30:00+00:00' AIRFLOW_CTX_TRY_NUMBER='1' AIRFLOW_CTX_DAG_RUN_ID='scheduled__2026-05-10T14:30:00+00:00'
[2026-05-11T07:55:40.860+0000] {taskinstance.py:430} INFO - ::endgroup::
[2026-05-11T07:55:44.143+0000] {taskinstance.py:441} INFO - ::group::Post task execution logs
[2026-05-11T07:55:44.144+0000] {taskinstance.py:2905} ERROR - Task failed with exception
Traceback (most recent call last):
  File "/home/airflow/.local/lib/python3.12/site-packages/airflow/models/taskinstance.py", line 465, in _execute_task
    result = _execute_callable(context=context, **execute_callable_kwargs)
             ^^^^^^^^^^^^^^^^^^^^^^^^^^^^^^^^^^^^^^^^^^^^^^^^^^^^^^^^^^^^^
  File "/home/airflow/.local/lib/python3.12/site-packages/airflow/models/taskinstance.py", line 432, in _execute_callable
    return execute_callable(context=context, **execute_callable_kwargs)
           ^^^^^^^^^^^^^^^^^^^^^^^^^^^^^^^^^^^^^^^^^^^^^^^^^^^^^^^^^^^^
  File "/home/airflow/.local/lib/python3.12/site-packages/airflow/models/baseoperator.py", line 401, in wrapper
    return func(self, *args, **kwargs)
           ^^^^^^^^^^^^^^^^^^^^^^^^^^^
  File "/home/airflow/.local/lib/python3.12/site-packages/airflow/operators/python.py", line 235, in execute
    return_value = self.execute_callable()
                   ^^^^^^^^^^^^^^^^^^^^^^^
  File "/home/airflow/.local/lib/python3.12/site-packages/airflow/operators/python.py", line 252, in execute_callable
    return self.python_callable(*self.op_args, **self.op_kwargs)
           ^^^^^^^^^^^^^^^^^^^^^^^^^^^^^^^^^^^^^^^^^^^^^^^^^^^^^
  File "/opt/airflow/scripts/bronze/bronze_ingest.py", line 20, in run_bronze_ingestion
    with open(path, "w") as f:
         ^^^^^^^^^^^^^^^
FileNotFoundError: [Errno 2] No such file or directory: '/opt/airflow/data/bronze/flight_20260511075544.json'
[2026-05-11T07:55:44.151+0000] {taskinstance.py:1206} INFO - Marking task as FAILED. dag_id=***_ops_medallion_pipe, task_id=bronze_ingest, run_id=scheduled__2026-05-10T14:30:00+00:00, execution_date=20260510T143000, start_date=20260511T075540, end_date=20260511T075544
[2026-05-11T07:55:44.161+0000] {standard_task_runner.py:110} ERROR - Failed to execute job 10 for task bronze_ingest ([Errno 2] No such file or directory: '/opt/airflow/data/bronze/flight_20260511075544.json'; 43)
[2026-05-11T07:55:44.175+0000] {local_task_job_runner.py:243} INFO - Task exited with return code 1
[2026-05-11T07:55:44.187+0000] {taskinstance.py:3503} INFO - 0 downstream tasks scheduled from follow-on schedule check
[2026-05-11T07:55:44.188+0000] {local_task_job_runner.py:222} INFO - ::endgroup::
