[2026-05-12T05:00:08.586+0000] {local_task_job_runner.py:120} INFO - ::group::Pre task execution logs
[2026-05-12T05:00:08.604+0000] {taskinstance.py:2076} INFO - Dependencies all met for dep_context=non-requeueable deps ti=<TaskInstance: flights_ops_medallion_pipe.silver_transform scheduled__2026-05-12T04:30:00+00:00 [queued]>
[2026-05-12T05:00:08.608+0000] {taskinstance.py:2076} INFO - Dependencies all met for dep_context=requeueable deps ti=<TaskInstance: flights_ops_medallion_pipe.silver_transform scheduled__2026-05-12T04:30:00+00:00 [queued]>
[2026-05-12T05:00:08.608+0000] {taskinstance.py:2306} INFO - Starting attempt 1 of 1
[2026-05-12T05:00:08.616+0000] {taskinstance.py:2330} INFO - Executing <Task(PythonOperator): silver_transform> on 2026-05-12 04:30:00+00:00
[2026-05-12T05:00:08.621+0000] {standard_task_runner.py:90} INFO - Running: ['airflow', 'tasks', 'run', '***_ops_medallion_pipe', 'silver_transform', 'scheduled__2026-05-12T04:30:00+00:00', '--job-id', '107', '--raw', '--subdir', 'DAGS_FOLDER/flight-pipeline.py', '--cfg-path', '/tmp/tmp8y3tpysa']
[2026-05-12T05:00:08.623+0000] {standard_task_runner.py:91} INFO - Job 107: Subtask silver_transform
[2026-05-12T05:00:08.623+0000] {logging_mixin.py:188} WARNING - /home/airflow/.local/lib/python3.12/site-packages/airflow/task/task_runner/standard_task_runner.py:62 DeprecationWarning: This process (pid=3648) is multi-threaded, use of fork() may lead to deadlocks in the child.
[2026-05-12T05:00:08.623+0000] {standard_task_runner.py:64} INFO - Started process 3661 to run task
[2026-05-12T05:00:08.651+0000] {task_command.py:426} INFO - Running <TaskInstance: flights_ops_medallion_pipe.silver_transform scheduled__2026-05-12T04:30:00+00:00 [running]> on host 78d4856cd6c9
[2026-05-12T05:00:08.702+0000] {taskinstance.py:2648} INFO - Exporting env vars: AIRFLOW_CTX_DAG_OWNER='airflow' AIRFLOW_CTX_DAG_ID='***_ops_medallion_pipe' AIRFLOW_CTX_TASK_ID='silver_transform' AIRFLOW_CTX_EXECUTION_DATE='2026-05-12T04:30:00+00:00' AIRFLOW_CTX_TRY_NUMBER='1' AIRFLOW_CTX_DAG_RUN_ID='scheduled__2026-05-12T04:30:00+00:00'
[2026-05-12T05:00:08.702+0000] {taskinstance.py:430} INFO - ::endgroup::
[2026-05-12T05:00:08.740+0000] {logging_mixin.py:188} INFO -       icao24  origin_country  velocity  on_ground
0     408127  United Kingdom    209.62      False
1     4b1817     Switzerland    222.24      False
2     80162d           India    114.76      False
3     4b1819     Switzerland      0.00       True
4     39de4b          France    239.99      False
...      ...             ...       ...        ...
5566  4403f0         Austria    230.51      False
5567  85793c           Japan     39.70      False
5568  a09a01   United States     36.38      False
5569  c067ae          Canada    252.67      False
5570  458665         Denmark    208.59      False

[5571 rows x 4 columns]
[2026-05-12T05:00:08.755+0000] {logging_mixin.py:188} INFO - check bronze_fileL:  /opt/airflow/data/bronze/flight_20260512050006.json
[2026-05-12T05:00:08.755+0000] {logging_mixin.py:188} INFO - check biến execution date:  20260512
[2026-05-12T05:00:08.757+0000] {python.py:237} INFO - Done. Returned value was: None
[2026-05-12T05:00:08.757+0000] {taskinstance.py:441} INFO - ::group::Post task execution logs
[2026-05-12T05:00:08.763+0000] {taskinstance.py:1206} INFO - Marking task as SUCCESS. dag_id=***_ops_medallion_pipe, task_id=silver_transform, run_id=scheduled__2026-05-12T04:30:00+00:00, execution_date=20260512T043000, start_date=20260512T050008, end_date=20260512T050008
[2026-05-12T05:00:08.796+0000] {local_task_job_runner.py:243} INFO - Task exited with return code 0
[2026-05-12T05:00:08.808+0000] {taskinstance.py:3503} INFO - 1 downstream tasks scheduled from follow-on schedule check
[2026-05-12T05:00:08.809+0000] {local_task_job_runner.py:222} INFO - ::endgroup::
