[2026-05-12T01:00:02.403+0000] {local_task_job_runner.py:120} INFO - ::group::Pre task execution logs
[2026-05-12T01:00:02.423+0000] {taskinstance.py:2076} INFO - Dependencies all met for dep_context=non-requeueable deps ti=<TaskInstance: flights_ops_medallion_pipe.silver_transform scheduled__2026-05-12T00:30:00+00:00 [queued]>
[2026-05-12T01:00:02.427+0000] {taskinstance.py:2076} INFO - Dependencies all met for dep_context=requeueable deps ti=<TaskInstance: flights_ops_medallion_pipe.silver_transform scheduled__2026-05-12T00:30:00+00:00 [queued]>
[2026-05-12T01:00:02.428+0000] {taskinstance.py:2306} INFO - Starting attempt 1 of 1
[2026-05-12T01:00:02.436+0000] {taskinstance.py:2330} INFO - Executing <Task(PythonOperator): silver_transform> on 2026-05-12 00:30:00+00:00
[2026-05-12T01:00:02.442+0000] {standard_task_runner.py:90} INFO - Running: ['airflow', 'tasks', 'run', '***_ops_medallion_pipe', 'silver_transform', 'scheduled__2026-05-12T00:30:00+00:00', '--job-id', '49', '--raw', '--subdir', 'DAGS_FOLDER/flight-pipeline.py', '--cfg-path', '/tmp/tmp2prcg3uf']
[2026-05-12T01:00:02.444+0000] {standard_task_runner.py:91} INFO - Job 49: Subtask silver_transform
[2026-05-12T01:00:02.444+0000] {logging_mixin.py:188} WARNING - /home/airflow/.local/lib/python3.12/site-packages/airflow/task/task_runner/standard_task_runner.py:62 DeprecationWarning: This process (pid=1865) is multi-threaded, use of fork() may lead to deadlocks in the child.
[2026-05-12T01:00:02.444+0000] {standard_task_runner.py:64} INFO - Started process 1878 to run task
[2026-05-12T01:00:02.474+0000] {task_command.py:426} INFO - Running <TaskInstance: flights_ops_medallion_pipe.silver_transform scheduled__2026-05-12T00:30:00+00:00 [running]> on host 78d4856cd6c9
[2026-05-12T01:00:02.527+0000] {taskinstance.py:2648} INFO - Exporting env vars: AIRFLOW_CTX_DAG_OWNER='airflow' AIRFLOW_CTX_DAG_ID='***_ops_medallion_pipe' AIRFLOW_CTX_TASK_ID='silver_transform' AIRFLOW_CTX_EXECUTION_DATE='2026-05-12T00:30:00+00:00' AIRFLOW_CTX_TRY_NUMBER='1' AIRFLOW_CTX_DAG_RUN_ID='scheduled__2026-05-12T00:30:00+00:00'
[2026-05-12T01:00:02.528+0000] {taskinstance.py:430} INFO - ::endgroup::
[2026-05-12T01:00:02.543+0000] {taskinstance.py:441} INFO - ::group::Post task execution logs
[2026-05-12T01:00:02.543+0000] {taskinstance.py:2905} ERROR - Task failed with exception
Traceback (most recent call last):
  File "/home/airflow/.local/lib/python3.12/site-packages/airflow/models/taskinstance.py", line 465, in _execute_task
    result = _execute_callable(context=context, **execute_callable_kwargs)
             ^^^^^^^^^^^^^^^^^^^^^^^^^^^^^^^^^^^^^^^^^^^^^^^^^^^^^^^^^^^^^
  File "/home/airflow/.local/lib/python3.12/site-packages/airflow/models/taskinstance.py", line 432, in _execute_callable
    return execute_callable(context=context, **execute_callable_kwargs)
           ^^^^^^^^^^^^^^^^^^^^^^^^^^^^^^^^^^^^^^^^^^^^^^^^^^^^^^^^^^^^
  File "/home/airflow/.local/lib/python3.12/site-packages/airflow/models/baseoperator.py", line 401, in wrapper
    return func(self, *args, **kwargs)
           ^^^^^^^^^^^^^^^^^^^^^^^^^^^
  File "/home/airflow/.local/lib/python3.12/site-packages/airflow/operators/python.py", line 235, in execute
    return_value = self.execute_callable()
                   ^^^^^^^^^^^^^^^^^^^^^^^
  File "/home/airflow/.local/lib/python3.12/site-packages/airflow/operators/python.py", line 252, in execute_callable
    return self.python_callable(*self.op_args, **self.op_kwargs)
           ^^^^^^^^^^^^^^^^^^^^^^^^^^^^^^^^^^^^^^^^^^^^^^^^^^^^^
  File "/opt/airflow/scripts/silver/silver_transform.py", line 14, in run_silver_transform
    raise ValueError("Bronze file path not found in Xcom")
ValueError: Bronze file path not found in Xcom
[2026-05-12T01:00:02.550+0000] {taskinstance.py:1206} INFO - Marking task as FAILED. dag_id=***_ops_medallion_pipe, task_id=silver_transform, run_id=scheduled__2026-05-12T00:30:00+00:00, execution_date=20260512T003000, start_date=20260512T010002, end_date=20260512T010002
[2026-05-12T01:00:02.555+0000] {standard_task_runner.py:110} ERROR - Failed to execute job 49 for task silver_transform (Bronze file path not found in Xcom; 1878)
[2026-05-12T01:00:02.577+0000] {local_task_job_runner.py:243} INFO - Task exited with return code 1
[2026-05-12T01:00:02.587+0000] {taskinstance.py:3503} INFO - 0 downstream tasks scheduled from follow-on schedule check
[2026-05-12T01:00:02.588+0000] {local_task_job_runner.py:222} INFO - ::endgroup::
