[2026-05-12T06:53:45.944+0000] {local_task_job_runner.py:120} INFO - ::group::Pre task execution logs
[2026-05-12T06:53:45.964+0000] {taskinstance.py:2076} INFO - Dependencies all met for dep_context=non-requeueable deps ti=<TaskInstance: flights_ops_medallion_pipe.load_gold_to_snowflake manual__2026-05-12T06:53:30.645174+00:00 [queued]>
[2026-05-12T06:53:45.968+0000] {taskinstance.py:2076} INFO - Dependencies all met for dep_context=requeueable deps ti=<TaskInstance: flights_ops_medallion_pipe.load_gold_to_snowflake manual__2026-05-12T06:53:30.645174+00:00 [queued]>
[2026-05-12T06:53:45.969+0000] {taskinstance.py:2306} INFO - Starting attempt 1 of 1
[2026-05-12T06:53:45.975+0000] {taskinstance.py:2330} INFO - Executing <Task(PythonOperator): load_gold_to_snowflake> on 2026-05-12 06:53:30.645174+00:00
[2026-05-12T06:53:45.981+0000] {standard_task_runner.py:90} INFO - Running: ['airflow', 'tasks', 'run', '***_ops_medallion_pipe', 'load_gold_to_snowflake', 'manual__2026-05-12T06:53:30.645174+00:00', '--job-id', '138', '--raw', '--subdir', 'DAGS_FOLDER/flight-pipeline.py', '--cfg-path', '/tmp/tmptrcva6wf']
[2026-05-12T06:53:45.983+0000] {logging_mixin.py:188} WARNING - /home/airflow/.local/lib/python3.12/site-packages/airflow/task/task_runner/standard_task_runner.py:62 DeprecationWarning: This process (pid=4619) is multi-threaded, use of fork() may lead to deadlocks in the child.
[2026-05-12T06:53:45.983+0000] {standard_task_runner.py:91} INFO - Job 138: Subtask load_gold_to_snowflake
[2026-05-12T06:53:45.983+0000] {standard_task_runner.py:64} INFO - Started process 4633 to run task
[2026-05-12T06:53:46.014+0000] {task_command.py:426} INFO - Running <TaskInstance: flights_ops_medallion_pipe.load_gold_to_snowflake manual__2026-05-12T06:53:30.645174+00:00 [running]> on host 78d4856cd6c9
[2026-05-12T06:53:46.069+0000] {taskinstance.py:2648} INFO - Exporting env vars: AIRFLOW_CTX_DAG_OWNER='airflow' AIRFLOW_CTX_DAG_ID='***_ops_medallion_pipe' AIRFLOW_CTX_TASK_ID='load_gold_to_snowflake' AIRFLOW_CTX_EXECUTION_DATE='2026-05-12T06:53:30.645174+00:00' AIRFLOW_CTX_TRY_NUMBER='1' AIRFLOW_CTX_DAG_RUN_ID='manual__2026-05-12T06:53:30.645174+00:00'
[2026-05-12T06:53:46.070+0000] {taskinstance.py:430} INFO - ::endgroup::
[2026-05-12T06:53:46.096+0000] {base.py:84} INFO - Using connection ID 'flight_snowflake' for task execution.
[2026-05-12T06:53:46.097+0000] {connection.py:408} INFO - Snowflake Connector for Python Version: 3.11.0, Python Version: 3.12.4, Platform: Linux-6.17.0-23-generic-x86_64-with-glibc2.36
[2026-05-12T06:53:46.097+0000] {connection.py:1258} INFO - This connection is in OCSP Fail Open Mode. TLS Certificates would be checked for validity and revocation status. Any other Certificate Revocation related exceptions or OCSP Responder failures would be disregarded in favor of connectivity.
[2026-05-12T06:54:29.896+0000] {connection.py:773} INFO - closed
[2026-05-12T06:54:29.964+0000] {connection.py:779} INFO - No async queries seem to be running, deleting session
[2026-05-12T06:54:30.029+0000] {python.py:237} INFO - Done. Returned value was: None
[2026-05-12T06:54:30.029+0000] {taskinstance.py:441} INFO - ::group::Post task execution logs
[2026-05-12T06:54:30.036+0000] {taskinstance.py:1206} INFO - Marking task as SUCCESS. dag_id=***_ops_medallion_pipe, task_id=load_gold_to_snowflake, run_id=manual__2026-05-12T06:53:30.645174+00:00, execution_date=20260512T065330, start_date=20260512T065345, end_date=20260512T065430
[2026-05-12T06:54:30.071+0000] {local_task_job_runner.py:243} INFO - Task exited with return code 0
[2026-05-12T06:54:30.082+0000] {taskinstance.py:3503} INFO - 0 downstream tasks scheduled from follow-on schedule check
[2026-05-12T06:54:30.083+0000] {local_task_job_runner.py:222} INFO - ::endgroup::
