[2026-05-12T03:17:18.952+0000] {local_task_job_runner.py:120} INFO - ::group::Pre task execution logs
[2026-05-12T03:17:18.971+0000] {taskinstance.py:2076} INFO - Dependencies all met for dep_context=non-requeueable deps ti=<TaskInstance: flights_ops_medallion_pipe.silver_transform manual__2026-05-12T03:17:08.300347+00:00 [queued]>
[2026-05-12T03:17:18.975+0000] {taskinstance.py:2076} INFO - Dependencies all met for dep_context=requeueable deps ti=<TaskInstance: flights_ops_medallion_pipe.silver_transform manual__2026-05-12T03:17:08.300347+00:00 [queued]>
[2026-05-12T03:17:18.975+0000] {taskinstance.py:2306} INFO - Starting attempt 1 of 1
[2026-05-12T03:17:18.991+0000] {taskinstance.py:2330} INFO - Executing <Task(PythonOperator): silver_transform> on 2026-05-12 03:17:08.300347+00:00
[2026-05-12T03:17:18.997+0000] {standard_task_runner.py:90} INFO - Running: ['airflow', 'tasks', 'run', '***_ops_medallion_pipe', 'silver_transform', 'manual__2026-05-12T03:17:08.300347+00:00', '--job-id', '80', '--raw', '--subdir', 'DAGS_FOLDER/flight-pipeline.py', '--cfg-path', '/tmp/tmpxcnu_2ex']
[2026-05-12T03:17:18.999+0000] {standard_task_runner.py:91} INFO - Job 80: Subtask silver_transform
[2026-05-12T03:17:18.999+0000] {logging_mixin.py:188} WARNING - /home/airflow/.local/lib/python3.12/site-packages/airflow/task/task_runner/standard_task_runner.py:62 DeprecationWarning: This process (pid=2855) is multi-threaded, use of fork() may lead to deadlocks in the child.
[2026-05-12T03:17:18.999+0000] {standard_task_runner.py:64} INFO - Started process 2870 to run task
[2026-05-12T03:17:19.026+0000] {task_command.py:426} INFO - Running <TaskInstance: flights_ops_medallion_pipe.silver_transform manual__2026-05-12T03:17:08.300347+00:00 [running]> on host 78d4856cd6c9
[2026-05-12T03:17:19.081+0000] {taskinstance.py:2648} INFO - Exporting env vars: AIRFLOW_CTX_DAG_OWNER='airflow' AIRFLOW_CTX_DAG_ID='***_ops_medallion_pipe' AIRFLOW_CTX_TASK_ID='silver_transform' AIRFLOW_CTX_EXECUTION_DATE='2026-05-12T03:17:08.300347+00:00' AIRFLOW_CTX_TRY_NUMBER='1' AIRFLOW_CTX_DAG_RUN_ID='manual__2026-05-12T03:17:08.300347+00:00'
[2026-05-12T03:17:19.081+0000] {taskinstance.py:430} INFO - ::endgroup::
[2026-05-12T03:17:19.123+0000] {logging_mixin.py:188} INFO -       icao24  origin_country  velocity  on_ground
0     408120  United Kingdom    250.54      False
1     a3b87f   United States    106.52      False
2     8a02ff       Indonesia    226.66      False
3     880454        Thailand    224.50      False
4     880452        Thailand    223.81      False
...      ...             ...       ...        ...
6220  abc0e4   United States    201.90      False
6221  4b1900     Switzerland    249.52      False
6222  a9b04f   United States     57.12      False
6223  a6d83c   United States    223.80      False
6224  a3fb5b   United States     64.62      False

[6225 rows x 4 columns]
[2026-05-12T03:17:19.139+0000] {logging_mixin.py:188} INFO - check bronze_fileL:  /opt/airflow/data/bronze/flight_20260512031716.json
[2026-05-12T03:17:19.140+0000] {logging_mixin.py:188} INFO - check biến execution date:  20260512
[2026-05-12T03:17:19.141+0000] {python.py:237} INFO - Done. Returned value was: None
[2026-05-12T03:17:19.141+0000] {taskinstance.py:441} INFO - ::group::Post task execution logs
[2026-05-12T03:17:19.148+0000] {taskinstance.py:1206} INFO - Marking task as SUCCESS. dag_id=***_ops_medallion_pipe, task_id=silver_transform, run_id=manual__2026-05-12T03:17:08.300347+00:00, execution_date=20260512T031708, start_date=20260512T031718, end_date=20260512T031719
[2026-05-12T03:17:19.172+0000] {local_task_job_runner.py:243} INFO - Task exited with return code 0
[2026-05-12T03:17:19.184+0000] {taskinstance.py:3503} INFO - 1 downstream tasks scheduled from follow-on schedule check
[2026-05-12T03:17:19.185+0000] {local_task_job_runner.py:222} INFO - ::endgroup::
