[2026-05-12T01:05:09.981+0000] {local_task_job_runner.py:120} INFO - ::group::Pre task execution logs
[2026-05-12T01:05:10.001+0000] {taskinstance.py:2076} INFO - Dependencies all met for dep_context=non-requeueable deps ti=<TaskInstance: flights_ops_medallion_pipe.bronze_ingest manual__2026-05-12T01:05:07.749725+00:00 [queued]>
[2026-05-12T01:05:10.006+0000] {taskinstance.py:2076} INFO - Dependencies all met for dep_context=requeueable deps ti=<TaskInstance: flights_ops_medallion_pipe.bronze_ingest manual__2026-05-12T01:05:07.749725+00:00 [queued]>
[2026-05-12T01:05:10.006+0000] {taskinstance.py:2306} INFO - Starting attempt 1 of 1
[2026-05-12T01:05:10.014+0000] {taskinstance.py:2330} INFO - Executing <Task(PythonOperator): bronze_ingest> on 2026-05-12 01:05:07.749725+00:00
[2026-05-12T01:05:10.020+0000] {standard_task_runner.py:90} INFO - Running: ['airflow', 'tasks', 'run', '***_ops_medallion_pipe', 'bronze_ingest', 'manual__2026-05-12T01:05:07.749725+00:00', '--job-id', '54', '--raw', '--subdir', 'DAGS_FOLDER/flight-pipeline.py', '--cfg-path', '/tmp/tmpd54u18oj']
[2026-05-12T01:05:10.021+0000] {standard_task_runner.py:91} INFO - Job 54: Subtask bronze_ingest
[2026-05-12T01:05:10.021+0000] {logging_mixin.py:188} WARNING - /home/airflow/.local/lib/python3.12/site-packages/airflow/task/task_runner/standard_task_runner.py:62 DeprecationWarning: This process (pid=1959) is multi-threaded, use of fork() may lead to deadlocks in the child.
[2026-05-12T01:05:10.022+0000] {standard_task_runner.py:64} INFO - Started process 1974 to run task
[2026-05-12T01:05:10.048+0000] {task_command.py:426} INFO - Running <TaskInstance: flights_ops_medallion_pipe.bronze_ingest manual__2026-05-12T01:05:07.749725+00:00 [running]> on host 78d4856cd6c9
[2026-05-12T01:05:10.099+0000] {taskinstance.py:2648} INFO - Exporting env vars: AIRFLOW_CTX_DAG_OWNER='airflow' AIRFLOW_CTX_DAG_ID='***_ops_medallion_pipe' AIRFLOW_CTX_TASK_ID='bronze_ingest' AIRFLOW_CTX_EXECUTION_DATE='2026-05-12T01:05:07.749725+00:00' AIRFLOW_CTX_TRY_NUMBER='1' AIRFLOW_CTX_DAG_RUN_ID='manual__2026-05-12T01:05:07.749725+00:00'
[2026-05-12T01:05:10.100+0000] {taskinstance.py:430} INFO - ::endgroup::
[2026-05-12T01:05:15.307+0000] {logging_mixin.py:188} INFO - 

 xem giá trị timestamp:  20260512010515
[2026-05-12T01:05:15.404+0000] {python.py:237} INFO - Done. Returned value was: None
[2026-05-12T01:05:15.404+0000] {taskinstance.py:441} INFO - ::group::Post task execution logs
[2026-05-12T01:05:15.411+0000] {taskinstance.py:1206} INFO - Marking task as SUCCESS. dag_id=***_ops_medallion_pipe, task_id=bronze_ingest, run_id=manual__2026-05-12T01:05:07.749725+00:00, execution_date=20260512T010507, start_date=20260512T010510, end_date=20260512T010515
[2026-05-12T01:05:15.443+0000] {local_task_job_runner.py:243} INFO - Task exited with return code 0
[2026-05-12T01:05:15.456+0000] {taskinstance.py:3503} INFO - 1 downstream tasks scheduled from follow-on schedule check
[2026-05-12T01:05:15.457+0000] {local_task_job_runner.py:222} INFO - ::endgroup::
