[2026-05-12T03:00:11.296+0000] {local_task_job_runner.py:120} INFO - ::group::Pre task execution logs
[2026-05-12T03:00:11.313+0000] {taskinstance.py:2076} INFO - Dependencies all met for dep_context=non-requeueable deps ti=<TaskInstance: flights_ops_medallion_pipe.silver_transform scheduled__2026-05-12T02:30:00+00:00 [queued]>
[2026-05-12T03:00:11.317+0000] {taskinstance.py:2076} INFO - Dependencies all met for dep_context=requeueable deps ti=<TaskInstance: flights_ops_medallion_pipe.silver_transform scheduled__2026-05-12T02:30:00+00:00 [queued]>
[2026-05-12T03:00:11.318+0000] {taskinstance.py:2306} INFO - Starting attempt 1 of 1
[2026-05-12T03:00:11.324+0000] {taskinstance.py:2330} INFO - Executing <Task(PythonOperator): silver_transform> on 2026-05-12 02:30:00+00:00
[2026-05-12T03:00:11.330+0000] {standard_task_runner.py:90} INFO - Running: ['airflow', 'tasks', 'run', '***_ops_medallion_pipe', 'silver_transform', 'scheduled__2026-05-12T02:30:00+00:00', '--job-id', '71', '--raw', '--subdir', 'DAGS_FOLDER/flight-pipeline.py', '--cfg-path', '/tmp/tmpzq4wm3yc']
[2026-05-12T03:00:11.331+0000] {standard_task_runner.py:91} INFO - Job 71: Subtask silver_transform
[2026-05-12T03:00:11.331+0000] {logging_mixin.py:188} WARNING - /home/airflow/.local/lib/python3.12/site-packages/airflow/task/task_runner/standard_task_runner.py:62 DeprecationWarning: This process (pid=2663) is multi-threaded, use of fork() may lead to deadlocks in the child.
[2026-05-12T03:00:11.332+0000] {standard_task_runner.py:64} INFO - Started process 2676 to run task
[2026-05-12T03:00:11.359+0000] {task_command.py:426} INFO - Running <TaskInstance: flights_ops_medallion_pipe.silver_transform scheduled__2026-05-12T02:30:00+00:00 [running]> on host 78d4856cd6c9
[2026-05-12T03:00:11.407+0000] {taskinstance.py:2648} INFO - Exporting env vars: AIRFLOW_CTX_DAG_OWNER='airflow' AIRFLOW_CTX_DAG_ID='***_ops_medallion_pipe' AIRFLOW_CTX_TASK_ID='silver_transform' AIRFLOW_CTX_EXECUTION_DATE='2026-05-12T02:30:00+00:00' AIRFLOW_CTX_TRY_NUMBER='1' AIRFLOW_CTX_DAG_RUN_ID='scheduled__2026-05-12T02:30:00+00:00'
[2026-05-12T03:00:11.408+0000] {taskinstance.py:430} INFO - ::endgroup::
[2026-05-12T03:00:11.445+0000] {logging_mixin.py:188} INFO -       icao24 origin_country  velocity  on_ground
0     a5a8e2  United States     57.00      False
1     c81bd2    New Zealand     60.44      False
2     7c6b2f      Australia     70.60      False
3     a3b87f  United States    202.58      False
4     801643          India    146.83      False
...      ...            ...       ...        ...
6339  a4e5ea  United States     57.93      False
6340  4b1900    Switzerland    255.66      False
6341  a9b04f  United States     62.42      False
6342  a6d83c  United States    227.96      False
6343  e94c88        Bolivia    255.23      False

[6344 rows x 4 columns]
[2026-05-12T03:00:11.461+0000] {logging_mixin.py:188} INFO - check bronze_fileL:  /opt/airflow/data/bronze/flight_20260512030008.json
[2026-05-12T03:00:11.461+0000] {logging_mixin.py:188} INFO - check biến execution date:  20260512
[2026-05-12T03:00:11.462+0000] {python.py:237} INFO - Done. Returned value was: None
[2026-05-12T03:00:11.462+0000] {taskinstance.py:441} INFO - ::group::Post task execution logs
[2026-05-12T03:00:11.468+0000] {taskinstance.py:1206} INFO - Marking task as SUCCESS. dag_id=***_ops_medallion_pipe, task_id=silver_transform, run_id=scheduled__2026-05-12T02:30:00+00:00, execution_date=20260512T023000, start_date=20260512T030011, end_date=20260512T030011
[2026-05-12T03:00:11.504+0000] {local_task_job_runner.py:243} INFO - Task exited with return code 0
[2026-05-12T03:00:11.516+0000] {taskinstance.py:3503} INFO - 1 downstream tasks scheduled from follow-on schedule check
[2026-05-12T03:00:11.517+0000] {local_task_job_runner.py:222} INFO - ::endgroup::
