[2026-05-12T06:53:33.092+0000] {local_task_job_runner.py:120} INFO - ::group::Pre task execution logs
[2026-05-12T06:53:33.112+0000] {taskinstance.py:2076} INFO - Dependencies all met for dep_context=non-requeueable deps ti=<TaskInstance: flights_ops_medallion_pipe.bronze_ingest manual__2026-05-12T06:53:30.645174+00:00 [queued]>
[2026-05-12T06:53:33.117+0000] {taskinstance.py:2076} INFO - Dependencies all met for dep_context=requeueable deps ti=<TaskInstance: flights_ops_medallion_pipe.bronze_ingest manual__2026-05-12T06:53:30.645174+00:00 [queued]>
[2026-05-12T06:53:33.117+0000] {taskinstance.py:2306} INFO - Starting attempt 1 of 1
[2026-05-12T06:53:33.124+0000] {taskinstance.py:2330} INFO - Executing <Task(PythonOperator): bronze_ingest> on 2026-05-12 06:53:30.645174+00:00
[2026-05-12T06:53:33.130+0000] {standard_task_runner.py:90} INFO - Running: ['airflow', 'tasks', 'run', '***_ops_medallion_pipe', 'bronze_ingest', 'manual__2026-05-12T06:53:30.645174+00:00', '--job-id', '135', '--raw', '--subdir', 'DAGS_FOLDER/flight-pipeline.py', '--cfg-path', '/tmp/tmp_fmwjhtk']
[2026-05-12T06:53:33.132+0000] {standard_task_runner.py:91} INFO - Job 135: Subtask bronze_ingest
[2026-05-12T06:53:33.132+0000] {logging_mixin.py:188} WARNING - /home/airflow/.local/lib/python3.12/site-packages/airflow/task/task_runner/standard_task_runner.py:62 DeprecationWarning: This process (pid=4574) is multi-threaded, use of fork() may lead to deadlocks in the child.
[2026-05-12T06:53:33.132+0000] {standard_task_runner.py:64} INFO - Started process 4588 to run task
[2026-05-12T06:53:33.161+0000] {task_command.py:426} INFO - Running <TaskInstance: flights_ops_medallion_pipe.bronze_ingest manual__2026-05-12T06:53:30.645174+00:00 [running]> on host 78d4856cd6c9
[2026-05-12T06:53:33.217+0000] {taskinstance.py:2648} INFO - Exporting env vars: AIRFLOW_CTX_DAG_OWNER='airflow' AIRFLOW_CTX_DAG_ID='***_ops_medallion_pipe' AIRFLOW_CTX_TASK_ID='bronze_ingest' AIRFLOW_CTX_EXECUTION_DATE='2026-05-12T06:53:30.645174+00:00' AIRFLOW_CTX_TRY_NUMBER='1' AIRFLOW_CTX_DAG_RUN_ID='manual__2026-05-12T06:53:30.645174+00:00'
[2026-05-12T06:53:33.217+0000] {taskinstance.py:430} INFO - ::endgroup::
[2026-05-12T06:53:37.361+0000] {logging_mixin.py:188} INFO - 

 xem giá trị timestamp:  20260512065337
[2026-05-12T06:53:37.426+0000] {python.py:237} INFO - Done. Returned value was: None
[2026-05-12T06:53:37.426+0000] {taskinstance.py:441} INFO - ::group::Post task execution logs
[2026-05-12T06:53:37.433+0000] {taskinstance.py:1206} INFO - Marking task as SUCCESS. dag_id=***_ops_medallion_pipe, task_id=bronze_ingest, run_id=manual__2026-05-12T06:53:30.645174+00:00, execution_date=20260512T065330, start_date=20260512T065333, end_date=20260512T065337
[2026-05-12T06:53:37.476+0000] {local_task_job_runner.py:243} INFO - Task exited with return code 0
[2026-05-12T06:53:37.491+0000] {taskinstance.py:3503} INFO - 1 downstream tasks scheduled from follow-on schedule check
[2026-05-12T06:53:37.492+0000] {local_task_job_runner.py:222} INFO - ::endgroup::
