[2026-05-12T01:08:01.414+0000] {local_task_job_runner.py:120} INFO - ::group::Pre task execution logs
[2026-05-12T01:08:01.432+0000] {taskinstance.py:2076} INFO - Dependencies all met for dep_context=non-requeueable deps ti=<TaskInstance: flights_ops_medallion_pipe.silver_transform manual__2026-05-12T01:07:50.195663+00:00 [queued]>
[2026-05-12T01:08:01.436+0000] {taskinstance.py:2076} INFO - Dependencies all met for dep_context=requeueable deps ti=<TaskInstance: flights_ops_medallion_pipe.silver_transform manual__2026-05-12T01:07:50.195663+00:00 [queued]>
[2026-05-12T01:08:01.436+0000] {taskinstance.py:2306} INFO - Starting attempt 1 of 1
[2026-05-12T01:08:01.443+0000] {taskinstance.py:2330} INFO - Executing <Task(PythonOperator): silver_transform> on 2026-05-12 01:07:50.195663+00:00
[2026-05-12T01:08:01.450+0000] {standard_task_runner.py:90} INFO - Running: ['airflow', 'tasks', 'run', '***_ops_medallion_pipe', 'silver_transform', 'manual__2026-05-12T01:07:50.195663+00:00', '--job-id', '57', '--raw', '--subdir', 'DAGS_FOLDER/flight-pipeline.py', '--cfg-path', '/tmp/tmpk_0aj0vz']
[2026-05-12T01:08:01.451+0000] {standard_task_runner.py:91} INFO - Job 57: Subtask silver_transform
[2026-05-12T01:08:01.451+0000] {logging_mixin.py:188} WARNING - /home/airflow/.local/lib/python3.12/site-packages/airflow/task/task_runner/standard_task_runner.py:62 DeprecationWarning: This process (pid=2013) is multi-threaded, use of fork() may lead to deadlocks in the child.
[2026-05-12T01:08:01.452+0000] {standard_task_runner.py:64} INFO - Started process 2026 to run task
[2026-05-12T01:08:01.478+0000] {task_command.py:426} INFO - Running <TaskInstance: flights_ops_medallion_pipe.silver_transform manual__2026-05-12T01:07:50.195663+00:00 [running]> on host 78d4856cd6c9
[2026-05-12T01:08:01.527+0000] {taskinstance.py:2648} INFO - Exporting env vars: AIRFLOW_CTX_DAG_OWNER='airflow' AIRFLOW_CTX_DAG_ID='***_ops_medallion_pipe' AIRFLOW_CTX_TASK_ID='silver_transform' AIRFLOW_CTX_EXECUTION_DATE='2026-05-12T01:07:50.195663+00:00' AIRFLOW_CTX_TRY_NUMBER='1' AIRFLOW_CTX_DAG_RUN_ID='manual__2026-05-12T01:07:50.195663+00:00'
[2026-05-12T01:08:01.527+0000] {taskinstance.py:430} INFO - ::endgroup::
[2026-05-12T01:08:01.576+0000] {logging_mixin.py:188} INFO - check bronze_fileL:  /opt/airflow/data/bronze/flight_20260512010758.json
[2026-05-12T01:08:01.577+0000] {logging_mixin.py:188} INFO - check biến execution date:  20260512
[2026-05-12T01:08:01.579+0000] {python.py:237} INFO - Done. Returned value was: None
[2026-05-12T01:08:01.579+0000] {taskinstance.py:441} INFO - ::group::Post task execution logs
[2026-05-12T01:08:01.586+0000] {taskinstance.py:1206} INFO - Marking task as SUCCESS. dag_id=***_ops_medallion_pipe, task_id=silver_transform, run_id=manual__2026-05-12T01:07:50.195663+00:00, execution_date=20260512T010750, start_date=20260512T010801, end_date=20260512T010801
[2026-05-12T01:08:01.624+0000] {local_task_job_runner.py:243} INFO - Task exited with return code 0
[2026-05-12T01:08:01.635+0000] {taskinstance.py:3503} INFO - 0 downstream tasks scheduled from follow-on schedule check
[2026-05-12T01:08:01.636+0000] {local_task_job_runner.py:222} INFO - ::endgroup::
