[2026-05-12T03:15:36.711+0000] {local_task_job_runner.py:120} INFO - ::group::Pre task execution logs
[2026-05-12T03:15:36.729+0000] {taskinstance.py:2076} INFO - Dependencies all met for dep_context=non-requeueable deps ti=<TaskInstance: flights_ops_medallion_pipe.silver_transform manual__2026-05-12T03:15:26.887316+00:00 [queued]>
[2026-05-12T03:15:36.734+0000] {taskinstance.py:2076} INFO - Dependencies all met for dep_context=requeueable deps ti=<TaskInstance: flights_ops_medallion_pipe.silver_transform manual__2026-05-12T03:15:26.887316+00:00 [queued]>
[2026-05-12T03:15:36.734+0000] {taskinstance.py:2306} INFO - Starting attempt 1 of 1
[2026-05-12T03:15:36.742+0000] {taskinstance.py:2330} INFO - Executing <Task(PythonOperator): silver_transform> on 2026-05-12 03:15:26.887316+00:00
[2026-05-12T03:15:36.747+0000] {standard_task_runner.py:90} INFO - Running: ['airflow', 'tasks', 'run', '***_ops_medallion_pipe', 'silver_transform', 'manual__2026-05-12T03:15:26.887316+00:00', '--job-id', '77', '--raw', '--subdir', 'DAGS_FOLDER/flight-pipeline.py', '--cfg-path', '/tmp/tmpmb7qyqou']
[2026-05-12T03:15:36.749+0000] {standard_task_runner.py:91} INFO - Job 77: Subtask silver_transform
[2026-05-12T03:15:36.749+0000] {logging_mixin.py:188} WARNING - /home/airflow/.local/lib/python3.12/site-packages/airflow/task/task_runner/standard_task_runner.py:62 DeprecationWarning: This process (pid=2807) is multi-threaded, use of fork() may lead to deadlocks in the child.
[2026-05-12T03:15:36.749+0000] {standard_task_runner.py:64} INFO - Started process 2820 to run task
[2026-05-12T03:15:36.777+0000] {task_command.py:426} INFO - Running <TaskInstance: flights_ops_medallion_pipe.silver_transform manual__2026-05-12T03:15:26.887316+00:00 [running]> on host 78d4856cd6c9
[2026-05-12T03:15:36.829+0000] {taskinstance.py:2648} INFO - Exporting env vars: AIRFLOW_CTX_DAG_OWNER='airflow' AIRFLOW_CTX_DAG_ID='***_ops_medallion_pipe' AIRFLOW_CTX_TASK_ID='silver_transform' AIRFLOW_CTX_EXECUTION_DATE='2026-05-12T03:15:26.887316+00:00' AIRFLOW_CTX_TRY_NUMBER='1' AIRFLOW_CTX_DAG_RUN_ID='manual__2026-05-12T03:15:26.887316+00:00'
[2026-05-12T03:15:36.830+0000] {taskinstance.py:430} INFO - ::endgroup::
[2026-05-12T03:15:36.873+0000] {logging_mixin.py:188} INFO -       icao24  origin_country  velocity  on_ground
0     408120  United Kingdom    251.05      False
1     a3b87f   United States    111.64      False
2     8a02ff       Indonesia    222.64      False
3     880454        Thailand    216.19      False
4     880452        Thailand    224.29      False
...      ...             ...       ...        ...
6268  ac90de   United States     53.03      False
6269  4b1900     Switzerland    255.86      False
6270  a9b04f   United States     59.80      False
6271  a6d83c   United States    224.16      False
6272  a3fb5b   United States     78.97      False

[6273 rows x 4 columns]
[2026-05-12T03:15:36.890+0000] {logging_mixin.py:188} INFO - check bronze_fileL:  /opt/airflow/data/bronze/flight_20260512031534.json
[2026-05-12T03:15:36.890+0000] {logging_mixin.py:188} INFO - check biến execution date:  20260512
[2026-05-12T03:15:36.892+0000] {python.py:237} INFO - Done. Returned value was: None
[2026-05-12T03:15:36.892+0000] {taskinstance.py:441} INFO - ::group::Post task execution logs
[2026-05-12T03:15:36.899+0000] {taskinstance.py:1206} INFO - Marking task as SUCCESS. dag_id=***_ops_medallion_pipe, task_id=silver_transform, run_id=manual__2026-05-12T03:15:26.887316+00:00, execution_date=20260512T031526, start_date=20260512T031536, end_date=20260512T031536
[2026-05-12T03:15:36.922+0000] {local_task_job_runner.py:243} INFO - Task exited with return code 0
[2026-05-12T03:15:36.937+0000] {taskinstance.py:3503} INFO - 1 downstream tasks scheduled from follow-on schedule check
[2026-05-12T03:15:36.938+0000] {local_task_job_runner.py:222} INFO - ::endgroup::
