[2026-05-12T03:30:11.564+0000] {local_task_job_runner.py:120} INFO - ::group::Pre task execution logs
[2026-05-12T03:30:11.581+0000] {taskinstance.py:2076} INFO - Dependencies all met for dep_context=non-requeueable deps ti=<TaskInstance: flights_ops_medallion_pipe.gold_aggregate scheduled__2026-05-12T03:00:00+00:00 [queued]>
[2026-05-12T03:30:11.585+0000] {taskinstance.py:2076} INFO - Dependencies all met for dep_context=requeueable deps ti=<TaskInstance: flights_ops_medallion_pipe.gold_aggregate scheduled__2026-05-12T03:00:00+00:00 [queued]>
[2026-05-12T03:30:11.585+0000] {taskinstance.py:2306} INFO - Starting attempt 1 of 1
[2026-05-12T03:30:11.592+0000] {taskinstance.py:2330} INFO - Executing <Task(PythonOperator): gold_aggregate> on 2026-05-12 03:00:00+00:00
[2026-05-12T03:30:11.598+0000] {standard_task_runner.py:90} INFO - Running: ['airflow', 'tasks', 'run', '***_ops_medallion_pipe', 'gold_aggregate', 'scheduled__2026-05-12T03:00:00+00:00', '--job-id', '84', '--raw', '--subdir', 'DAGS_FOLDER/flight-pipeline.py', '--cfg-path', '/tmp/tmpmeflyspk']
[2026-05-12T03:30:11.600+0000] {standard_task_runner.py:91} INFO - Job 84: Subtask gold_aggregate
[2026-05-12T03:30:11.600+0000] {logging_mixin.py:188} WARNING - /home/airflow/.local/lib/python3.12/site-packages/airflow/task/task_runner/standard_task_runner.py:62 DeprecationWarning: This process (pid=2963) is multi-threaded, use of fork() may lead to deadlocks in the child.
[2026-05-12T03:30:11.600+0000] {standard_task_runner.py:64} INFO - Started process 2976 to run task
[2026-05-12T03:30:11.629+0000] {task_command.py:426} INFO - Running <TaskInstance: flights_ops_medallion_pipe.gold_aggregate scheduled__2026-05-12T03:00:00+00:00 [running]> on host 78d4856cd6c9
[2026-05-12T03:30:11.678+0000] {taskinstance.py:2648} INFO - Exporting env vars: AIRFLOW_CTX_DAG_OWNER='airflow' AIRFLOW_CTX_DAG_ID='***_ops_medallion_pipe' AIRFLOW_CTX_TASK_ID='gold_aggregate' AIRFLOW_CTX_EXECUTION_DATE='2026-05-12T03:00:00+00:00' AIRFLOW_CTX_TRY_NUMBER='1' AIRFLOW_CTX_DAG_RUN_ID='scheduled__2026-05-12T03:00:00+00:00'
[2026-05-12T03:30:11.678+0000] {taskinstance.py:430} INFO - ::endgroup::
[2026-05-12T03:30:11.702+0000] {logging_mixin.py:188} INFO -       icao24  origin_country  velocity  on_ground
0     80162c           India     81.80      False
1     408120  United Kingdom    248.38      False
2     7c6b2b       Australia      3.09       True
3     801641           India    123.57      False
4     abd9d9   United States      0.00       True
...      ...             ...       ...        ...
6064  a4359b   United States    240.49      False
6065  abc0e4   United States    202.47      False
6066  4b1900     Switzerland    258.04      False
6067  a6d83c   United States    223.46      False
6068  a3fb5b   United States     40.28      False

[6069 rows x 4 columns]
[2026-05-12T03:30:11.702+0000] {python.py:237} INFO - Done. Returned value was: None
[2026-05-12T03:30:11.702+0000] {taskinstance.py:441} INFO - ::group::Post task execution logs
[2026-05-12T03:30:11.708+0000] {taskinstance.py:1206} INFO - Marking task as SUCCESS. dag_id=***_ops_medallion_pipe, task_id=gold_aggregate, run_id=scheduled__2026-05-12T03:00:00+00:00, execution_date=20260512T030000, start_date=20260512T033011, end_date=20260512T033011
[2026-05-12T03:30:11.733+0000] {local_task_job_runner.py:243} INFO - Task exited with return code 0
[2026-05-12T03:30:11.742+0000] {taskinstance.py:3503} INFO - 0 downstream tasks scheduled from follow-on schedule check
[2026-05-12T03:30:11.743+0000] {local_task_job_runner.py:222} INFO - ::endgroup::
